[0.287s] DEBUG:colcon:Command line arguments: ['/usr/bin/colcon', 'build']
[0.287s] DEBUG:colcon:Parsed command line arguments: Namespace(log_base=None, log_level=None, verb_name='build', build_base='build', install_base='install', merge_install=False, symlink_install=False, test_result_base=None, continue_on_error=False, executor='parallel', parallel_workers=8, event_handlers=None, ignore_user_meta=False, metas=['./colcon.meta'], base_paths=['.'], packages_ignore=None, packages_ignore_regex=None, paths=None, packages_up_to=None, packages_up_to_regex=None, packages_above=None, packages_above_and_dependencies=None, packages_above_depth=None, packages_select_by_dep=None, packages_skip_by_dep=None, packages_skip_up_to=None, packages_select_build_failed=False, packages_skip_build_finished=False, packages_select_test_failures=False, packages_skip_test_passed=False, packages_select=None, packages_skip=None, packages_select_regex=None, packages_skip_regex=None, packages_start=None, packages_end=None, allow_overriding=[], cmake_args=None, cmake_target=None, cmake_target_skip_unavailable=False, cmake_clean_cache=False, cmake_clean_first=False, cmake_force_configure=False, ament_cmake_args=None, catkin_cmake_args=None, catkin_skip_building_tests=False, mixin_files=None, mixin=None, verb_parser=<colcon_mixin.mixin.mixin_argument.MixinArgumentDecorator object at 0x7f60e09eda20>, verb_extension=<colcon_core.verb.build.BuildVerb object at 0x7f60e0b749a0>, main=<bound method BuildVerb.main of <colcon_core.verb.build.BuildVerb object at 0x7f60e0b749a0>>, mixin_verb=('build',))
[0.699s] Level 1:colcon.colcon_core.package_discovery:discover_packages(colcon_meta) check parameters
[0.699s] Level 1:colcon.colcon_core.package_discovery:discover_packages(recursive) check parameters
[0.699s] Level 1:colcon.colcon_core.package_discovery:discover_packages(ignore) check parameters
[0.699s] Level 1:colcon.colcon_core.package_discovery:discover_packages(path) check parameters
[0.699s] Level 1:colcon.colcon_core.package_discovery:discover_packages(colcon_meta) discover
[0.699s] Level 1:colcon.colcon_core.package_discovery:discover_packages(recursive) discover
[0.699s] INFO:colcon.colcon_core.package_discovery:Crawling recursively for packages in '/home/manish/ros2_ws'
[0.699s] Level 1:colcon.colcon_core.package_identification:_identify(.) by extensions ['ignore', 'ignore_ament_install']
[0.699s] Level 1:colcon.colcon_core.package_identification:_identify(.) by extension 'ignore'
[0.700s] Level 1:colcon.colcon_core.package_identification:_identify(.) by extension 'ignore_ament_install'
[0.700s] Level 1:colcon.colcon_core.package_identification:_identify(.) by extensions ['colcon_pkg']
[0.700s] Level 1:colcon.colcon_core.package_identification:_identify(.) by extension 'colcon_pkg'
[0.700s] Level 1:colcon.colcon_core.package_identification:_identify(.) by extensions ['colcon_meta']
[0.700s] Level 1:colcon.colcon_core.package_identification:_identify(.) by extension 'colcon_meta'
[0.700s] Level 1:colcon.colcon_core.package_identification:_identify(.) by extensions ['ros']
[0.700s] Level 1:colcon.colcon_core.package_identification:_identify(.) by extension 'ros'
[0.715s] Level 1:colcon.colcon_core.package_identification:_identify(.) by extensions ['cmake', 'python']
[0.715s] Level 1:colcon.colcon_core.package_identification:_identify(.) by extension 'cmake'
[0.715s] Level 1:colcon.colcon_core.package_identification:_identify(.) by extension 'python'
[0.715s] Level 1:colcon.colcon_core.package_identification:_identify(.) by extensions ['python_setup_py']
[0.715s] Level 1:colcon.colcon_core.package_identification:_identify(.) by extension 'python_setup_py'
[0.716s] Level 1:colcon.colcon_core.package_identification:_identify(build) by extensions ['ignore', 'ignore_ament_install']
[0.716s] Level 1:colcon.colcon_core.package_identification:_identify(build) by extension 'ignore'
[0.716s] Level 1:colcon.colcon_core.package_identification:_identify(build) ignored
[0.717s] Level 1:colcon.colcon_core.package_identification:_identify(install) by extensions ['ignore', 'ignore_ament_install']
[0.717s] Level 1:colcon.colcon_core.package_identification:_identify(install) by extension 'ignore'
[0.717s] Level 1:colcon.colcon_core.package_identification:_identify(install) ignored
[0.717s] Level 1:colcon.colcon_core.package_identification:_identify(log) by extensions ['ignore', 'ignore_ament_install']
[0.717s] Level 1:colcon.colcon_core.package_identification:_identify(log) by extension 'ignore'
[0.717s] Level 1:colcon.colcon_core.package_identification:_identify(log) ignored
[0.718s] Level 1:colcon.colcon_core.package_identification:_identify(src) by extensions ['ignore', 'ignore_ament_install']
[0.718s] Level 1:colcon.colcon_core.package_identification:_identify(src) by extension 'ignore'
[0.718s] Level 1:colcon.colcon_core.package_identification:_identify(src) by extension 'ignore_ament_install'
[0.718s] Level 1:colcon.colcon_core.package_identification:_identify(src) by extensions ['colcon_pkg']
[0.718s] Level 1:colcon.colcon_core.package_identification:_identify(src) by extension 'colcon_pkg'
[0.718s] Level 1:colcon.colcon_core.package_identification:_identify(src) by extensions ['colcon_meta']
[0.718s] Level 1:colcon.colcon_core.package_identification:_identify(src) by extension 'colcon_meta'
[0.718s] Level 1:colcon.colcon_core.package_identification:_identify(src) by extensions ['ros']
[0.718s] Level 1:colcon.colcon_core.package_identification:_identify(src) by extension 'ros'
[0.718s] Level 1:colcon.colcon_core.package_identification:_identify(src) by extensions ['cmake', 'python']
[0.718s] Level 1:colcon.colcon_core.package_identification:_identify(src) by extension 'cmake'
[0.718s] Level 1:colcon.colcon_core.package_identification:_identify(src) by extension 'python'
[0.718s] Level 1:colcon.colcon_core.package_identification:_identify(src) by extensions ['python_setup_py']
[0.718s] Level 1:colcon.colcon_core.package_identification:_identify(src) by extension 'python_setup_py'
[0.719s] Level 1:colcon.colcon_core.package_identification:_identify(src/bi_agent) by extensions ['ignore', 'ignore_ament_install']
[0.719s] Level 1:colcon.colcon_core.package_identification:_identify(src/bi_agent) by extension 'ignore'
[0.719s] Level 1:colcon.colcon_core.package_identification:_identify(src/bi_agent) by extension 'ignore_ament_install'
[0.719s] Level 1:colcon.colcon_core.package_identification:_identify(src/bi_agent) by extensions ['colcon_pkg']
[0.719s] Level 1:colcon.colcon_core.package_identification:_identify(src/bi_agent) by extension 'colcon_pkg'
[0.719s] Level 1:colcon.colcon_core.package_identification:_identify(src/bi_agent) by extensions ['colcon_meta']
[0.719s] Level 1:colcon.colcon_core.package_identification:_identify(src/bi_agent) by extension 'colcon_meta'
[0.719s] Level 1:colcon.colcon_core.package_identification:_identify(src/bi_agent) by extensions ['ros']
[0.719s] Level 1:colcon.colcon_core.package_identification:_identify(src/bi_agent) by extension 'ros'
[0.724s] DEBUG:colcon.colcon_core.package_identification:Package 'src/bi_agent' with type 'ros.catkin' and name 'bi_agent'
[0.724s] Level 1:colcon.colcon_core.package_identification:_identify(src/ci_agent) by extensions ['ignore', 'ignore_ament_install']
[0.724s] Level 1:colcon.colcon_core.package_identification:_identify(src/ci_agent) by extension 'ignore'
[0.724s] Level 1:colcon.colcon_core.package_identification:_identify(src/ci_agent) by extension 'ignore_ament_install'
[0.725s] Level 1:colcon.colcon_core.package_identification:_identify(src/ci_agent) by extensions ['colcon_pkg']
[0.725s] Level 1:colcon.colcon_core.package_identification:_identify(src/ci_agent) by extension 'colcon_pkg'
[0.725s] Level 1:colcon.colcon_core.package_identification:_identify(src/ci_agent) by extensions ['colcon_meta']
[0.725s] Level 1:colcon.colcon_core.package_identification:_identify(src/ci_agent) by extension 'colcon_meta'
[0.725s] Level 1:colcon.colcon_core.package_identification:_identify(src/ci_agent) by extensions ['ros']
[0.725s] Level 1:colcon.colcon_core.package_identification:_identify(src/ci_agent) by extension 'ros'
[0.726s] DEBUG:colcon.colcon_core.package_identification:Package 'src/ci_agent' with type 'ros.catkin' and name 'ci_agent'
[0.726s] Level 1:colcon.colcon_core.package_identification:_identify(src/map_visualization) by extensions ['ignore', 'ignore_ament_install']
[0.727s] Level 1:colcon.colcon_core.package_identification:_identify(src/map_visualization) by extension 'ignore'
[0.727s] Level 1:colcon.colcon_core.package_identification:_identify(src/map_visualization) by extension 'ignore_ament_install'
[0.727s] Level 1:colcon.colcon_core.package_identification:_identify(src/map_visualization) by extensions ['colcon_pkg']
[0.727s] Level 1:colcon.colcon_core.package_identification:_identify(src/map_visualization) by extension 'colcon_pkg'
[0.727s] Level 1:colcon.colcon_core.package_identification:_identify(src/map_visualization) by extensions ['colcon_meta']
[0.727s] Level 1:colcon.colcon_core.package_identification:_identify(src/map_visualization) by extension 'colcon_meta'
[0.727s] Level 1:colcon.colcon_core.package_identification:_identify(src/map_visualization) by extensions ['ros']
[0.727s] Level 1:colcon.colcon_core.package_identification:_identify(src/map_visualization) by extension 'ros'
[0.727s] Level 1:colcon.colcon_core.package_identification:_identify(src/map_visualization) by extensions ['cmake', 'python']
[0.727s] Level 1:colcon.colcon_core.package_identification:_identify(src/map_visualization) by extension 'cmake'
[0.727s] Level 1:colcon.colcon_core.package_identification:_identify(src/map_visualization) by extension 'python'
[0.727s] Level 1:colcon.colcon_core.package_identification:_identify(src/map_visualization) by extensions ['python_setup_py']
[0.727s] Level 1:colcon.colcon_core.package_identification:_identify(src/map_visualization) by extension 'python_setup_py'
[0.728s] Level 1:colcon.colcon_core.package_identification:_identify(src/visitor_agent) by extensions ['ignore', 'ignore_ament_install']
[0.728s] Level 1:colcon.colcon_core.package_identification:_identify(src/visitor_agent) by extension 'ignore'
[0.728s] Level 1:colcon.colcon_core.package_identification:_identify(src/visitor_agent) by extension 'ignore_ament_install'
[0.728s] Level 1:colcon.colcon_core.package_identification:_identify(src/visitor_agent) by extensions ['colcon_pkg']
[0.728s] Level 1:colcon.colcon_core.package_identification:_identify(src/visitor_agent) by extension 'colcon_pkg'
[0.728s] Level 1:colcon.colcon_core.package_identification:_identify(src/visitor_agent) by extensions ['colcon_meta']
[0.728s] Level 1:colcon.colcon_core.package_identification:_identify(src/visitor_agent) by extension 'colcon_meta'
[0.728s] Level 1:colcon.colcon_core.package_identification:_identify(src/visitor_agent) by extensions ['ros']
[0.728s] Level 1:colcon.colcon_core.package_identification:_identify(src/visitor_agent) by extension 'ros'
[0.729s] DEBUG:colcon.colcon_core.package_identification:Package 'src/visitor_agent' with type 'ros.catkin' and name 'visitor_agent'
[0.729s] Level 1:colcon.colcon_core.package_discovery:discover_packages(recursive) using defaults
[0.729s] Level 1:colcon.colcon_core.package_discovery:discover_packages(ignore) discover
[0.729s] Level 1:colcon.colcon_core.package_discovery:discover_packages(ignore) using defaults
[0.729s] Level 1:colcon.colcon_core.package_discovery:discover_packages(path) discover
[0.729s] Level 1:colcon.colcon_core.package_discovery:discover_packages(path) using defaults
[0.764s] Level 1:colcon.colcon_core.package_discovery:discover_packages(prefix_path) check parameters
[0.764s] Level 1:colcon.colcon_core.package_discovery:discover_packages(prefix_path) discover
[0.770s] DEBUG:colcon.colcon_installed_package_information.package_discovery:Found 3 installed packages in /home/manish/ros2_ws/install
[0.772s] DEBUG:colcon.colcon_installed_package_information.package_discovery:Found 270 installed packages in /opt/ros/humble
[0.781s] Level 1:colcon.colcon_core.package_discovery:discover_packages(prefix_path) using defaults
[0.881s] Level 5:colcon.colcon_core.verb:set package 'bi_agent' build argument 'cmake_args' from command line to 'None'
[0.881s] Level 5:colcon.colcon_core.verb:set package 'bi_agent' build argument 'cmake_target' from command line to 'None'
[0.881s] Level 5:colcon.colcon_core.verb:set package 'bi_agent' build argument 'cmake_target_skip_unavailable' from command line to 'False'
[0.881s] Level 5:colcon.colcon_core.verb:set package 'bi_agent' build argument 'cmake_clean_cache' from command line to 'False'
[0.881s] Level 5:colcon.colcon_core.verb:set package 'bi_agent' build argument 'cmake_clean_first' from command line to 'False'
[0.882s] Level 5:colcon.colcon_core.verb:set package 'bi_agent' build argument 'cmake_force_configure' from command line to 'False'
[0.882s] Level 5:colcon.colcon_core.verb:set package 'bi_agent' build argument 'ament_cmake_args' from command line to 'None'
[0.882s] Level 5:colcon.colcon_core.verb:set package 'bi_agent' build argument 'catkin_cmake_args' from command line to 'None'
[0.882s] Level 5:colcon.colcon_core.verb:set package 'bi_agent' build argument 'catkin_skip_building_tests' from command line to 'False'
[0.882s] DEBUG:colcon.colcon_core.verb:Building package 'bi_agent' with the following arguments: {'ament_cmake_args': None, 'build_base': '/home/manish/ros2_ws/build/bi_agent', 'catkin_cmake_args': None, 'catkin_skip_building_tests': False, 'cmake_args': None, 'cmake_clean_cache': False, 'cmake_clean_first': False, 'cmake_force_configure': False, 'cmake_target': None, 'cmake_target_skip_unavailable': False, 'install_base': '/home/manish/ros2_ws/install/bi_agent', 'merge_install': False, 'path': '/home/manish/ros2_ws/src/bi_agent', 'symlink_install': False, 'test_result_base': None}
[0.882s] Level 5:colcon.colcon_core.verb:set package 'ci_agent' build argument 'cmake_args' from command line to 'None'
[0.882s] Level 5:colcon.colcon_core.verb:set package 'ci_agent' build argument 'cmake_target' from command line to 'None'
[0.882s] Level 5:colcon.colcon_core.verb:set package 'ci_agent' build argument 'cmake_target_skip_unavailable' from command line to 'False'
[0.882s] Level 5:colcon.colcon_core.verb:set package 'ci_agent' build argument 'cmake_clean_cache' from command line to 'False'
[0.883s] Level 5:colcon.colcon_core.verb:set package 'ci_agent' build argument 'cmake_clean_first' from command line to 'False'
[0.883s] Level 5:colcon.colcon_core.verb:set package 'ci_agent' build argument 'cmake_force_configure' from command line to 'False'
[0.883s] Level 5:colcon.colcon_core.verb:set package 'ci_agent' build argument 'ament_cmake_args' from command line to 'None'
[0.883s] Level 5:colcon.colcon_core.verb:set package 'ci_agent' build argument 'catkin_cmake_args' from command line to 'None'
[0.883s] Level 5:colcon.colcon_core.verb:set package 'ci_agent' build argument 'catkin_skip_building_tests' from command line to 'False'
[0.883s] DEBUG:colcon.colcon_core.verb:Building package 'ci_agent' with the following arguments: {'ament_cmake_args': None, 'build_base': '/home/manish/ros2_ws/build/ci_agent', 'catkin_cmake_args': None, 'catkin_skip_building_tests': False, 'cmake_args': None, 'cmake_clean_cache': False, 'cmake_clean_first': False, 'cmake_force_configure': False, 'cmake_target': None, 'cmake_target_skip_unavailable': False, 'install_base': '/home/manish/ros2_ws/install/ci_agent', 'merge_install': False, 'path': '/home/manish/ros2_ws/src/ci_agent', 'symlink_install': False, 'test_result_base': None}
[0.883s] Level 5:colcon.colcon_core.verb:set package 'visitor_agent' build argument 'cmake_args' from command line to 'None'
[0.883s] Level 5:colcon.colcon_core.verb:set package 'visitor_agent' build argument 'cmake_target' from command line to 'None'
[0.883s] Level 5:colcon.colcon_core.verb:set package 'visitor_agent' build argument 'cmake_target_skip_unavailable' from command line to 'False'
[0.883s] Level 5:colcon.colcon_core.verb:set package 'visitor_agent' build argument 'cmake_clean_cache' from command line to 'False'
[0.884s] Level 5:colcon.colcon_core.verb:set package 'visitor_agent' build argument 'cmake_clean_first' from command line to 'False'
[0.884s] Level 5:colcon.colcon_core.verb:set package 'visitor_agent' build argument 'cmake_force_configure' from command line to 'False'
[0.884s] Level 5:colcon.colcon_core.verb:set package 'visitor_agent' build argument 'ament_cmake_args' from command line to 'None'
[0.884s] Level 5:colcon.colcon_core.verb:set package 'visitor_agent' build argument 'catkin_cmake_args' from command line to 'None'
[0.884s] Level 5:colcon.colcon_core.verb:set package 'visitor_agent' build argument 'catkin_skip_building_tests' from command line to 'False'
[0.884s] DEBUG:colcon.colcon_core.verb:Building package 'visitor_agent' with the following arguments: {'ament_cmake_args': None, 'build_base': '/home/manish/ros2_ws/build/visitor_agent', 'catkin_cmake_args': None, 'catkin_skip_building_tests': False, 'cmake_args': None, 'cmake_clean_cache': False, 'cmake_clean_first': False, 'cmake_force_configure': False, 'cmake_target': None, 'cmake_target_skip_unavailable': False, 'install_base': '/home/manish/ros2_ws/install/visitor_agent', 'merge_install': False, 'path': '/home/manish/ros2_ws/src/visitor_agent', 'symlink_install': False, 'test_result_base': None}
[0.884s] INFO:colcon.colcon_core.executor:Executing jobs using 'parallel' executor
[0.885s] DEBUG:colcon.colcon_parallel_executor.executor.parallel:run_until_complete
[0.885s] INFO:colcon.colcon_ros.task.catkin.build:Building ROS package in '/home/manish/ros2_ws/src/bi_agent' with build type 'catkin'
[0.886s] INFO:colcon.colcon_cmake.task.cmake.build:Building CMake package in '/home/manish/ros2_ws/src/bi_agent'
[0.894s] INFO:colcon.colcon_core.plugin_system:Skipping extension 'colcon_core.shell.bat': Not used on non-Windows systems
[0.894s] INFO:colcon.colcon_core.shell:Skip shell extension 'powershell' for command environment: Not usable outside of PowerShell
[0.894s] DEBUG:colcon.colcon_core.shell:Skip shell extension 'dsv' for command environment
[0.898s] INFO:colcon.colcon_ros.task.catkin.build:Building ROS package in '/home/manish/ros2_ws/src/ci_agent' with build type 'catkin'
[0.899s] INFO:colcon.colcon_cmake.task.cmake.build:Building CMake package in '/home/manish/ros2_ws/src/ci_agent'
[0.900s] INFO:colcon.colcon_core.shell:Skip shell extension 'powershell' for command environment: Not usable outside of PowerShell
[0.900s] DEBUG:colcon.colcon_core.shell:Skip shell extension 'dsv' for command environment
[0.905s] INFO:colcon.colcon_ros.task.catkin.build:Building ROS package in '/home/manish/ros2_ws/src/visitor_agent' with build type 'catkin'
[0.905s] INFO:colcon.colcon_cmake.task.cmake.build:Building CMake package in '/home/manish/ros2_ws/src/visitor_agent'
[0.906s] INFO:colcon.colcon_core.shell:Skip shell extension 'powershell' for command environment: Not usable outside of PowerShell
[0.906s] DEBUG:colcon.colcon_core.shell:Skip shell extension 'dsv' for command environment
[0.918s] DEBUG:colcon.colcon_core.event_handler.log_command:Invoking command in '/home/manish/ros2_ws/build/bi_agent': CONDA_PROMPT_MODIFIER=(auto) /usr/bin/cmake /home/manish/ros2_ws/src/bi_agent -DCATKIN_INSTALL_INTO_PREFIX_ROOT=0 -DCMAKE_INSTALL_PREFIX=/home/manish/ros2_ws/install/bi_agent
[0.926s] DEBUG:colcon.colcon_core.event_handler.log_command:Invoking command in '/home/manish/ros2_ws/build/ci_agent': CONDA_PROMPT_MODIFIER=(auto) /usr/bin/cmake /home/manish/ros2_ws/src/ci_agent -DCATKIN_INSTALL_INTO_PREFIX_ROOT=0 -DCMAKE_INSTALL_PREFIX=/home/manish/ros2_ws/install/ci_agent
[0.932s] DEBUG:colcon.colcon_core.event_handler.log_command:Invoking command in '/home/manish/ros2_ws/build/visitor_agent': CONDA_PROMPT_MODIFIER=(auto) /usr/bin/cmake /home/manish/ros2_ws/src/visitor_agent -DCATKIN_INSTALL_INTO_PREFIX_ROOT=0 -DCMAKE_INSTALL_PREFIX=/home/manish/ros2_ws/install/visitor_agent
[4.805s] DEBUG:colcon.colcon_core.event_handler.log_command:Invoked command in '/home/manish/ros2_ws/build/visitor_agent' returned '0': CONDA_PROMPT_MODIFIER=(auto) /usr/bin/cmake /home/manish/ros2_ws/src/visitor_agent -DCATKIN_INSTALL_INTO_PREFIX_ROOT=0 -DCMAKE_INSTALL_PREFIX=/home/manish/ros2_ws/install/visitor_agent
[4.808s] DEBUG:colcon.colcon_core.event_handler.log_command:Invoking command in '/home/manish/ros2_ws/build/visitor_agent': CONDA_PROMPT_MODIFIER=(auto) /usr/bin/cmake --build /home/manish/ros2_ws/build/visitor_agent -- -j8 -l8
[4.845s] DEBUG:colcon.colcon_core.event_handler.log_command:Invoked command in '/home/manish/ros2_ws/build/visitor_agent' returned '0': CONDA_PROMPT_MODIFIER=(auto) /usr/bin/cmake --build /home/manish/ros2_ws/build/visitor_agent -- -j8 -l8
[4.899s] DEBUG:colcon.colcon_core.event_handler.log_command:Invoking command in '/home/manish/ros2_ws/build/visitor_agent': CONDA_PROMPT_MODIFIER=(auto) /usr/bin/cmake --install /home/manish/ros2_ws/build/visitor_agent
[4.911s] DEBUG:colcon.colcon_core.event_handler.log_command:Invoked command in '/home/manish/ros2_ws/build/visitor_agent' returned '0': CONDA_PROMPT_MODIFIER=(auto) /usr/bin/cmake --install /home/manish/ros2_ws/build/visitor_agent
[4.930s] Level 1:colcon.colcon_core.shell:create_environment_hook('visitor_agent', 'ros_package_path')
[4.931s] INFO:colcon.colcon_core.shell:Creating environment hook '/home/manish/ros2_ws/install/visitor_agent/share/visitor_agent/hook/ros_package_path.ps1'
[4.932s] INFO:colcon.colcon_core.shell:Creating environment descriptor '/home/manish/ros2_ws/install/visitor_agent/share/visitor_agent/hook/ros_package_path.dsv'
[4.933s] INFO:colcon.colcon_core.shell:Creating environment hook '/home/manish/ros2_ws/install/visitor_agent/share/visitor_agent/hook/ros_package_path.sh'
[4.934s] Level 1:colcon.colcon_core.shell:create_environment_hook('visitor_agent', 'pkg_config_path')
[4.935s] INFO:colcon.colcon_core.shell:Creating environment hook '/home/manish/ros2_ws/install/visitor_agent/share/visitor_agent/hook/pkg_config_path.ps1'
[4.935s] INFO:colcon.colcon_core.shell:Creating environment descriptor '/home/manish/ros2_ws/install/visitor_agent/share/visitor_agent/hook/pkg_config_path.dsv'
[4.936s] INFO:colcon.colcon_core.shell:Creating environment hook '/home/manish/ros2_ws/install/visitor_agent/share/visitor_agent/hook/pkg_config_path.sh'
[4.941s] Level 1:colcon.colcon_core.shell:create_environment_hook('visitor_agent', 'pkg_config_path_multiarch')
[4.941s] INFO:colcon.colcon_core.shell:Creating environment hook '/home/manish/ros2_ws/install/visitor_agent/share/visitor_agent/hook/pkg_config_path_multiarch.ps1'
[4.942s] INFO:colcon.colcon_core.shell:Creating environment descriptor '/home/manish/ros2_ws/install/visitor_agent/share/visitor_agent/hook/pkg_config_path_multiarch.dsv'
[4.942s] INFO:colcon.colcon_core.shell:Creating environment hook '/home/manish/ros2_ws/install/visitor_agent/share/visitor_agent/hook/pkg_config_path_multiarch.sh'
[4.944s] Level 1:colcon.colcon_core.environment:create_environment_scripts_only(visitor_agent)
[4.950s] Level 1:colcon.colcon_core.environment:checking '/home/manish/ros2_ws/install/visitor_agent' for CMake module files
[4.951s] Level 1:colcon.colcon_core.environment:checking '/home/manish/ros2_ws/install/visitor_agent' for CMake config files
[4.952s] Level 1:colcon.colcon_core.shell:create_environment_hook('visitor_agent', 'cmake_prefix_path')
[4.952s] INFO:colcon.colcon_core.shell:Creating environment hook '/home/manish/ros2_ws/install/visitor_agent/share/visitor_agent/hook/cmake_prefix_path.ps1'
[4.953s] INFO:colcon.colcon_core.shell:Creating environment descriptor '/home/manish/ros2_ws/install/visitor_agent/share/visitor_agent/hook/cmake_prefix_path.dsv'
[4.953s] INFO:colcon.colcon_core.shell:Creating environment hook '/home/manish/ros2_ws/install/visitor_agent/share/visitor_agent/hook/cmake_prefix_path.sh'
[4.954s] Level 1:colcon.colcon_core.environment:checking '/home/manish/ros2_ws/install/visitor_agent/lib'
[4.955s] Level 1:colcon.colcon_core.environment:checking '/home/manish/ros2_ws/install/visitor_agent/bin'
[4.955s] Level 1:colcon.colcon_core.environment:checking '/home/manish/ros2_ws/install/visitor_agent/lib/pkgconfig/visitor_agent.pc'
[4.955s] Level 1:colcon.colcon_core.environment:checking '/home/manish/ros2_ws/install/visitor_agent/lib/python3.10/site-packages'
[4.955s] Level 1:colcon.colcon_core.environment:checking '/home/manish/ros2_ws/install/visitor_agent/bin'
[4.956s] INFO:colcon.colcon_core.shell:Creating package script '/home/manish/ros2_ws/install/visitor_agent/share/visitor_agent/package.ps1'
[4.957s] INFO:colcon.colcon_core.shell:Creating package descriptor '/home/manish/ros2_ws/install/visitor_agent/share/visitor_agent/package.dsv'
[4.959s] INFO:colcon.colcon_core.shell:Creating package script '/home/manish/ros2_ws/install/visitor_agent/share/visitor_agent/package.sh'
[4.960s] INFO:colcon.colcon_core.shell:Creating package script '/home/manish/ros2_ws/install/visitor_agent/share/visitor_agent/package.bash'
[4.961s] INFO:colcon.colcon_core.shell:Creating package script '/home/manish/ros2_ws/install/visitor_agent/share/visitor_agent/package.zsh'
[4.962s] Level 1:colcon.colcon_core.environment:create_file_with_runtime_dependencies(/home/manish/ros2_ws/install/visitor_agent/share/colcon-core/packages/visitor_agent)
[5.589s] DEBUG:colcon.colcon_core.event_handler.log_command:Invoked command in '/home/manish/ros2_ws/build/bi_agent' returned '0': CONDA_PROMPT_MODIFIER=(auto) /usr/bin/cmake /home/manish/ros2_ws/src/bi_agent -DCATKIN_INSTALL_INTO_PREFIX_ROOT=0 -DCMAKE_INSTALL_PREFIX=/home/manish/ros2_ws/install/bi_agent
[5.590s] DEBUG:colcon.colcon_core.event_handler.log_command:Invoking command in '/home/manish/ros2_ws/build/bi_agent': CONDA_PROMPT_MODIFIER=(auto) /usr/bin/cmake --build /home/manish/ros2_ws/build/bi_agent -- -j8 -l8
[5.625s] DEBUG:colcon.colcon_core.event_handler.log_command:Invoked command in '/home/manish/ros2_ws/build/bi_agent' returned '0': CONDA_PROMPT_MODIFIER=(auto) /usr/bin/cmake --build /home/manish/ros2_ws/build/bi_agent -- -j8 -l8
[5.661s] DEBUG:colcon.colcon_core.event_handler.log_command:Invoking command in '/home/manish/ros2_ws/build/bi_agent': CONDA_PROMPT_MODIFIER=(auto) /usr/bin/cmake --install /home/manish/ros2_ws/build/bi_agent
[5.673s] DEBUG:colcon.colcon_core.event_handler.log_command:Invoked command in '/home/manish/ros2_ws/build/bi_agent' returned '0': CONDA_PROMPT_MODIFIER=(auto) /usr/bin/cmake --install /home/manish/ros2_ws/build/bi_agent
[5.691s] Level 1:colcon.colcon_core.shell:create_environment_hook('bi_agent', 'ros_package_path')
[5.691s] INFO:colcon.colcon_core.shell:Creating environment hook '/home/manish/ros2_ws/install/bi_agent/share/bi_agent/hook/ros_package_path.ps1'
[5.692s] INFO:colcon.colcon_core.shell:Creating environment descriptor '/home/manish/ros2_ws/install/bi_agent/share/bi_agent/hook/ros_package_path.dsv'
[5.692s] INFO:colcon.colcon_core.shell:Creating environment hook '/home/manish/ros2_ws/install/bi_agent/share/bi_agent/hook/ros_package_path.sh'
[5.693s] Level 1:colcon.colcon_core.shell:create_environment_hook('bi_agent', 'pkg_config_path')
[5.693s] INFO:colcon.colcon_core.shell:Creating environment hook '/home/manish/ros2_ws/install/bi_agent/share/bi_agent/hook/pkg_config_path.ps1'
[5.693s] INFO:colcon.colcon_core.shell:Creating environment descriptor '/home/manish/ros2_ws/install/bi_agent/share/bi_agent/hook/pkg_config_path.dsv'
[5.694s] INFO:colcon.colcon_core.shell:Creating environment hook '/home/manish/ros2_ws/install/bi_agent/share/bi_agent/hook/pkg_config_path.sh'
[5.695s] Level 1:colcon.colcon_core.shell:create_environment_hook('bi_agent', 'pkg_config_path_multiarch')
[5.695s] INFO:colcon.colcon_core.shell:Creating environment hook '/home/manish/ros2_ws/install/bi_agent/share/bi_agent/hook/pkg_config_path_multiarch.ps1'
[5.695s] INFO:colcon.colcon_core.shell:Creating environment descriptor '/home/manish/ros2_ws/install/bi_agent/share/bi_agent/hook/pkg_config_path_multiarch.dsv'
[5.696s] INFO:colcon.colcon_core.shell:Creating environment hook '/home/manish/ros2_ws/install/bi_agent/share/bi_agent/hook/pkg_config_path_multiarch.sh'
[5.697s] Level 1:colcon.colcon_core.environment:create_environment_scripts_only(bi_agent)
[5.697s] Level 1:colcon.colcon_core.environment:checking '/home/manish/ros2_ws/install/bi_agent' for CMake module files
[5.698s] Level 1:colcon.colcon_core.environment:checking '/home/manish/ros2_ws/install/bi_agent' for CMake config files
[5.699s] Level 1:colcon.colcon_core.shell:create_environment_hook('bi_agent', 'cmake_prefix_path')
[5.699s] INFO:colcon.colcon_core.shell:Creating environment hook '/home/manish/ros2_ws/install/bi_agent/share/bi_agent/hook/cmake_prefix_path.ps1'
[5.700s] INFO:colcon.colcon_core.shell:Creating environment descriptor '/home/manish/ros2_ws/install/bi_agent/share/bi_agent/hook/cmake_prefix_path.dsv'
[5.700s] INFO:colcon.colcon_core.shell:Creating environment hook '/home/manish/ros2_ws/install/bi_agent/share/bi_agent/hook/cmake_prefix_path.sh'
[5.701s] Level 1:colcon.colcon_core.environment:checking '/home/manish/ros2_ws/install/bi_agent/lib'
[5.701s] Level 1:colcon.colcon_core.environment:checking '/home/manish/ros2_ws/install/bi_agent/bin'
[5.701s] Level 1:colcon.colcon_core.environment:checking '/home/manish/ros2_ws/install/bi_agent/lib/pkgconfig/bi_agent.pc'
[5.701s] Level 1:colcon.colcon_core.environment:checking '/home/manish/ros2_ws/install/bi_agent/lib/python3.10/site-packages'
[5.701s] Level 1:colcon.colcon_core.environment:checking '/home/manish/ros2_ws/install/bi_agent/bin'
[5.702s] INFO:colcon.colcon_core.shell:Creating package script '/home/manish/ros2_ws/install/bi_agent/share/bi_agent/package.ps1'
[5.703s] INFO:colcon.colcon_core.shell:Creating package descriptor '/home/manish/ros2_ws/install/bi_agent/share/bi_agent/package.dsv'
[5.704s] INFO:colcon.colcon_core.shell:Creating package script '/home/manish/ros2_ws/install/bi_agent/share/bi_agent/package.sh'
[5.705s] INFO:colcon.colcon_core.shell:Creating package script '/home/manish/ros2_ws/install/bi_agent/share/bi_agent/package.bash'
[5.705s] INFO:colcon.colcon_core.shell:Creating package script '/home/manish/ros2_ws/install/bi_agent/share/bi_agent/package.zsh'
[5.706s] Level 1:colcon.colcon_core.environment:create_file_with_runtime_dependencies(/home/manish/ros2_ws/install/bi_agent/share/colcon-core/packages/bi_agent)
[6.223s] DEBUG:colcon.colcon_core.event_handler.log_command:Invoked command in '/home/manish/ros2_ws/build/ci_agent' returned '0': CONDA_PROMPT_MODIFIER=(auto) /usr/bin/cmake /home/manish/ros2_ws/src/ci_agent -DCATKIN_INSTALL_INTO_PREFIX_ROOT=0 -DCMAKE_INSTALL_PREFIX=/home/manish/ros2_ws/install/ci_agent
[6.224s] DEBUG:colcon.colcon_core.event_handler.log_command:Invoking command in '/home/manish/ros2_ws/build/ci_agent': CONDA_PROMPT_MODIFIER=(auto) /usr/bin/cmake --build /home/manish/ros2_ws/build/ci_agent -- -j8 -l8
[6.251s] DEBUG:colcon.colcon_core.event_handler.log_command:Invoked command in '/home/manish/ros2_ws/build/ci_agent' returned '0': CONDA_PROMPT_MODIFIER=(auto) /usr/bin/cmake --build /home/manish/ros2_ws/build/ci_agent -- -j8 -l8
[6.286s] DEBUG:colcon.colcon_core.event_handler.log_command:Invoking command in '/home/manish/ros2_ws/build/ci_agent': CONDA_PROMPT_MODIFIER=(auto) /usr/bin/cmake --install /home/manish/ros2_ws/build/ci_agent
[6.295s] DEBUG:colcon.colcon_core.event_handler.log_command:Invoked command in '/home/manish/ros2_ws/build/ci_agent' returned '0': CONDA_PROMPT_MODIFIER=(auto) /usr/bin/cmake --install /home/manish/ros2_ws/build/ci_agent
[6.311s] Level 1:colcon.colcon_core.shell:create_environment_hook('ci_agent', 'ros_package_path')
[6.312s] INFO:colcon.colcon_core.shell:Creating environment hook '/home/manish/ros2_ws/install/ci_agent/share/ci_agent/hook/ros_package_path.ps1'
[6.312s] INFO:colcon.colcon_core.shell:Creating environment descriptor '/home/manish/ros2_ws/install/ci_agent/share/ci_agent/hook/ros_package_path.dsv'
[6.313s] INFO:colcon.colcon_core.shell:Creating environment hook '/home/manish/ros2_ws/install/ci_agent/share/ci_agent/hook/ros_package_path.sh'
[6.313s] Level 1:colcon.colcon_core.shell:create_environment_hook('ci_agent', 'pkg_config_path')
[6.314s] INFO:colcon.colcon_core.shell:Creating environment hook '/home/manish/ros2_ws/install/ci_agent/share/ci_agent/hook/pkg_config_path.ps1'
[6.314s] INFO:colcon.colcon_core.shell:Creating environment descriptor '/home/manish/ros2_ws/install/ci_agent/share/ci_agent/hook/pkg_config_path.dsv'
[6.314s] INFO:colcon.colcon_core.shell:Creating environment hook '/home/manish/ros2_ws/install/ci_agent/share/ci_agent/hook/pkg_config_path.sh'
[6.315s] Level 1:colcon.colcon_core.shell:create_environment_hook('ci_agent', 'pkg_config_path_multiarch')
[6.315s] INFO:colcon.colcon_core.shell:Creating environment hook '/home/manish/ros2_ws/install/ci_agent/share/ci_agent/hook/pkg_config_path_multiarch.ps1'
[6.316s] INFO:colcon.colcon_core.shell:Creating environment descriptor '/home/manish/ros2_ws/install/ci_agent/share/ci_agent/hook/pkg_config_path_multiarch.dsv'
[6.316s] INFO:colcon.colcon_core.shell:Creating environment hook '/home/manish/ros2_ws/install/ci_agent/share/ci_agent/hook/pkg_config_path_multiarch.sh'
[6.317s] Level 1:colcon.colcon_core.environment:create_environment_scripts_only(ci_agent)
[6.317s] Level 1:colcon.colcon_core.environment:checking '/home/manish/ros2_ws/install/ci_agent' for CMake module files
[6.318s] Level 1:colcon.colcon_core.environment:checking '/home/manish/ros2_ws/install/ci_agent' for CMake config files
[6.319s] Level 1:colcon.colcon_core.shell:create_environment_hook('ci_agent', 'cmake_prefix_path')
[6.319s] INFO:colcon.colcon_core.shell:Creating environment hook '/home/manish/ros2_ws/install/ci_agent/share/ci_agent/hook/cmake_prefix_path.ps1'
[6.320s] INFO:colcon.colcon_core.shell:Creating environment descriptor '/home/manish/ros2_ws/install/ci_agent/share/ci_agent/hook/cmake_prefix_path.dsv'
[6.320s] INFO:colcon.colcon_core.shell:Creating environment hook '/home/manish/ros2_ws/install/ci_agent/share/ci_agent/hook/cmake_prefix_path.sh'
[6.321s] Level 1:colcon.colcon_core.environment:checking '/home/manish/ros2_ws/install/ci_agent/lib'
[6.321s] Level 1:colcon.colcon_core.environment:checking '/home/manish/ros2_ws/install/ci_agent/bin'
[6.321s] Level 1:colcon.colcon_core.environment:checking '/home/manish/ros2_ws/install/ci_agent/lib/pkgconfig/ci_agent.pc'
[6.321s] Level 1:colcon.colcon_core.environment:checking '/home/manish/ros2_ws/install/ci_agent/lib/python3.10/site-packages'
[6.321s] Level 1:colcon.colcon_core.environment:checking '/home/manish/ros2_ws/install/ci_agent/bin'
[6.322s] INFO:colcon.colcon_core.shell:Creating package script '/home/manish/ros2_ws/install/ci_agent/share/ci_agent/package.ps1'
[6.322s] INFO:colcon.colcon_core.shell:Creating package descriptor '/home/manish/ros2_ws/install/ci_agent/share/ci_agent/package.dsv'
[6.323s] INFO:colcon.colcon_core.shell:Creating package script '/home/manish/ros2_ws/install/ci_agent/share/ci_agent/package.sh'
[6.323s] INFO:colcon.colcon_core.shell:Creating package script '/home/manish/ros2_ws/install/ci_agent/share/ci_agent/package.bash'
[6.324s] INFO:colcon.colcon_core.shell:Creating package script '/home/manish/ros2_ws/install/ci_agent/share/ci_agent/package.zsh'
[6.324s] Level 1:colcon.colcon_core.environment:create_file_with_runtime_dependencies(/home/manish/ros2_ws/install/ci_agent/share/colcon-core/packages/ci_agent)
[6.325s] DEBUG:colcon.colcon_parallel_executor.executor.parallel:closing loop
[6.325s] DEBUG:colcon.colcon_parallel_executor.executor.parallel:loop closed
[6.326s] DEBUG:colcon.colcon_parallel_executor.executor.parallel:run_until_complete finished with '0'
[6.326s] DEBUG:colcon.colcon_core.event_reactor:joining thread
[6.391s] INFO:colcon.colcon_core.plugin_system:Skipping extension 'colcon_notification.desktop_notification.notify_send': Could not find 'notify-send'
[6.391s] INFO:colcon.colcon_core.plugin_system:Skipping extension 'colcon_notification.desktop_notification.terminal_notifier': Not used on non-Darwin systems
[6.391s] INFO:colcon.colcon_core.plugin_system:Skipping extension 'colcon_notification.desktop_notification.win32': Not used on non-Windows systems
[6.391s] INFO:colcon.colcon_notification.desktop_notification:Sending desktop notification using 'notify2'
[6.391s] DEBUG:colcon.colcon_notification.desktop_notification.notify2:Failed to initialize notify2: org.freedesktop.DBus.Error.FileNotFound: Failed to connect to socket /run/user/1000/bus: No such file or directory
[6.391s] DEBUG:colcon.colcon_core.event_reactor:joined thread
[6.392s] INFO:colcon.colcon_core.shell:Creating prefix script '/home/manish/ros2_ws/install/local_setup.ps1'
[6.393s] INFO:colcon.colcon_core.shell:Creating prefix util module '/home/manish/ros2_ws/install/_local_setup_util_ps1.py'
[6.395s] INFO:colcon.colcon_core.shell:Creating prefix chain script '/home/manish/ros2_ws/install/setup.ps1'
[6.396s] INFO:colcon.colcon_core.shell:Creating prefix script '/home/manish/ros2_ws/install/local_setup.sh'
[6.397s] INFO:colcon.colcon_core.shell:Creating prefix util module '/home/manish/ros2_ws/install/_local_setup_util_sh.py'
[6.398s] INFO:colcon.colcon_core.shell:Creating prefix chain script '/home/manish/ros2_ws/install/setup.sh'
[6.399s] INFO:colcon.colcon_core.shell:Creating prefix script '/home/manish/ros2_ws/install/local_setup.bash'
[6.400s] INFO:colcon.colcon_core.shell:Creating prefix chain script '/home/manish/ros2_ws/install/setup.bash'
[6.401s] INFO:colcon.colcon_core.shell:Creating prefix script '/home/manish/ros2_ws/install/local_setup.zsh'
[6.402s] INFO:colcon.colcon_core.shell:Creating prefix chain script '/home/manish/ros2_ws/install/setup.zsh'
