[0.302s] DEBUG:colcon:Command line arguments: ['/usr/bin/colcon', 'build', '--packages-select', 'bi_agent', 'ci_agent', 'visitor_agent', '--symlink-install', '--event-handlers', 'console_direct+']
[0.302s] DEBUG:colcon:Parsed command line arguments: Namespace(log_base=None, log_level=None, verb_name='build', build_base='build', install_base='install', merge_install=False, symlink_install=True, test_result_base=None, continue_on_error=False, executor='parallel', parallel_workers=8, event_handlers=['console_direct+'], ignore_user_meta=False, metas=['./colcon.meta'], base_paths=['.'], packages_ignore=None, packages_ignore_regex=None, paths=None, packages_up_to=None, packages_up_to_regex=None, packages_above=None, packages_above_and_dependencies=None, packages_above_depth=None, packages_select_by_dep=None, packages_skip_by_dep=None, packages_skip_up_to=None, packages_select_build_failed=False, packages_skip_build_finished=False, packages_select_test_failures=False, packages_skip_test_passed=False, packages_select=['bi_agent', 'ci_agent', 'visitor_agent'], packages_skip=None, packages_select_regex=None, packages_skip_regex=None, packages_start=None, packages_end=None, allow_overriding=[], cmake_args=None, cmake_target=None, cmake_target_skip_unavailable=False, cmake_clean_cache=False, cmake_clean_first=False, cmake_force_configure=False, ament_cmake_args=None, catkin_cmake_args=None, catkin_skip_building_tests=False, mixin_files=None, mixin=None, verb_parser=<colcon_mixin.mixin.mixin_argument.MixinArgumentDecorator object at 0x7feaeb5dda20>, verb_extension=<colcon_core.verb.build.BuildVerb object at 0x7feaeb7689a0>, main=<bound method BuildVerb.main of <colcon_core.verb.build.BuildVerb object at 0x7feaeb7689a0>>, mixin_verb=('build',))
[0.719s] Level 1:colcon.colcon_core.package_discovery:discover_packages(colcon_meta) check parameters
[0.719s] Level 1:colcon.colcon_core.package_discovery:discover_packages(recursive) check parameters
[0.719s] Level 1:colcon.colcon_core.package_discovery:discover_packages(ignore) check parameters
[0.719s] Level 1:colcon.colcon_core.package_discovery:discover_packages(path) check parameters
[0.719s] Level 1:colcon.colcon_core.package_discovery:discover_packages(colcon_meta) discover
[0.719s] Level 1:colcon.colcon_core.package_discovery:discover_packages(recursive) discover
[0.719s] INFO:colcon.colcon_core.package_discovery:Crawling recursively for packages in '/home/manish/ros2_ws'
[0.720s] Level 1:colcon.colcon_core.package_identification:_identify(.) by extensions ['ignore', 'ignore_ament_install']
[0.720s] Level 1:colcon.colcon_core.package_identification:_identify(.) by extension 'ignore'
[0.720s] Level 1:colcon.colcon_core.package_identification:_identify(.) by extension 'ignore_ament_install'
[0.720s] Level 1:colcon.colcon_core.package_identification:_identify(.) by extensions ['colcon_pkg']
[0.720s] Level 1:colcon.colcon_core.package_identification:_identify(.) by extension 'colcon_pkg'
[0.720s] Level 1:colcon.colcon_core.package_identification:_identify(.) by extensions ['colcon_meta']
[0.720s] Level 1:colcon.colcon_core.package_identification:_identify(.) by extension 'colcon_meta'
[0.720s] Level 1:colcon.colcon_core.package_identification:_identify(.) by extensions ['ros']
[0.720s] Level 1:colcon.colcon_core.package_identification:_identify(.) by extension 'ros'
[0.738s] Level 1:colcon.colcon_core.package_identification:_identify(.) by extensions ['cmake', 'python']
[0.738s] Level 1:colcon.colcon_core.package_identification:_identify(.) by extension 'cmake'
[0.738s] Level 1:colcon.colcon_core.package_identification:_identify(.) by extension 'python'
[0.738s] Level 1:colcon.colcon_core.package_identification:_identify(.) by extensions ['python_setup_py']
[0.738s] Level 1:colcon.colcon_core.package_identification:_identify(.) by extension 'python_setup_py'
[0.739s] Level 1:colcon.colcon_core.package_identification:_identify(build) by extensions ['ignore', 'ignore_ament_install']
[0.739s] Level 1:colcon.colcon_core.package_identification:_identify(build) by extension 'ignore'
[0.739s] Level 1:colcon.colcon_core.package_identification:_identify(build) ignored
[0.739s] Level 1:colcon.colcon_core.package_identification:_identify(install) by extensions ['ignore', 'ignore_ament_install']
[0.739s] Level 1:colcon.colcon_core.package_identification:_identify(install) by extension 'ignore'
[0.739s] Level 1:colcon.colcon_core.package_identification:_identify(install) ignored
[0.739s] Level 1:colcon.colcon_core.package_identification:_identify(log) by extensions ['ignore', 'ignore_ament_install']
[0.740s] Level 1:colcon.colcon_core.package_identification:_identify(log) by extension 'ignore'
[0.740s] Level 1:colcon.colcon_core.package_identification:_identify(log) ignored
[0.740s] Level 1:colcon.colcon_core.package_identification:_identify(src) by extensions ['ignore', 'ignore_ament_install']
[0.740s] Level 1:colcon.colcon_core.package_identification:_identify(src) by extension 'ignore'
[0.740s] Level 1:colcon.colcon_core.package_identification:_identify(src) by extension 'ignore_ament_install'
[0.740s] Level 1:colcon.colcon_core.package_identification:_identify(src) by extensions ['colcon_pkg']
[0.740s] Level 1:colcon.colcon_core.package_identification:_identify(src) by extension 'colcon_pkg'
[0.740s] Level 1:colcon.colcon_core.package_identification:_identify(src) by extensions ['colcon_meta']
[0.740s] Level 1:colcon.colcon_core.package_identification:_identify(src) by extension 'colcon_meta'
[0.740s] Level 1:colcon.colcon_core.package_identification:_identify(src) by extensions ['ros']
[0.740s] Level 1:colcon.colcon_core.package_identification:_identify(src) by extension 'ros'
[0.741s] Level 1:colcon.colcon_core.package_identification:_identify(src) by extensions ['cmake', 'python']
[0.741s] Level 1:colcon.colcon_core.package_identification:_identify(src) by extension 'cmake'
[0.741s] Level 1:colcon.colcon_core.package_identification:_identify(src) by extension 'python'
[0.741s] Level 1:colcon.colcon_core.package_identification:_identify(src) by extensions ['python_setup_py']
[0.741s] Level 1:colcon.colcon_core.package_identification:_identify(src) by extension 'python_setup_py'
[0.741s] Level 1:colcon.colcon_core.package_identification:_identify(src/bi_agent) by extensions ['ignore', 'ignore_ament_install']
[0.741s] Level 1:colcon.colcon_core.package_identification:_identify(src/bi_agent) by extension 'ignore'
[0.741s] Level 1:colcon.colcon_core.package_identification:_identify(src/bi_agent) by extension 'ignore_ament_install'
[0.741s] Level 1:colcon.colcon_core.package_identification:_identify(src/bi_agent) by extensions ['colcon_pkg']
[0.741s] Level 1:colcon.colcon_core.package_identification:_identify(src/bi_agent) by extension 'colcon_pkg'
[0.741s] Level 1:colcon.colcon_core.package_identification:_identify(src/bi_agent) by extensions ['colcon_meta']
[0.741s] Level 1:colcon.colcon_core.package_identification:_identify(src/bi_agent) by extension 'colcon_meta'
[0.742s] Level 1:colcon.colcon_core.package_identification:_identify(src/bi_agent) by extensions ['ros']
[0.742s] Level 1:colcon.colcon_core.package_identification:_identify(src/bi_agent) by extension 'ros'
[0.745s] DEBUG:colcon.colcon_core.package_identification:Package 'src/bi_agent' with type 'ros.catkin' and name 'bi_agent'
[0.746s] Level 1:colcon.colcon_core.package_identification:_identify(src/ci_agent) by extensions ['ignore', 'ignore_ament_install']
[0.746s] Level 1:colcon.colcon_core.package_identification:_identify(src/ci_agent) by extension 'ignore'
[0.746s] Level 1:colcon.colcon_core.package_identification:_identify(src/ci_agent) by extension 'ignore_ament_install'
[0.746s] Level 1:colcon.colcon_core.package_identification:_identify(src/ci_agent) by extensions ['colcon_pkg']
[0.746s] Level 1:colcon.colcon_core.package_identification:_identify(src/ci_agent) by extension 'colcon_pkg'
[0.746s] Level 1:colcon.colcon_core.package_identification:_identify(src/ci_agent) by extensions ['colcon_meta']
[0.746s] Level 1:colcon.colcon_core.package_identification:_identify(src/ci_agent) by extension 'colcon_meta'
[0.746s] Level 1:colcon.colcon_core.package_identification:_identify(src/ci_agent) by extensions ['ros']
[0.746s] Level 1:colcon.colcon_core.package_identification:_identify(src/ci_agent) by extension 'ros'
[0.747s] DEBUG:colcon.colcon_core.package_identification:Package 'src/ci_agent' with type 'ros.catkin' and name 'ci_agent'
[0.748s] Level 1:colcon.colcon_core.package_identification:_identify(src/map_visualization) by extensions ['ignore', 'ignore_ament_install']
[0.748s] Level 1:colcon.colcon_core.package_identification:_identify(src/map_visualization) by extension 'ignore'
[0.748s] Level 1:colcon.colcon_core.package_identification:_identify(src/map_visualization) by extension 'ignore_ament_install'
[0.748s] Level 1:colcon.colcon_core.package_identification:_identify(src/map_visualization) by extensions ['colcon_pkg']
[0.748s] Level 1:colcon.colcon_core.package_identification:_identify(src/map_visualization) by extension 'colcon_pkg'
[0.748s] Level 1:colcon.colcon_core.package_identification:_identify(src/map_visualization) by extensions ['colcon_meta']
[0.748s] Level 1:colcon.colcon_core.package_identification:_identify(src/map_visualization) by extension 'colcon_meta'
[0.748s] Level 1:colcon.colcon_core.package_identification:_identify(src/map_visualization) by extensions ['ros']
[0.748s] Level 1:colcon.colcon_core.package_identification:_identify(src/map_visualization) by extension 'ros'
[0.748s] Level 1:colcon.colcon_core.package_identification:_identify(src/map_visualization) by extensions ['cmake', 'python']
[0.748s] Level 1:colcon.colcon_core.package_identification:_identify(src/map_visualization) by extension 'cmake'
[0.748s] Level 1:colcon.colcon_core.package_identification:_identify(src/map_visualization) by extension 'python'
[0.748s] Level 1:colcon.colcon_core.package_identification:_identify(src/map_visualization) by extensions ['python_setup_py']
[0.749s] Level 1:colcon.colcon_core.package_identification:_identify(src/map_visualization) by extension 'python_setup_py'
[0.749s] Level 1:colcon.colcon_core.package_identification:_identify(src/visitor_agent) by extensions ['ignore', 'ignore_ament_install']
[0.749s] Level 1:colcon.colcon_core.package_identification:_identify(src/visitor_agent) by extension 'ignore'
[0.749s] Level 1:colcon.colcon_core.package_identification:_identify(src/visitor_agent) by extension 'ignore_ament_install'
[0.749s] Level 1:colcon.colcon_core.package_identification:_identify(src/visitor_agent) by extensions ['colcon_pkg']
[0.749s] Level 1:colcon.colcon_core.package_identification:_identify(src/visitor_agent) by extension 'colcon_pkg'
[0.749s] Level 1:colcon.colcon_core.package_identification:_identify(src/visitor_agent) by extensions ['colcon_meta']
[0.749s] Level 1:colcon.colcon_core.package_identification:_identify(src/visitor_agent) by extension 'colcon_meta'
[0.749s] Level 1:colcon.colcon_core.package_identification:_identify(src/visitor_agent) by extensions ['ros']
[0.749s] Level 1:colcon.colcon_core.package_identification:_identify(src/visitor_agent) by extension 'ros'
[0.750s] DEBUG:colcon.colcon_core.package_identification:Package 'src/visitor_agent' with type 'ros.catkin' and name 'visitor_agent'
[0.750s] Level 1:colcon.colcon_core.package_discovery:discover_packages(recursive) using defaults
[0.751s] Level 1:colcon.colcon_core.package_discovery:discover_packages(ignore) discover
[0.751s] Level 1:colcon.colcon_core.package_discovery:discover_packages(ignore) using defaults
[0.751s] Level 1:colcon.colcon_core.package_discovery:discover_packages(path) discover
[0.751s] Level 1:colcon.colcon_core.package_discovery:discover_packages(path) using defaults
[0.783s] Level 1:colcon.colcon_core.package_discovery:discover_packages(prefix_path) check parameters
[0.783s] Level 1:colcon.colcon_core.package_discovery:discover_packages(prefix_path) discover
[0.789s] DEBUG:colcon.colcon_installed_package_information.package_discovery:Found 3 installed packages in /home/manish/ros2_ws/install
[0.790s] DEBUG:colcon.colcon_installed_package_information.package_discovery:Found 270 installed packages in /opt/ros/humble
[0.801s] Level 1:colcon.colcon_core.package_discovery:discover_packages(prefix_path) using defaults
[0.839s] Level 5:colcon.colcon_core.verb:set package 'bi_agent' build argument 'cmake_args' from command line to 'None'
[0.839s] Level 5:colcon.colcon_core.verb:set package 'bi_agent' build argument 'cmake_target' from command line to 'None'
[0.839s] Level 5:colcon.colcon_core.verb:set package 'bi_agent' build argument 'cmake_target_skip_unavailable' from command line to 'False'
[0.839s] Level 5:colcon.colcon_core.verb:set package 'bi_agent' build argument 'cmake_clean_cache' from command line to 'False'
[0.839s] Level 5:colcon.colcon_core.verb:set package 'bi_agent' build argument 'cmake_clean_first' from command line to 'False'
[0.839s] Level 5:colcon.colcon_core.verb:set package 'bi_agent' build argument 'cmake_force_configure' from command line to 'False'
[0.840s] Level 5:colcon.colcon_core.verb:set package 'bi_agent' build argument 'ament_cmake_args' from command line to 'None'
[0.840s] Level 5:colcon.colcon_core.verb:set package 'bi_agent' build argument 'catkin_cmake_args' from command line to 'None'
[0.840s] Level 5:colcon.colcon_core.verb:set package 'bi_agent' build argument 'catkin_skip_building_tests' from command line to 'False'
[0.840s] DEBUG:colcon.colcon_core.verb:Building package 'bi_agent' with the following arguments: {'ament_cmake_args': None, 'build_base': '/home/manish/ros2_ws/build/bi_agent', 'catkin_cmake_args': None, 'catkin_skip_building_tests': False, 'cmake_args': None, 'cmake_clean_cache': False, 'cmake_clean_first': False, 'cmake_force_configure': False, 'cmake_target': None, 'cmake_target_skip_unavailable': False, 'install_base': '/home/manish/ros2_ws/install/bi_agent', 'merge_install': False, 'path': '/home/manish/ros2_ws/src/bi_agent', 'symlink_install': True, 'test_result_base': None}
[0.840s] Level 5:colcon.colcon_core.verb:set package 'ci_agent' build argument 'cmake_args' from command line to 'None'
[0.840s] Level 5:colcon.colcon_core.verb:set package 'ci_agent' build argument 'cmake_target' from command line to 'None'
[0.840s] Level 5:colcon.colcon_core.verb:set package 'ci_agent' build argument 'cmake_target_skip_unavailable' from command line to 'False'
[0.840s] Level 5:colcon.colcon_core.verb:set package 'ci_agent' build argument 'cmake_clean_cache' from command line to 'False'
[0.840s] Level 5:colcon.colcon_core.verb:set package 'ci_agent' build argument 'cmake_clean_first' from command line to 'False'
[0.840s] Level 5:colcon.colcon_core.verb:set package 'ci_agent' build argument 'cmake_force_configure' from command line to 'False'
[0.840s] Level 5:colcon.colcon_core.verb:set package 'ci_agent' build argument 'ament_cmake_args' from command line to 'None'
[0.840s] Level 5:colcon.colcon_core.verb:set package 'ci_agent' build argument 'catkin_cmake_args' from command line to 'None'
[0.840s] Level 5:colcon.colcon_core.verb:set package 'ci_agent' build argument 'catkin_skip_building_tests' from command line to 'False'
[0.840s] DEBUG:colcon.colcon_core.verb:Building package 'ci_agent' with the following arguments: {'ament_cmake_args': None, 'build_base': '/home/manish/ros2_ws/build/ci_agent', 'catkin_cmake_args': None, 'catkin_skip_building_tests': False, 'cmake_args': None, 'cmake_clean_cache': False, 'cmake_clean_first': False, 'cmake_force_configure': False, 'cmake_target': None, 'cmake_target_skip_unavailable': False, 'install_base': '/home/manish/ros2_ws/install/ci_agent', 'merge_install': False, 'path': '/home/manish/ros2_ws/src/ci_agent', 'symlink_install': True, 'test_result_base': None}
[0.841s] Level 5:colcon.colcon_core.verb:set package 'visitor_agent' build argument 'cmake_args' from command line to 'None'
[0.841s] Level 5:colcon.colcon_core.verb:set package 'visitor_agent' build argument 'cmake_target' from command line to 'None'
[0.841s] Level 5:colcon.colcon_core.verb:set package 'visitor_agent' build argument 'cmake_target_skip_unavailable' from command line to 'False'
[0.841s] Level 5:colcon.colcon_core.verb:set package 'visitor_agent' build argument 'cmake_clean_cache' from command line to 'False'
[0.841s] Level 5:colcon.colcon_core.verb:set package 'visitor_agent' build argument 'cmake_clean_first' from command line to 'False'
[0.841s] Level 5:colcon.colcon_core.verb:set package 'visitor_agent' build argument 'cmake_force_configure' from command line to 'False'
[0.841s] Level 5:colcon.colcon_core.verb:set package 'visitor_agent' build argument 'ament_cmake_args' from command line to 'None'
[0.841s] Level 5:colcon.colcon_core.verb:set package 'visitor_agent' build argument 'catkin_cmake_args' from command line to 'None'
[0.841s] Level 5:colcon.colcon_core.verb:set package 'visitor_agent' build argument 'catkin_skip_building_tests' from command line to 'False'
[0.841s] DEBUG:colcon.colcon_core.verb:Building package 'visitor_agent' with the following arguments: {'ament_cmake_args': None, 'build_base': '/home/manish/ros2_ws/build/visitor_agent', 'catkin_cmake_args': None, 'catkin_skip_building_tests': False, 'cmake_args': None, 'cmake_clean_cache': False, 'cmake_clean_first': False, 'cmake_force_configure': False, 'cmake_target': None, 'cmake_target_skip_unavailable': False, 'install_base': '/home/manish/ros2_ws/install/visitor_agent', 'merge_install': False, 'path': '/home/manish/ros2_ws/src/visitor_agent', 'symlink_install': True, 'test_result_base': None}
[0.841s] INFO:colcon.colcon_core.executor:Executing jobs using 'parallel' executor
[0.843s] DEBUG:colcon.colcon_parallel_executor.executor.parallel:run_until_complete
[0.843s] INFO:colcon.colcon_ros.task.catkin.build:Building ROS package in '/home/manish/ros2_ws/src/bi_agent' with build type 'catkin'
[0.843s] INFO:colcon.colcon_cmake.task.cmake.build:Building CMake package in '/home/manish/ros2_ws/src/bi_agent'
[0.851s] INFO:colcon.colcon_core.plugin_system:Skipping extension 'colcon_core.shell.bat': Not used on non-Windows systems
[0.852s] INFO:colcon.colcon_core.shell:Skip shell extension 'powershell' for command environment: Not usable outside of PowerShell
[0.852s] DEBUG:colcon.colcon_core.shell:Skip shell extension 'dsv' for command environment
[0.855s] INFO:colcon.colcon_ros.task.catkin.build:Building ROS package in '/home/manish/ros2_ws/src/ci_agent' with build type 'catkin'
[0.855s] INFO:colcon.colcon_cmake.task.cmake.build:Building CMake package in '/home/manish/ros2_ws/src/ci_agent'
[0.856s] INFO:colcon.colcon_core.shell:Skip shell extension 'powershell' for command environment: Not usable outside of PowerShell
[0.856s] DEBUG:colcon.colcon_core.shell:Skip shell extension 'dsv' for command environment
[0.860s] INFO:colcon.colcon_ros.task.catkin.build:Building ROS package in '/home/manish/ros2_ws/src/visitor_agent' with build type 'catkin'
[0.861s] INFO:colcon.colcon_cmake.task.cmake.build:Building CMake package in '/home/manish/ros2_ws/src/visitor_agent'
[0.861s] INFO:colcon.colcon_core.shell:Skip shell extension 'powershell' for command environment: Not usable outside of PowerShell
[0.861s] DEBUG:colcon.colcon_core.shell:Skip shell extension 'dsv' for command environment
[0.872s] DEBUG:colcon.colcon_core.event_handler.log_command:Invoking command in '/home/manish/ros2_ws/build/bi_agent': CONDA_PROMPT_MODIFIER=(auto) /usr/bin/cmake /home/manish/ros2_ws/src/bi_agent -DCATKIN_INSTALL_INTO_PREFIX_ROOT=0 -DCATKIN_SYMLINK_INSTALL=ON -DCMAKE_INSTALL_PREFIX=/home/manish/ros2_ws/install/bi_agent
[0.881s] DEBUG:colcon.colcon_core.event_handler.log_command:Invoking command in '/home/manish/ros2_ws/build/ci_agent': CONDA_PROMPT_MODIFIER=(auto) /usr/bin/cmake /home/manish/ros2_ws/src/ci_agent -DCATKIN_INSTALL_INTO_PREFIX_ROOT=0 -DCATKIN_SYMLINK_INSTALL=ON -DCMAKE_INSTALL_PREFIX=/home/manish/ros2_ws/install/ci_agent
[0.887s] DEBUG:colcon.colcon_core.event_handler.log_command:Invoking command in '/home/manish/ros2_ws/build/visitor_agent': CONDA_PROMPT_MODIFIER=(auto) /usr/bin/cmake /home/manish/ros2_ws/src/visitor_agent -DCATKIN_INSTALL_INTO_PREFIX_ROOT=0 -DCATKIN_SYMLINK_INSTALL=ON -DCMAKE_INSTALL_PREFIX=/home/manish/ros2_ws/install/visitor_agent
[4.977s] DEBUG:colcon.colcon_core.event_handler.log_command:Invoked command in '/home/manish/ros2_ws/build/ci_agent' returned '0': CONDA_PROMPT_MODIFIER=(auto) /usr/bin/cmake /home/manish/ros2_ws/src/ci_agent -DCATKIN_INSTALL_INTO_PREFIX_ROOT=0 -DCATKIN_SYMLINK_INSTALL=ON -DCMAKE_INSTALL_PREFIX=/home/manish/ros2_ws/install/ci_agent
[4.979s] DEBUG:colcon.colcon_core.event_handler.log_command:Invoking command in '/home/manish/ros2_ws/build/ci_agent': CONDA_PROMPT_MODIFIER=(auto) /usr/bin/cmake --build /home/manish/ros2_ws/build/ci_agent -- -j8 -l8
[5.029s] DEBUG:colcon.colcon_core.event_handler.log_command:Invoked command in '/home/manish/ros2_ws/build/ci_agent' returned '0': CONDA_PROMPT_MODIFIER=(auto) /usr/bin/cmake --build /home/manish/ros2_ws/build/ci_agent -- -j8 -l8
[5.085s] DEBUG:colcon.colcon_core.event_handler.log_command:Invoking command in '/home/manish/ros2_ws/build/ci_agent': CONDA_PROMPT_MODIFIER=(auto) /usr/bin/cmake --install /home/manish/ros2_ws/build/ci_agent
[5.101s] DEBUG:colcon.colcon_core.event_handler.log_command:Invoked command in '/home/manish/ros2_ws/build/ci_agent' returned '0': CONDA_PROMPT_MODIFIER=(auto) /usr/bin/cmake --install /home/manish/ros2_ws/build/ci_agent
[5.126s] Level 1:colcon.colcon_core.shell:create_environment_hook('ci_agent', 'ros_package_path')
[5.127s] INFO:colcon.colcon_core.shell:Creating environment hook '/home/manish/ros2_ws/install/ci_agent/share/ci_agent/hook/ros_package_path.ps1'
[5.128s] INFO:colcon.colcon_core.shell:Creating environment descriptor '/home/manish/ros2_ws/install/ci_agent/share/ci_agent/hook/ros_package_path.dsv'
[5.129s] INFO:colcon.colcon_core.shell:Creating environment hook '/home/manish/ros2_ws/install/ci_agent/share/ci_agent/hook/ros_package_path.sh'
[5.130s] Level 1:colcon.colcon_core.shell:create_environment_hook('ci_agent', 'pkg_config_path')
[5.131s] INFO:colcon.colcon_core.shell:Creating environment hook '/home/manish/ros2_ws/install/ci_agent/share/ci_agent/hook/pkg_config_path.ps1'
[5.131s] INFO:colcon.colcon_core.shell:Creating environment descriptor '/home/manish/ros2_ws/install/ci_agent/share/ci_agent/hook/pkg_config_path.dsv'
[5.132s] INFO:colcon.colcon_core.shell:Creating environment hook '/home/manish/ros2_ws/install/ci_agent/share/ci_agent/hook/pkg_config_path.sh'
[5.137s] Level 1:colcon.colcon_core.shell:create_environment_hook('ci_agent', 'pkg_config_path_multiarch')
[5.138s] INFO:colcon.colcon_core.shell:Creating environment hook '/home/manish/ros2_ws/install/ci_agent/share/ci_agent/hook/pkg_config_path_multiarch.ps1'
[5.139s] INFO:colcon.colcon_core.shell:Creating environment descriptor '/home/manish/ros2_ws/install/ci_agent/share/ci_agent/hook/pkg_config_path_multiarch.dsv'
[5.139s] INFO:colcon.colcon_core.shell:Creating environment hook '/home/manish/ros2_ws/install/ci_agent/share/ci_agent/hook/pkg_config_path_multiarch.sh'
[5.140s] Level 1:colcon.colcon_core.environment:create_environment_scripts_only(ci_agent)
[5.149s] Level 1:colcon.colcon_core.environment:checking '/home/manish/ros2_ws/install/ci_agent' for CMake module files
[5.151s] Level 1:colcon.colcon_core.environment:checking '/home/manish/ros2_ws/install/ci_agent' for CMake config files
[5.151s] Level 1:colcon.colcon_core.shell:create_environment_hook('ci_agent', 'cmake_prefix_path')
[5.152s] INFO:colcon.colcon_core.shell:Creating environment hook '/home/manish/ros2_ws/install/ci_agent/share/ci_agent/hook/cmake_prefix_path.ps1'
[5.152s] INFO:colcon.colcon_core.shell:Creating environment descriptor '/home/manish/ros2_ws/install/ci_agent/share/ci_agent/hook/cmake_prefix_path.dsv'
[5.153s] INFO:colcon.colcon_core.shell:Creating environment hook '/home/manish/ros2_ws/install/ci_agent/share/ci_agent/hook/cmake_prefix_path.sh'
[5.154s] Level 1:colcon.colcon_core.environment:checking '/home/manish/ros2_ws/install/ci_agent/lib'
[5.154s] Level 1:colcon.colcon_core.environment:checking '/home/manish/ros2_ws/install/ci_agent/bin'
[5.154s] Level 1:colcon.colcon_core.environment:checking '/home/manish/ros2_ws/install/ci_agent/lib/pkgconfig/ci_agent.pc'
[5.155s] Level 1:colcon.colcon_core.environment:checking '/home/manish/ros2_ws/install/ci_agent/lib/python3.10/site-packages'
[5.155s] Level 1:colcon.colcon_core.environment:checking '/home/manish/ros2_ws/install/ci_agent/bin'
[5.155s] INFO:colcon.colcon_core.shell:Creating package script '/home/manish/ros2_ws/install/ci_agent/share/ci_agent/package.ps1'
[5.157s] INFO:colcon.colcon_core.shell:Creating package descriptor '/home/manish/ros2_ws/install/ci_agent/share/ci_agent/package.dsv'
[5.158s] INFO:colcon.colcon_core.shell:Creating package script '/home/manish/ros2_ws/install/ci_agent/share/ci_agent/package.sh'
[5.160s] INFO:colcon.colcon_core.shell:Creating package script '/home/manish/ros2_ws/install/ci_agent/share/ci_agent/package.bash'
[5.162s] INFO:colcon.colcon_core.shell:Creating package script '/home/manish/ros2_ws/install/ci_agent/share/ci_agent/package.zsh'
[5.163s] Level 1:colcon.colcon_core.environment:create_file_with_runtime_dependencies(/home/manish/ros2_ws/install/ci_agent/share/colcon-core/packages/ci_agent)
[6.112s] DEBUG:colcon.colcon_core.event_handler.log_command:Invoked command in '/home/manish/ros2_ws/build/visitor_agent' returned '0': CONDA_PROMPT_MODIFIER=(auto) /usr/bin/cmake /home/manish/ros2_ws/src/visitor_agent -DCATKIN_INSTALL_INTO_PREFIX_ROOT=0 -DCATKIN_SYMLINK_INSTALL=ON -DCMAKE_INSTALL_PREFIX=/home/manish/ros2_ws/install/visitor_agent
[6.114s] DEBUG:colcon.colcon_core.event_handler.log_command:Invoking command in '/home/manish/ros2_ws/build/visitor_agent': CONDA_PROMPT_MODIFIER=(auto) /usr/bin/cmake --build /home/manish/ros2_ws/build/visitor_agent -- -j8 -l8
[6.163s] DEBUG:colcon.colcon_core.event_handler.log_command:Invoked command in '/home/manish/ros2_ws/build/visitor_agent' returned '0': CONDA_PROMPT_MODIFIER=(auto) /usr/bin/cmake --build /home/manish/ros2_ws/build/visitor_agent -- -j8 -l8
[6.216s] DEBUG:colcon.colcon_core.event_handler.log_command:Invoking command in '/home/manish/ros2_ws/build/visitor_agent': CONDA_PROMPT_MODIFIER=(auto) /usr/bin/cmake --install /home/manish/ros2_ws/build/visitor_agent
[6.232s] DEBUG:colcon.colcon_core.event_handler.log_command:Invoked command in '/home/manish/ros2_ws/build/visitor_agent' returned '0': CONDA_PROMPT_MODIFIER=(auto) /usr/bin/cmake --install /home/manish/ros2_ws/build/visitor_agent
[6.265s] Level 1:colcon.colcon_core.shell:create_environment_hook('visitor_agent', 'ros_package_path')
[6.266s] INFO:colcon.colcon_core.shell:Creating environment hook '/home/manish/ros2_ws/install/visitor_agent/share/visitor_agent/hook/ros_package_path.ps1'
[6.266s] INFO:colcon.colcon_core.shell:Creating environment descriptor '/home/manish/ros2_ws/install/visitor_agent/share/visitor_agent/hook/ros_package_path.dsv'
[6.267s] INFO:colcon.colcon_core.shell:Creating environment hook '/home/manish/ros2_ws/install/visitor_agent/share/visitor_agent/hook/ros_package_path.sh'
[6.268s] Level 1:colcon.colcon_core.shell:create_environment_hook('visitor_agent', 'pkg_config_path')
[6.268s] INFO:colcon.colcon_core.shell:Creating environment hook '/home/manish/ros2_ws/install/visitor_agent/share/visitor_agent/hook/pkg_config_path.ps1'
[6.270s] INFO:colcon.colcon_core.shell:Creating environment descriptor '/home/manish/ros2_ws/install/visitor_agent/share/visitor_agent/hook/pkg_config_path.dsv'
[6.270s] INFO:colcon.colcon_core.shell:Creating environment hook '/home/manish/ros2_ws/install/visitor_agent/share/visitor_agent/hook/pkg_config_path.sh'
[6.272s] Level 1:colcon.colcon_core.shell:create_environment_hook('visitor_agent', 'pkg_config_path_multiarch')
[6.272s] INFO:colcon.colcon_core.shell:Creating environment hook '/home/manish/ros2_ws/install/visitor_agent/share/visitor_agent/hook/pkg_config_path_multiarch.ps1'
[6.273s] INFO:colcon.colcon_core.shell:Creating environment descriptor '/home/manish/ros2_ws/install/visitor_agent/share/visitor_agent/hook/pkg_config_path_multiarch.dsv'
[6.274s] INFO:colcon.colcon_core.shell:Creating environment hook '/home/manish/ros2_ws/install/visitor_agent/share/visitor_agent/hook/pkg_config_path_multiarch.sh'
[6.275s] Level 1:colcon.colcon_core.environment:create_environment_scripts_only(visitor_agent)
[6.276s] Level 1:colcon.colcon_core.environment:checking '/home/manish/ros2_ws/install/visitor_agent' for CMake module files
[6.279s] Level 1:colcon.colcon_core.environment:checking '/home/manish/ros2_ws/install/visitor_agent' for CMake config files
[6.280s] Level 1:colcon.colcon_core.shell:create_environment_hook('visitor_agent', 'cmake_prefix_path')
[6.280s] INFO:colcon.colcon_core.shell:Creating environment hook '/home/manish/ros2_ws/install/visitor_agent/share/visitor_agent/hook/cmake_prefix_path.ps1'
[6.281s] INFO:colcon.colcon_core.shell:Creating environment descriptor '/home/manish/ros2_ws/install/visitor_agent/share/visitor_agent/hook/cmake_prefix_path.dsv'
[6.282s] INFO:colcon.colcon_core.shell:Creating environment hook '/home/manish/ros2_ws/install/visitor_agent/share/visitor_agent/hook/cmake_prefix_path.sh'
[6.283s] Level 1:colcon.colcon_core.environment:checking '/home/manish/ros2_ws/install/visitor_agent/lib'
[6.284s] Level 1:colcon.colcon_core.environment:checking '/home/manish/ros2_ws/install/visitor_agent/bin'
[6.284s] Level 1:colcon.colcon_core.environment:checking '/home/manish/ros2_ws/install/visitor_agent/lib/pkgconfig/visitor_agent.pc'
[6.284s] Level 1:colcon.colcon_core.environment:checking '/home/manish/ros2_ws/install/visitor_agent/lib/python3.10/site-packages'
[6.285s] Level 1:colcon.colcon_core.environment:checking '/home/manish/ros2_ws/install/visitor_agent/bin'
[6.286s] INFO:colcon.colcon_core.shell:Creating package script '/home/manish/ros2_ws/install/visitor_agent/share/visitor_agent/package.ps1'
[6.287s] INFO:colcon.colcon_core.shell:Creating package descriptor '/home/manish/ros2_ws/install/visitor_agent/share/visitor_agent/package.dsv'
[6.289s] INFO:colcon.colcon_core.shell:Creating package script '/home/manish/ros2_ws/install/visitor_agent/share/visitor_agent/package.sh'
[6.290s] INFO:colcon.colcon_core.shell:Creating package script '/home/manish/ros2_ws/install/visitor_agent/share/visitor_agent/package.bash'
[6.290s] INFO:colcon.colcon_core.shell:Creating package script '/home/manish/ros2_ws/install/visitor_agent/share/visitor_agent/package.zsh'
[6.292s] Level 1:colcon.colcon_core.environment:create_file_with_runtime_dependencies(/home/manish/ros2_ws/install/visitor_agent/share/colcon-core/packages/visitor_agent)
[7.029s] DEBUG:colcon.colcon_core.event_handler.log_command:Invoked command in '/home/manish/ros2_ws/build/bi_agent' returned '0': CONDA_PROMPT_MODIFIER=(auto) /usr/bin/cmake /home/manish/ros2_ws/src/bi_agent -DCATKIN_INSTALL_INTO_PREFIX_ROOT=0 -DCATKIN_SYMLINK_INSTALL=ON -DCMAKE_INSTALL_PREFIX=/home/manish/ros2_ws/install/bi_agent
[7.030s] DEBUG:colcon.colcon_core.event_handler.log_command:Invoking command in '/home/manish/ros2_ws/build/bi_agent': CONDA_PROMPT_MODIFIER=(auto) /usr/bin/cmake --build /home/manish/ros2_ws/build/bi_agent -- -j8 -l8
[7.067s] DEBUG:colcon.colcon_core.event_handler.log_command:Invoked command in '/home/manish/ros2_ws/build/bi_agent' returned '0': CONDA_PROMPT_MODIFIER=(auto) /usr/bin/cmake --build /home/manish/ros2_ws/build/bi_agent -- -j8 -l8
[7.110s] DEBUG:colcon.colcon_core.event_handler.log_command:Invoking command in '/home/manish/ros2_ws/build/bi_agent': CONDA_PROMPT_MODIFIER=(auto) /usr/bin/cmake --install /home/manish/ros2_ws/build/bi_agent
[7.125s] DEBUG:colcon.colcon_core.event_handler.log_command:Invoked command in '/home/manish/ros2_ws/build/bi_agent' returned '0': CONDA_PROMPT_MODIFIER=(auto) /usr/bin/cmake --install /home/manish/ros2_ws/build/bi_agent
[7.146s] Level 1:colcon.colcon_core.shell:create_environment_hook('bi_agent', 'ros_package_path')
[7.146s] INFO:colcon.colcon_core.shell:Creating environment hook '/home/manish/ros2_ws/install/bi_agent/share/bi_agent/hook/ros_package_path.ps1'
[7.147s] INFO:colcon.colcon_core.shell:Creating environment descriptor '/home/manish/ros2_ws/install/bi_agent/share/bi_agent/hook/ros_package_path.dsv'
[7.147s] INFO:colcon.colcon_core.shell:Creating environment hook '/home/manish/ros2_ws/install/bi_agent/share/bi_agent/hook/ros_package_path.sh'
[7.148s] Level 1:colcon.colcon_core.shell:create_environment_hook('bi_agent', 'pkg_config_path')
[7.148s] INFO:colcon.colcon_core.shell:Creating environment hook '/home/manish/ros2_ws/install/bi_agent/share/bi_agent/hook/pkg_config_path.ps1'
[7.149s] INFO:colcon.colcon_core.shell:Creating environment descriptor '/home/manish/ros2_ws/install/bi_agent/share/bi_agent/hook/pkg_config_path.dsv'
[7.149s] INFO:colcon.colcon_core.shell:Creating environment hook '/home/manish/ros2_ws/install/bi_agent/share/bi_agent/hook/pkg_config_path.sh'
[7.149s] Level 1:colcon.colcon_core.shell:create_environment_hook('bi_agent', 'pkg_config_path_multiarch')
[7.150s] INFO:colcon.colcon_core.shell:Creating environment hook '/home/manish/ros2_ws/install/bi_agent/share/bi_agent/hook/pkg_config_path_multiarch.ps1'
[7.150s] INFO:colcon.colcon_core.shell:Creating environment descriptor '/home/manish/ros2_ws/install/bi_agent/share/bi_agent/hook/pkg_config_path_multiarch.dsv'
[7.150s] INFO:colcon.colcon_core.shell:Creating environment hook '/home/manish/ros2_ws/install/bi_agent/share/bi_agent/hook/pkg_config_path_multiarch.sh'
[7.151s] Level 1:colcon.colcon_core.environment:create_environment_scripts_only(bi_agent)
[7.151s] Level 1:colcon.colcon_core.environment:checking '/home/manish/ros2_ws/install/bi_agent' for CMake module files
[7.153s] Level 1:colcon.colcon_core.environment:checking '/home/manish/ros2_ws/install/bi_agent' for CMake config files
[7.154s] Level 1:colcon.colcon_core.shell:create_environment_hook('bi_agent', 'cmake_prefix_path')
[7.154s] INFO:colcon.colcon_core.shell:Creating environment hook '/home/manish/ros2_ws/install/bi_agent/share/bi_agent/hook/cmake_prefix_path.ps1'
[7.155s] INFO:colcon.colcon_core.shell:Creating environment descriptor '/home/manish/ros2_ws/install/bi_agent/share/bi_agent/hook/cmake_prefix_path.dsv'
[7.155s] INFO:colcon.colcon_core.shell:Creating environment hook '/home/manish/ros2_ws/install/bi_agent/share/bi_agent/hook/cmake_prefix_path.sh'
[7.155s] Level 1:colcon.colcon_core.environment:checking '/home/manish/ros2_ws/install/bi_agent/lib'
[7.156s] Level 1:colcon.colcon_core.environment:checking '/home/manish/ros2_ws/install/bi_agent/bin'
[7.156s] Level 1:colcon.colcon_core.environment:checking '/home/manish/ros2_ws/install/bi_agent/lib/pkgconfig/bi_agent.pc'
[7.156s] Level 1:colcon.colcon_core.environment:checking '/home/manish/ros2_ws/install/bi_agent/lib/python3.10/site-packages'
[7.156s] Level 1:colcon.colcon_core.environment:checking '/home/manish/ros2_ws/install/bi_agent/bin'
[7.157s] INFO:colcon.colcon_core.shell:Creating package script '/home/manish/ros2_ws/install/bi_agent/share/bi_agent/package.ps1'
[7.157s] INFO:colcon.colcon_core.shell:Creating package descriptor '/home/manish/ros2_ws/install/bi_agent/share/bi_agent/package.dsv'
[7.158s] INFO:colcon.colcon_core.shell:Creating package script '/home/manish/ros2_ws/install/bi_agent/share/bi_agent/package.sh'
[7.159s] INFO:colcon.colcon_core.shell:Creating package script '/home/manish/ros2_ws/install/bi_agent/share/bi_agent/package.bash'
[7.159s] INFO:colcon.colcon_core.shell:Creating package script '/home/manish/ros2_ws/install/bi_agent/share/bi_agent/package.zsh'
[7.159s] Level 1:colcon.colcon_core.environment:create_file_with_runtime_dependencies(/home/manish/ros2_ws/install/bi_agent/share/colcon-core/packages/bi_agent)
[7.160s] DEBUG:colcon.colcon_parallel_executor.executor.parallel:closing loop
[7.160s] DEBUG:colcon.colcon_parallel_executor.executor.parallel:loop closed
[7.160s] DEBUG:colcon.colcon_parallel_executor.executor.parallel:run_until_complete finished with '0'
[7.160s] DEBUG:colcon.colcon_core.event_reactor:joining thread
[7.235s] INFO:colcon.colcon_core.plugin_system:Skipping extension 'colcon_notification.desktop_notification.notify_send': Could not find 'notify-send'
[7.235s] INFO:colcon.colcon_core.plugin_system:Skipping extension 'colcon_notification.desktop_notification.terminal_notifier': Not used on non-Darwin systems
[7.235s] INFO:colcon.colcon_core.plugin_system:Skipping extension 'colcon_notification.desktop_notification.win32': Not used on non-Windows systems
[7.235s] INFO:colcon.colcon_notification.desktop_notification:Sending desktop notification using 'notify2'
[7.236s] DEBUG:colcon.colcon_notification.desktop_notification.notify2:Failed to initialize notify2: org.freedesktop.DBus.Error.FileNotFound: Failed to connect to socket /run/user/1000/bus: No such file or directory
[7.236s] DEBUG:colcon.colcon_core.event_reactor:joined thread
[7.236s] INFO:colcon.colcon_core.shell:Creating prefix script '/home/manish/ros2_ws/install/local_setup.ps1'
[7.238s] INFO:colcon.colcon_core.shell:Creating prefix util module '/home/manish/ros2_ws/install/_local_setup_util_ps1.py'
[7.240s] INFO:colcon.colcon_core.shell:Creating prefix chain script '/home/manish/ros2_ws/install/setup.ps1'
[7.242s] INFO:colcon.colcon_core.shell:Creating prefix script '/home/manish/ros2_ws/install/local_setup.sh'
[7.243s] INFO:colcon.colcon_core.shell:Creating prefix util module '/home/manish/ros2_ws/install/_local_setup_util_sh.py'
[7.243s] INFO:colcon.colcon_core.shell:Creating prefix chain script '/home/manish/ros2_ws/install/setup.sh'
[7.245s] INFO:colcon.colcon_core.shell:Creating prefix script '/home/manish/ros2_ws/install/local_setup.bash'
[7.246s] INFO:colcon.colcon_core.shell:Creating prefix chain script '/home/manish/ros2_ws/install/setup.bash'
[7.248s] INFO:colcon.colcon_core.shell:Creating prefix script '/home/manish/ros2_ws/install/local_setup.zsh'
[7.249s] INFO:colcon.colcon_core.shell:Creating prefix chain script '/home/manish/ros2_ws/install/setup.zsh'
