[0.331s] DEBUG:colcon:Command line arguments: ['/usr/bin/colcon', 'build']
[0.331s] DEBUG:colcon:Parsed command line arguments: Namespace(log_base=None, log_level=None, verb_name='build', build_base='build', install_base='install', merge_install=False, symlink_install=False, test_result_base=None, continue_on_error=False, executor='parallel', parallel_workers=8, event_handlers=None, ignore_user_meta=False, metas=['./colcon.meta'], base_paths=['.'], packages_ignore=None, packages_ignore_regex=None, paths=None, packages_up_to=None, packages_up_to_regex=None, packages_above=None, packages_above_and_dependencies=None, packages_above_depth=None, packages_select_by_dep=None, packages_skip_by_dep=None, packages_skip_up_to=None, packages_select_build_failed=False, packages_skip_build_finished=False, packages_select_test_failures=False, packages_skip_test_passed=False, packages_select=None, packages_skip=None, packages_select_regex=None, packages_skip_regex=None, packages_start=None, packages_end=None, allow_overriding=[], cmake_args=None, cmake_target=None, cmake_target_skip_unavailable=False, cmake_clean_cache=False, cmake_clean_first=False, cmake_force_configure=False, ament_cmake_args=None, catkin_cmake_args=None, catkin_skip_building_tests=False, mixin_files=None, mixin=None, verb_parser=<colcon_mixin.mixin.mixin_argument.MixinArgumentDecorator object at 0x7f33f6b79a20>, verb_extension=<colcon_core.verb.build.BuildVerb object at 0x7f33f6d049a0>, main=<bound method BuildVerb.main of <colcon_core.verb.build.BuildVerb object at 0x7f33f6d049a0>>, mixin_verb=('build',))
[0.763s] Level 1:colcon.colcon_core.package_discovery:discover_packages(colcon_meta) check parameters
[0.763s] Level 1:colcon.colcon_core.package_discovery:discover_packages(recursive) check parameters
[0.763s] Level 1:colcon.colcon_core.package_discovery:discover_packages(ignore) check parameters
[0.763s] Level 1:colcon.colcon_core.package_discovery:discover_packages(path) check parameters
[0.763s] Level 1:colcon.colcon_core.package_discovery:discover_packages(colcon_meta) discover
[0.763s] Level 1:colcon.colcon_core.package_discovery:discover_packages(recursive) discover
[0.763s] INFO:colcon.colcon_core.package_discovery:Crawling recursively for packages in '/home/manish/ros2_ws'
[0.764s] Level 1:colcon.colcon_core.package_identification:_identify(.) by extensions ['ignore', 'ignore_ament_install']
[0.764s] Level 1:colcon.colcon_core.package_identification:_identify(.) by extension 'ignore'
[0.764s] Level 1:colcon.colcon_core.package_identification:_identify(.) by extension 'ignore_ament_install'
[0.764s] Level 1:colcon.colcon_core.package_identification:_identify(.) by extensions ['colcon_pkg']
[0.764s] Level 1:colcon.colcon_core.package_identification:_identify(.) by extension 'colcon_pkg'
[0.764s] Level 1:colcon.colcon_core.package_identification:_identify(.) by extensions ['colcon_meta']
[0.764s] Level 1:colcon.colcon_core.package_identification:_identify(.) by extension 'colcon_meta'
[0.764s] Level 1:colcon.colcon_core.package_identification:_identify(.) by extensions ['ros']
[0.764s] Level 1:colcon.colcon_core.package_identification:_identify(.) by extension 'ros'
[0.783s] Level 1:colcon.colcon_core.package_identification:_identify(.) by extensions ['cmake', 'python']
[0.783s] Level 1:colcon.colcon_core.package_identification:_identify(.) by extension 'cmake'
[0.783s] Level 1:colcon.colcon_core.package_identification:_identify(.) by extension 'python'
[0.783s] Level 1:colcon.colcon_core.package_identification:_identify(.) by extensions ['python_setup_py']
[0.783s] Level 1:colcon.colcon_core.package_identification:_identify(.) by extension 'python_setup_py'
[0.783s] Level 1:colcon.colcon_core.package_identification:_identify(build) by extensions ['ignore', 'ignore_ament_install']
[0.783s] Level 1:colcon.colcon_core.package_identification:_identify(build) by extension 'ignore'
[0.783s] Level 1:colcon.colcon_core.package_identification:_identify(build) ignored
[0.784s] Level 1:colcon.colcon_core.package_identification:_identify(install) by extensions ['ignore', 'ignore_ament_install']
[0.784s] Level 1:colcon.colcon_core.package_identification:_identify(install) by extension 'ignore'
[0.784s] Level 1:colcon.colcon_core.package_identification:_identify(install) ignored
[0.784s] Level 1:colcon.colcon_core.package_identification:_identify(log) by extensions ['ignore', 'ignore_ament_install']
[0.784s] Level 1:colcon.colcon_core.package_identification:_identify(log) by extension 'ignore'
[0.784s] Level 1:colcon.colcon_core.package_identification:_identify(log) ignored
[0.784s] Level 1:colcon.colcon_core.package_identification:_identify(src) by extensions ['ignore', 'ignore_ament_install']
[0.784s] Level 1:colcon.colcon_core.package_identification:_identify(src) by extension 'ignore'
[0.784s] Level 1:colcon.colcon_core.package_identification:_identify(src) by extension 'ignore_ament_install'
[0.784s] Level 1:colcon.colcon_core.package_identification:_identify(src) by extensions ['colcon_pkg']
[0.784s] Level 1:colcon.colcon_core.package_identification:_identify(src) by extension 'colcon_pkg'
[0.784s] Level 1:colcon.colcon_core.package_identification:_identify(src) by extensions ['colcon_meta']
[0.784s] Level 1:colcon.colcon_core.package_identification:_identify(src) by extension 'colcon_meta'
[0.785s] Level 1:colcon.colcon_core.package_identification:_identify(src) by extensions ['ros']
[0.785s] Level 1:colcon.colcon_core.package_identification:_identify(src) by extension 'ros'
[0.785s] Level 1:colcon.colcon_core.package_identification:_identify(src) by extensions ['cmake', 'python']
[0.785s] Level 1:colcon.colcon_core.package_identification:_identify(src) by extension 'cmake'
[0.785s] Level 1:colcon.colcon_core.package_identification:_identify(src) by extension 'python'
[0.785s] Level 1:colcon.colcon_core.package_identification:_identify(src) by extensions ['python_setup_py']
[0.785s] Level 1:colcon.colcon_core.package_identification:_identify(src) by extension 'python_setup_py'
[0.785s] Level 1:colcon.colcon_core.package_identification:_identify(src/bi_agent) by extensions ['ignore', 'ignore_ament_install']
[0.785s] Level 1:colcon.colcon_core.package_identification:_identify(src/bi_agent) by extension 'ignore'
[0.785s] Level 1:colcon.colcon_core.package_identification:_identify(src/bi_agent) by extension 'ignore_ament_install'
[0.785s] Level 1:colcon.colcon_core.package_identification:_identify(src/bi_agent) by extensions ['colcon_pkg']
[0.785s] Level 1:colcon.colcon_core.package_identification:_identify(src/bi_agent) by extension 'colcon_pkg'
[0.785s] Level 1:colcon.colcon_core.package_identification:_identify(src/bi_agent) by extensions ['colcon_meta']
[0.785s] Level 1:colcon.colcon_core.package_identification:_identify(src/bi_agent) by extension 'colcon_meta'
[0.785s] Level 1:colcon.colcon_core.package_identification:_identify(src/bi_agent) by extensions ['ros']
[0.785s] Level 1:colcon.colcon_core.package_identification:_identify(src/bi_agent) by extension 'ros'
[0.790s] DEBUG:colcon.colcon_core.package_identification:Package 'src/bi_agent' with type 'ros.catkin' and name 'bi_agent'
[0.791s] Level 1:colcon.colcon_core.package_identification:_identify(src/ci_agent) by extensions ['ignore', 'ignore_ament_install']
[0.791s] Level 1:colcon.colcon_core.package_identification:_identify(src/ci_agent) by extension 'ignore'
[0.791s] Level 1:colcon.colcon_core.package_identification:_identify(src/ci_agent) by extension 'ignore_ament_install'
[0.791s] Level 1:colcon.colcon_core.package_identification:_identify(src/ci_agent) by extensions ['colcon_pkg']
[0.791s] Level 1:colcon.colcon_core.package_identification:_identify(src/ci_agent) by extension 'colcon_pkg'
[0.791s] Level 1:colcon.colcon_core.package_identification:_identify(src/ci_agent) by extensions ['colcon_meta']
[0.791s] Level 1:colcon.colcon_core.package_identification:_identify(src/ci_agent) by extension 'colcon_meta'
[0.791s] Level 1:colcon.colcon_core.package_identification:_identify(src/ci_agent) by extensions ['ros']
[0.791s] Level 1:colcon.colcon_core.package_identification:_identify(src/ci_agent) by extension 'ros'
[0.792s] DEBUG:colcon.colcon_core.package_identification:Package 'src/ci_agent' with type 'ros.catkin' and name 'ci_agent'
[0.792s] Level 1:colcon.colcon_core.package_identification:_identify(src/visitor_agent) by extensions ['ignore', 'ignore_ament_install']
[0.792s] Level 1:colcon.colcon_core.package_identification:_identify(src/visitor_agent) by extension 'ignore'
[0.792s] Level 1:colcon.colcon_core.package_identification:_identify(src/visitor_agent) by extension 'ignore_ament_install'
[0.792s] Level 1:colcon.colcon_core.package_identification:_identify(src/visitor_agent) by extensions ['colcon_pkg']
[0.793s] Level 1:colcon.colcon_core.package_identification:_identify(src/visitor_agent) by extension 'colcon_pkg'
[0.793s] Level 1:colcon.colcon_core.package_identification:_identify(src/visitor_agent) by extensions ['colcon_meta']
[0.793s] Level 1:colcon.colcon_core.package_identification:_identify(src/visitor_agent) by extension 'colcon_meta'
[0.793s] Level 1:colcon.colcon_core.package_identification:_identify(src/visitor_agent) by extensions ['ros']
[0.793s] Level 1:colcon.colcon_core.package_identification:_identify(src/visitor_agent) by extension 'ros'
[0.794s] DEBUG:colcon.colcon_core.package_identification:Package 'src/visitor_agent' with type 'ros.catkin' and name 'visitor_agent'
[0.794s] Level 1:colcon.colcon_core.package_discovery:discover_packages(recursive) using defaults
[0.794s] Level 1:colcon.colcon_core.package_discovery:discover_packages(ignore) discover
[0.794s] Level 1:colcon.colcon_core.package_discovery:discover_packages(ignore) using defaults
[0.794s] Level 1:colcon.colcon_core.package_discovery:discover_packages(path) discover
[0.794s] Level 1:colcon.colcon_core.package_discovery:discover_packages(path) using defaults
[0.830s] Level 1:colcon.colcon_core.package_discovery:discover_packages(prefix_path) check parameters
[0.830s] Level 1:colcon.colcon_core.package_discovery:discover_packages(prefix_path) discover
[0.833s] WARNING:colcon.colcon_ros.prefix_path.catkin:The path '/home/manish/ros2_ws/install/visitor_agent' in the environment variable CMAKE_PREFIX_PATH doesn't exist
[0.834s] WARNING:colcon.colcon_ros.prefix_path.catkin:The path '/home/manish/ros2_ws/install/ci_agent' in the environment variable CMAKE_PREFIX_PATH doesn't exist
[0.834s] WARNING:colcon.colcon_ros.prefix_path.catkin:The path '/home/manish/ros2_ws/install/bi_agent' in the environment variable CMAKE_PREFIX_PATH doesn't exist
[0.836s] DEBUG:colcon.colcon_installed_package_information.package_discovery:Found 0 installed packages in /home/manish/ros2_ws/install
[0.838s] DEBUG:colcon.colcon_installed_package_information.package_discovery:Found 270 installed packages in /opt/ros/humble
[0.841s] Level 1:colcon.colcon_core.package_discovery:discover_packages(prefix_path) using defaults
[0.962s] Level 5:colcon.colcon_core.verb:set package 'bi_agent' build argument 'cmake_args' from command line to 'None'
[0.962s] Level 5:colcon.colcon_core.verb:set package 'bi_agent' build argument 'cmake_target' from command line to 'None'
[0.962s] Level 5:colcon.colcon_core.verb:set package 'bi_agent' build argument 'cmake_target_skip_unavailable' from command line to 'False'
[0.962s] Level 5:colcon.colcon_core.verb:set package 'bi_agent' build argument 'cmake_clean_cache' from command line to 'False'
[0.962s] Level 5:colcon.colcon_core.verb:set package 'bi_agent' build argument 'cmake_clean_first' from command line to 'False'
[0.962s] Level 5:colcon.colcon_core.verb:set package 'bi_agent' build argument 'cmake_force_configure' from command line to 'False'
[0.962s] Level 5:colcon.colcon_core.verb:set package 'bi_agent' build argument 'ament_cmake_args' from command line to 'None'
[0.962s] Level 5:colcon.colcon_core.verb:set package 'bi_agent' build argument 'catkin_cmake_args' from command line to 'None'
[0.962s] Level 5:colcon.colcon_core.verb:set package 'bi_agent' build argument 'catkin_skip_building_tests' from command line to 'False'
[0.962s] DEBUG:colcon.colcon_core.verb:Building package 'bi_agent' with the following arguments: {'ament_cmake_args': None, 'build_base': '/home/manish/ros2_ws/build/bi_agent', 'catkin_cmake_args': None, 'catkin_skip_building_tests': False, 'cmake_args': None, 'cmake_clean_cache': False, 'cmake_clean_first': False, 'cmake_force_configure': False, 'cmake_target': None, 'cmake_target_skip_unavailable': False, 'install_base': '/home/manish/ros2_ws/install/bi_agent', 'merge_install': False, 'path': '/home/manish/ros2_ws/src/bi_agent', 'symlink_install': False, 'test_result_base': None}
[0.963s] Level 5:colcon.colcon_core.verb:set package 'ci_agent' build argument 'cmake_args' from command line to 'None'
[0.963s] Level 5:colcon.colcon_core.verb:set package 'ci_agent' build argument 'cmake_target' from command line to 'None'
[0.963s] Level 5:colcon.colcon_core.verb:set package 'ci_agent' build argument 'cmake_target_skip_unavailable' from command line to 'False'
[0.963s] Level 5:colcon.colcon_core.verb:set package 'ci_agent' build argument 'cmake_clean_cache' from command line to 'False'
[0.963s] Level 5:colcon.colcon_core.verb:set package 'ci_agent' build argument 'cmake_clean_first' from command line to 'False'
[0.963s] Level 5:colcon.colcon_core.verb:set package 'ci_agent' build argument 'cmake_force_configure' from command line to 'False'
[0.963s] Level 5:colcon.colcon_core.verb:set package 'ci_agent' build argument 'ament_cmake_args' from command line to 'None'
[0.963s] Level 5:colcon.colcon_core.verb:set package 'ci_agent' build argument 'catkin_cmake_args' from command line to 'None'
[0.963s] Level 5:colcon.colcon_core.verb:set package 'ci_agent' build argument 'catkin_skip_building_tests' from command line to 'False'
[0.963s] DEBUG:colcon.colcon_core.verb:Building package 'ci_agent' with the following arguments: {'ament_cmake_args': None, 'build_base': '/home/manish/ros2_ws/build/ci_agent', 'catkin_cmake_args': None, 'catkin_skip_building_tests': False, 'cmake_args': None, 'cmake_clean_cache': False, 'cmake_clean_first': False, 'cmake_force_configure': False, 'cmake_target': None, 'cmake_target_skip_unavailable': False, 'install_base': '/home/manish/ros2_ws/install/ci_agent', 'merge_install': False, 'path': '/home/manish/ros2_ws/src/ci_agent', 'symlink_install': False, 'test_result_base': None}
[0.963s] Level 5:colcon.colcon_core.verb:set package 'visitor_agent' build argument 'cmake_args' from command line to 'None'
[0.963s] Level 5:colcon.colcon_core.verb:set package 'visitor_agent' build argument 'cmake_target' from command line to 'None'
[0.963s] Level 5:colcon.colcon_core.verb:set package 'visitor_agent' build argument 'cmake_target_skip_unavailable' from command line to 'False'
[0.963s] Level 5:colcon.colcon_core.verb:set package 'visitor_agent' build argument 'cmake_clean_cache' from command line to 'False'
[0.964s] Level 5:colcon.colcon_core.verb:set package 'visitor_agent' build argument 'cmake_clean_first' from command line to 'False'
[0.964s] Level 5:colcon.colcon_core.verb:set package 'visitor_agent' build argument 'cmake_force_configure' from command line to 'False'
[0.964s] Level 5:colcon.colcon_core.verb:set package 'visitor_agent' build argument 'ament_cmake_args' from command line to 'None'
[0.964s] Level 5:colcon.colcon_core.verb:set package 'visitor_agent' build argument 'catkin_cmake_args' from command line to 'None'
[0.964s] Level 5:colcon.colcon_core.verb:set package 'visitor_agent' build argument 'catkin_skip_building_tests' from command line to 'False'
[0.964s] DEBUG:colcon.colcon_core.verb:Building package 'visitor_agent' with the following arguments: {'ament_cmake_args': None, 'build_base': '/home/manish/ros2_ws/build/visitor_agent', 'catkin_cmake_args': None, 'catkin_skip_building_tests': False, 'cmake_args': None, 'cmake_clean_cache': False, 'cmake_clean_first': False, 'cmake_force_configure': False, 'cmake_target': None, 'cmake_target_skip_unavailable': False, 'install_base': '/home/manish/ros2_ws/install/visitor_agent', 'merge_install': False, 'path': '/home/manish/ros2_ws/src/visitor_agent', 'symlink_install': False, 'test_result_base': None}
[0.964s] INFO:colcon.colcon_core.executor:Executing jobs using 'parallel' executor
[0.965s] DEBUG:colcon.colcon_parallel_executor.executor.parallel:run_until_complete
[0.965s] INFO:colcon.colcon_ros.task.catkin.build:Building ROS package in '/home/manish/ros2_ws/src/bi_agent' with build type 'catkin'
[0.965s] INFO:colcon.colcon_cmake.task.cmake.build:Building CMake package in '/home/manish/ros2_ws/src/bi_agent'
[0.975s] INFO:colcon.colcon_core.plugin_system:Skipping extension 'colcon_core.shell.bat': Not used on non-Windows systems
[0.975s] INFO:colcon.colcon_core.shell:Skip shell extension 'powershell' for command environment: Not usable outside of PowerShell
[0.976s] DEBUG:colcon.colcon_core.shell:Skip shell extension 'dsv' for command environment
[0.979s] INFO:colcon.colcon_ros.task.catkin.build:Building ROS package in '/home/manish/ros2_ws/src/ci_agent' with build type 'catkin'
[0.979s] INFO:colcon.colcon_cmake.task.cmake.build:Building CMake package in '/home/manish/ros2_ws/src/ci_agent'
[0.980s] INFO:colcon.colcon_core.shell:Skip shell extension 'powershell' for command environment: Not usable outside of PowerShell
[0.980s] DEBUG:colcon.colcon_core.shell:Skip shell extension 'dsv' for command environment
[0.983s] INFO:colcon.colcon_ros.task.catkin.build:Building ROS package in '/home/manish/ros2_ws/src/visitor_agent' with build type 'catkin'
[0.984s] INFO:colcon.colcon_cmake.task.cmake.build:Building CMake package in '/home/manish/ros2_ws/src/visitor_agent'
[0.985s] INFO:colcon.colcon_core.shell:Skip shell extension 'powershell' for command environment: Not usable outside of PowerShell
[0.985s] DEBUG:colcon.colcon_core.shell:Skip shell extension 'dsv' for command environment
[0.997s] DEBUG:colcon.colcon_core.event_handler.log_command:Invoking command in '/home/manish/ros2_ws/build/bi_agent': CONDA_PROMPT_MODIFIER=(auto) /usr/bin/cmake /home/manish/ros2_ws/src/bi_agent -DCATKIN_INSTALL_INTO_PREFIX_ROOT=0 -DCMAKE_INSTALL_PREFIX=/home/manish/ros2_ws/install/bi_agent
[1.004s] DEBUG:colcon.colcon_core.event_handler.log_command:Invoking command in '/home/manish/ros2_ws/build/ci_agent': CONDA_PROMPT_MODIFIER=(auto) /usr/bin/cmake /home/manish/ros2_ws/src/ci_agent -DCATKIN_INSTALL_INTO_PREFIX_ROOT=0 -DCMAKE_INSTALL_PREFIX=/home/manish/ros2_ws/install/ci_agent
[1.009s] DEBUG:colcon.colcon_core.event_handler.log_command:Invoking command in '/home/manish/ros2_ws/build/visitor_agent': CONDA_PROMPT_MODIFIER=(auto) /usr/bin/cmake /home/manish/ros2_ws/src/visitor_agent -DCATKIN_INSTALL_INTO_PREFIX_ROOT=0 -DCMAKE_INSTALL_PREFIX=/home/manish/ros2_ws/install/visitor_agent
[7.041s] DEBUG:colcon.colcon_core.event_handler.log_command:Invoked command in '/home/manish/ros2_ws/build/bi_agent' returned '0': CONDA_PROMPT_MODIFIER=(auto) /usr/bin/cmake /home/manish/ros2_ws/src/bi_agent -DCATKIN_INSTALL_INTO_PREFIX_ROOT=0 -DCMAKE_INSTALL_PREFIX=/home/manish/ros2_ws/install/bi_agent
[7.043s] DEBUG:colcon.colcon_core.event_handler.log_command:Invoking command in '/home/manish/ros2_ws/build/bi_agent': CONDA_PROMPT_MODIFIER=(auto) /usr/bin/cmake --build /home/manish/ros2_ws/build/bi_agent -- -j8 -l8
[7.088s] DEBUG:colcon.colcon_core.event_handler.log_command:Invoked command in '/home/manish/ros2_ws/build/bi_agent' returned '0': CONDA_PROMPT_MODIFIER=(auto) /usr/bin/cmake --build /home/manish/ros2_ws/build/bi_agent -- -j8 -l8
[7.144s] DEBUG:colcon.colcon_core.event_handler.log_command:Invoking command in '/home/manish/ros2_ws/build/bi_agent': CONDA_PROMPT_MODIFIER=(auto) /usr/bin/cmake --install /home/manish/ros2_ws/build/bi_agent
[7.166s] DEBUG:colcon.colcon_core.event_handler.log_command:Invoked command in '/home/manish/ros2_ws/build/bi_agent' returned '0': CONDA_PROMPT_MODIFIER=(auto) /usr/bin/cmake --install /home/manish/ros2_ws/build/bi_agent
[7.186s] Level 1:colcon.colcon_core.shell:create_environment_hook('bi_agent', 'ros_package_path')
[7.186s] INFO:colcon.colcon_core.shell:Creating environment hook '/home/manish/ros2_ws/install/bi_agent/share/bi_agent/hook/ros_package_path.ps1'
[7.189s] INFO:colcon.colcon_core.shell:Creating environment descriptor '/home/manish/ros2_ws/install/bi_agent/share/bi_agent/hook/ros_package_path.dsv'
[7.190s] INFO:colcon.colcon_core.shell:Creating environment hook '/home/manish/ros2_ws/install/bi_agent/share/bi_agent/hook/ros_package_path.sh'
[7.191s] Level 1:colcon.colcon_core.shell:create_environment_hook('bi_agent', 'pkg_config_path')
[7.192s] INFO:colcon.colcon_core.shell:Creating environment hook '/home/manish/ros2_ws/install/bi_agent/share/bi_agent/hook/pkg_config_path.ps1'
[7.192s] INFO:colcon.colcon_core.shell:Creating environment descriptor '/home/manish/ros2_ws/install/bi_agent/share/bi_agent/hook/pkg_config_path.dsv'
[7.193s] INFO:colcon.colcon_core.shell:Creating environment hook '/home/manish/ros2_ws/install/bi_agent/share/bi_agent/hook/pkg_config_path.sh'
[7.195s] Level 1:colcon.colcon_core.shell:create_environment_hook('bi_agent', 'pkg_config_path_multiarch')
[7.195s] INFO:colcon.colcon_core.shell:Creating environment hook '/home/manish/ros2_ws/install/bi_agent/share/bi_agent/hook/pkg_config_path_multiarch.ps1'
[7.196s] INFO:colcon.colcon_core.shell:Creating environment descriptor '/home/manish/ros2_ws/install/bi_agent/share/bi_agent/hook/pkg_config_path_multiarch.dsv'
[7.196s] INFO:colcon.colcon_core.shell:Creating environment hook '/home/manish/ros2_ws/install/bi_agent/share/bi_agent/hook/pkg_config_path_multiarch.sh'
[7.198s] Level 1:colcon.colcon_core.environment:create_environment_scripts_only(bi_agent)
[7.206s] Level 1:colcon.colcon_core.environment:checking '/home/manish/ros2_ws/install/bi_agent' for CMake module files
[7.207s] Level 1:colcon.colcon_core.environment:checking '/home/manish/ros2_ws/install/bi_agent' for CMake config files
[7.207s] Level 1:colcon.colcon_core.shell:create_environment_hook('bi_agent', 'cmake_prefix_path')
[7.208s] INFO:colcon.colcon_core.shell:Creating environment hook '/home/manish/ros2_ws/install/bi_agent/share/bi_agent/hook/cmake_prefix_path.ps1'
[7.208s] INFO:colcon.colcon_core.shell:Creating environment descriptor '/home/manish/ros2_ws/install/bi_agent/share/bi_agent/hook/cmake_prefix_path.dsv'
[7.209s] INFO:colcon.colcon_core.shell:Creating environment hook '/home/manish/ros2_ws/install/bi_agent/share/bi_agent/hook/cmake_prefix_path.sh'
[7.209s] Level 1:colcon.colcon_core.environment:checking '/home/manish/ros2_ws/install/bi_agent/lib'
[7.210s] Level 1:colcon.colcon_core.environment:checking '/home/manish/ros2_ws/install/bi_agent/bin'
[7.210s] Level 1:colcon.colcon_core.environment:checking '/home/manish/ros2_ws/install/bi_agent/lib/pkgconfig/bi_agent.pc'
[7.210s] Level 1:colcon.colcon_core.environment:checking '/home/manish/ros2_ws/install/bi_agent/lib/python3.10/site-packages'
[7.211s] Level 1:colcon.colcon_core.environment:checking '/home/manish/ros2_ws/install/bi_agent/bin'
[7.211s] INFO:colcon.colcon_core.shell:Creating package script '/home/manish/ros2_ws/install/bi_agent/share/bi_agent/package.ps1'
[7.213s] INFO:colcon.colcon_core.shell:Creating package descriptor '/home/manish/ros2_ws/install/bi_agent/share/bi_agent/package.dsv'
[7.214s] INFO:colcon.colcon_core.shell:Creating package script '/home/manish/ros2_ws/install/bi_agent/share/bi_agent/package.sh'
[7.216s] INFO:colcon.colcon_core.shell:Creating package script '/home/manish/ros2_ws/install/bi_agent/share/bi_agent/package.bash'
[7.217s] INFO:colcon.colcon_core.shell:Creating package script '/home/manish/ros2_ws/install/bi_agent/share/bi_agent/package.zsh'
[7.219s] Level 1:colcon.colcon_core.environment:create_file_with_runtime_dependencies(/home/manish/ros2_ws/install/bi_agent/share/colcon-core/packages/bi_agent)
[7.906s] DEBUG:colcon.colcon_core.event_handler.log_command:Invoked command in '/home/manish/ros2_ws/build/ci_agent' returned '0': CONDA_PROMPT_MODIFIER=(auto) /usr/bin/cmake /home/manish/ros2_ws/src/ci_agent -DCATKIN_INSTALL_INTO_PREFIX_ROOT=0 -DCMAKE_INSTALL_PREFIX=/home/manish/ros2_ws/install/ci_agent
[7.908s] DEBUG:colcon.colcon_core.event_handler.log_command:Invoking command in '/home/manish/ros2_ws/build/ci_agent': CONDA_PROMPT_MODIFIER=(auto) /usr/bin/cmake --build /home/manish/ros2_ws/build/ci_agent -- -j8 -l8
[7.942s] DEBUG:colcon.colcon_core.event_handler.log_command:Invoked command in '/home/manish/ros2_ws/build/ci_agent' returned '0': CONDA_PROMPT_MODIFIER=(auto) /usr/bin/cmake --build /home/manish/ros2_ws/build/ci_agent -- -j8 -l8
[7.983s] DEBUG:colcon.colcon_core.event_handler.log_command:Invoking command in '/home/manish/ros2_ws/build/ci_agent': CONDA_PROMPT_MODIFIER=(auto) /usr/bin/cmake --install /home/manish/ros2_ws/build/ci_agent
[7.996s] DEBUG:colcon.colcon_core.event_handler.log_command:Invoked command in '/home/manish/ros2_ws/build/ci_agent' returned '0': CONDA_PROMPT_MODIFIER=(auto) /usr/bin/cmake --install /home/manish/ros2_ws/build/ci_agent
[8.017s] Level 1:colcon.colcon_core.shell:create_environment_hook('ci_agent', 'ros_package_path')
[8.017s] INFO:colcon.colcon_core.shell:Creating environment hook '/home/manish/ros2_ws/install/ci_agent/share/ci_agent/hook/ros_package_path.ps1'
[8.018s] INFO:colcon.colcon_core.shell:Creating environment descriptor '/home/manish/ros2_ws/install/ci_agent/share/ci_agent/hook/ros_package_path.dsv'
[8.018s] INFO:colcon.colcon_core.shell:Creating environment hook '/home/manish/ros2_ws/install/ci_agent/share/ci_agent/hook/ros_package_path.sh'
[8.019s] Level 1:colcon.colcon_core.shell:create_environment_hook('ci_agent', 'pkg_config_path')
[8.019s] INFO:colcon.colcon_core.shell:Creating environment hook '/home/manish/ros2_ws/install/ci_agent/share/ci_agent/hook/pkg_config_path.ps1'
[8.020s] INFO:colcon.colcon_core.shell:Creating environment descriptor '/home/manish/ros2_ws/install/ci_agent/share/ci_agent/hook/pkg_config_path.dsv'
[8.020s] INFO:colcon.colcon_core.shell:Creating environment hook '/home/manish/ros2_ws/install/ci_agent/share/ci_agent/hook/pkg_config_path.sh'
[8.021s] Level 1:colcon.colcon_core.shell:create_environment_hook('ci_agent', 'pkg_config_path_multiarch')
[8.021s] INFO:colcon.colcon_core.shell:Creating environment hook '/home/manish/ros2_ws/install/ci_agent/share/ci_agent/hook/pkg_config_path_multiarch.ps1'
[8.022s] INFO:colcon.colcon_core.shell:Creating environment descriptor '/home/manish/ros2_ws/install/ci_agent/share/ci_agent/hook/pkg_config_path_multiarch.dsv'
[8.023s] INFO:colcon.colcon_core.shell:Creating environment hook '/home/manish/ros2_ws/install/ci_agent/share/ci_agent/hook/pkg_config_path_multiarch.sh'
[8.023s] Level 1:colcon.colcon_core.environment:create_environment_scripts_only(ci_agent)
[8.024s] Level 1:colcon.colcon_core.environment:checking '/home/manish/ros2_ws/install/ci_agent' for CMake module files
[8.024s] Level 1:colcon.colcon_core.environment:checking '/home/manish/ros2_ws/install/ci_agent' for CMake config files
[8.025s] Level 1:colcon.colcon_core.shell:create_environment_hook('ci_agent', 'cmake_prefix_path')
[8.025s] INFO:colcon.colcon_core.shell:Creating environment hook '/home/manish/ros2_ws/install/ci_agent/share/ci_agent/hook/cmake_prefix_path.ps1'
[8.026s] INFO:colcon.colcon_core.shell:Creating environment descriptor '/home/manish/ros2_ws/install/ci_agent/share/ci_agent/hook/cmake_prefix_path.dsv'
[8.026s] INFO:colcon.colcon_core.shell:Creating environment hook '/home/manish/ros2_ws/install/ci_agent/share/ci_agent/hook/cmake_prefix_path.sh'
[8.027s] Level 1:colcon.colcon_core.environment:checking '/home/manish/ros2_ws/install/ci_agent/lib'
[8.027s] Level 1:colcon.colcon_core.environment:checking '/home/manish/ros2_ws/install/ci_agent/bin'
[8.027s] Level 1:colcon.colcon_core.environment:checking '/home/manish/ros2_ws/install/ci_agent/lib/pkgconfig/ci_agent.pc'
[8.028s] Level 1:colcon.colcon_core.environment:checking '/home/manish/ros2_ws/install/ci_agent/lib/python3.10/site-packages'
[8.028s] Level 1:colcon.colcon_core.environment:checking '/home/manish/ros2_ws/install/ci_agent/bin'
[8.029s] INFO:colcon.colcon_core.shell:Creating package script '/home/manish/ros2_ws/install/ci_agent/share/ci_agent/package.ps1'
[8.029s] INFO:colcon.colcon_core.shell:Creating package descriptor '/home/manish/ros2_ws/install/ci_agent/share/ci_agent/package.dsv'
[8.030s] INFO:colcon.colcon_core.shell:Creating package script '/home/manish/ros2_ws/install/ci_agent/share/ci_agent/package.sh'
[8.031s] INFO:colcon.colcon_core.shell:Creating package script '/home/manish/ros2_ws/install/ci_agent/share/ci_agent/package.bash'
[8.031s] INFO:colcon.colcon_core.shell:Creating package script '/home/manish/ros2_ws/install/ci_agent/share/ci_agent/package.zsh'
[8.032s] Level 1:colcon.colcon_core.environment:create_file_with_runtime_dependencies(/home/manish/ros2_ws/install/ci_agent/share/colcon-core/packages/ci_agent)
[8.598s] DEBUG:colcon.colcon_core.event_handler.log_command:Invoked command in '/home/manish/ros2_ws/build/visitor_agent' returned '0': CONDA_PROMPT_MODIFIER=(auto) /usr/bin/cmake /home/manish/ros2_ws/src/visitor_agent -DCATKIN_INSTALL_INTO_PREFIX_ROOT=0 -DCMAKE_INSTALL_PREFIX=/home/manish/ros2_ws/install/visitor_agent
[8.599s] DEBUG:colcon.colcon_core.event_handler.log_command:Invoking command in '/home/manish/ros2_ws/build/visitor_agent': CONDA_PROMPT_MODIFIER=(auto) /usr/bin/cmake --build /home/manish/ros2_ws/build/visitor_agent -- -j8 -l8
[8.628s] DEBUG:colcon.colcon_core.event_handler.log_command:Invoked command in '/home/manish/ros2_ws/build/visitor_agent' returned '0': CONDA_PROMPT_MODIFIER=(auto) /usr/bin/cmake --build /home/manish/ros2_ws/build/visitor_agent -- -j8 -l8
[8.663s] DEBUG:colcon.colcon_core.event_handler.log_command:Invoking command in '/home/manish/ros2_ws/build/visitor_agent': CONDA_PROMPT_MODIFIER=(auto) /usr/bin/cmake --install /home/manish/ros2_ws/build/visitor_agent
[8.682s] DEBUG:colcon.colcon_core.event_handler.log_command:Invoked command in '/home/manish/ros2_ws/build/visitor_agent' returned '0': CONDA_PROMPT_MODIFIER=(auto) /usr/bin/cmake --install /home/manish/ros2_ws/build/visitor_agent
[8.700s] Level 1:colcon.colcon_core.shell:create_environment_hook('visitor_agent', 'ros_package_path')
[8.700s] INFO:colcon.colcon_core.shell:Creating environment hook '/home/manish/ros2_ws/install/visitor_agent/share/visitor_agent/hook/ros_package_path.ps1'
[8.701s] INFO:colcon.colcon_core.shell:Creating environment descriptor '/home/manish/ros2_ws/install/visitor_agent/share/visitor_agent/hook/ros_package_path.dsv'
[8.701s] INFO:colcon.colcon_core.shell:Creating environment hook '/home/manish/ros2_ws/install/visitor_agent/share/visitor_agent/hook/ros_package_path.sh'
[8.702s] Level 1:colcon.colcon_core.shell:create_environment_hook('visitor_agent', 'pkg_config_path')
[8.702s] INFO:colcon.colcon_core.shell:Creating environment hook '/home/manish/ros2_ws/install/visitor_agent/share/visitor_agent/hook/pkg_config_path.ps1'
[8.703s] INFO:colcon.colcon_core.shell:Creating environment descriptor '/home/manish/ros2_ws/install/visitor_agent/share/visitor_agent/hook/pkg_config_path.dsv'
[8.703s] INFO:colcon.colcon_core.shell:Creating environment hook '/home/manish/ros2_ws/install/visitor_agent/share/visitor_agent/hook/pkg_config_path.sh'
[8.703s] Level 1:colcon.colcon_core.shell:create_environment_hook('visitor_agent', 'pkg_config_path_multiarch')
[8.704s] INFO:colcon.colcon_core.shell:Creating environment hook '/home/manish/ros2_ws/install/visitor_agent/share/visitor_agent/hook/pkg_config_path_multiarch.ps1'
[8.704s] INFO:colcon.colcon_core.shell:Creating environment descriptor '/home/manish/ros2_ws/install/visitor_agent/share/visitor_agent/hook/pkg_config_path_multiarch.dsv'
[8.704s] INFO:colcon.colcon_core.shell:Creating environment hook '/home/manish/ros2_ws/install/visitor_agent/share/visitor_agent/hook/pkg_config_path_multiarch.sh'
[8.705s] Level 1:colcon.colcon_core.environment:create_environment_scripts_only(visitor_agent)
[8.705s] Level 1:colcon.colcon_core.environment:checking '/home/manish/ros2_ws/install/visitor_agent' for CMake module files
[8.705s] Level 1:colcon.colcon_core.environment:checking '/home/manish/ros2_ws/install/visitor_agent' for CMake config files
[8.705s] Level 1:colcon.colcon_core.shell:create_environment_hook('visitor_agent', 'cmake_prefix_path')
[8.706s] INFO:colcon.colcon_core.shell:Creating environment hook '/home/manish/ros2_ws/install/visitor_agent/share/visitor_agent/hook/cmake_prefix_path.ps1'
[8.706s] INFO:colcon.colcon_core.shell:Creating environment descriptor '/home/manish/ros2_ws/install/visitor_agent/share/visitor_agent/hook/cmake_prefix_path.dsv'
[8.706s] INFO:colcon.colcon_core.shell:Creating environment hook '/home/manish/ros2_ws/install/visitor_agent/share/visitor_agent/hook/cmake_prefix_path.sh'
[8.707s] Level 1:colcon.colcon_core.environment:checking '/home/manish/ros2_ws/install/visitor_agent/lib'
[8.707s] Level 1:colcon.colcon_core.environment:checking '/home/manish/ros2_ws/install/visitor_agent/bin'
[8.707s] Level 1:colcon.colcon_core.environment:checking '/home/manish/ros2_ws/install/visitor_agent/lib/pkgconfig/visitor_agent.pc'
[8.707s] Level 1:colcon.colcon_core.environment:checking '/home/manish/ros2_ws/install/visitor_agent/lib/python3.10/site-packages'
[8.707s] Level 1:colcon.colcon_core.environment:checking '/home/manish/ros2_ws/install/visitor_agent/bin'
[8.707s] INFO:colcon.colcon_core.shell:Creating package script '/home/manish/ros2_ws/install/visitor_agent/share/visitor_agent/package.ps1'
[8.708s] INFO:colcon.colcon_core.shell:Creating package descriptor '/home/manish/ros2_ws/install/visitor_agent/share/visitor_agent/package.dsv'
[8.708s] INFO:colcon.colcon_core.shell:Creating package script '/home/manish/ros2_ws/install/visitor_agent/share/visitor_agent/package.sh'
[8.709s] INFO:colcon.colcon_core.shell:Creating package script '/home/manish/ros2_ws/install/visitor_agent/share/visitor_agent/package.bash'
[8.709s] INFO:colcon.colcon_core.shell:Creating package script '/home/manish/ros2_ws/install/visitor_agent/share/visitor_agent/package.zsh'
[8.709s] Level 1:colcon.colcon_core.environment:create_file_with_runtime_dependencies(/home/manish/ros2_ws/install/visitor_agent/share/colcon-core/packages/visitor_agent)
[8.710s] DEBUG:colcon.colcon_parallel_executor.executor.parallel:closing loop
[8.711s] DEBUG:colcon.colcon_parallel_executor.executor.parallel:loop closed
[8.711s] DEBUG:colcon.colcon_parallel_executor.executor.parallel:run_until_complete finished with '0'
[8.712s] DEBUG:colcon.colcon_core.event_reactor:joining thread
[8.751s] INFO:colcon.colcon_core.plugin_system:Skipping extension 'colcon_notification.desktop_notification.notify_send': Could not find 'notify-send'
[8.752s] INFO:colcon.colcon_core.plugin_system:Skipping extension 'colcon_notification.desktop_notification.terminal_notifier': Not used on non-Darwin systems
[8.752s] INFO:colcon.colcon_core.plugin_system:Skipping extension 'colcon_notification.desktop_notification.win32': Not used on non-Windows systems
[8.752s] INFO:colcon.colcon_notification.desktop_notification:Sending desktop notification using 'notify2'
[8.752s] DEBUG:colcon.colcon_notification.desktop_notification.notify2:Failed to initialize notify2: org.freedesktop.DBus.Error.FileNotFound: Failed to connect to socket /run/user/1000/bus: No such file or directory
[8.752s] DEBUG:colcon.colcon_core.event_reactor:joined thread
[8.752s] INFO:colcon.colcon_core.shell:Creating prefix script '/home/manish/ros2_ws/install/local_setup.ps1'
[8.754s] INFO:colcon.colcon_core.shell:Creating prefix util module '/home/manish/ros2_ws/install/_local_setup_util_ps1.py'
[8.755s] INFO:colcon.colcon_core.shell:Creating prefix chain script '/home/manish/ros2_ws/install/setup.ps1'
[8.756s] INFO:colcon.colcon_core.shell:Creating prefix script '/home/manish/ros2_ws/install/local_setup.sh'
[8.757s] INFO:colcon.colcon_core.shell:Creating prefix util module '/home/manish/ros2_ws/install/_local_setup_util_sh.py'
[8.757s] INFO:colcon.colcon_core.shell:Creating prefix chain script '/home/manish/ros2_ws/install/setup.sh'
[8.758s] INFO:colcon.colcon_core.shell:Creating prefix script '/home/manish/ros2_ws/install/local_setup.bash'
[8.759s] INFO:colcon.colcon_core.shell:Creating prefix chain script '/home/manish/ros2_ws/install/setup.bash'
[8.760s] INFO:colcon.colcon_core.shell:Creating prefix script '/home/manish/ros2_ws/install/local_setup.zsh'
[8.761s] INFO:colcon.colcon_core.shell:Creating prefix chain script '/home/manish/ros2_ws/install/setup.zsh'
