[0.363s] DEBUG:colcon:Command line arguments: ['/usr/bin/colcon', 'build', '--packages-select', 'ci_agent', 'bi_agent', 'visitor_agent']
[0.363s] DEBUG:colcon:Parsed command line arguments: Namespace(log_base=None, log_level=None, verb_name='build', build_base='build', install_base='install', merge_install=False, symlink_install=False, test_result_base=None, continue_on_error=False, executor='parallel', parallel_workers=8, event_handlers=None, ignore_user_meta=False, metas=['./colcon.meta'], base_paths=['.'], packages_ignore=None, packages_ignore_regex=None, paths=None, packages_up_to=None, packages_up_to_regex=None, packages_above=None, packages_above_and_dependencies=None, packages_above_depth=None, packages_select_by_dep=None, packages_skip_by_dep=None, packages_skip_up_to=None, packages_select_build_failed=False, packages_skip_build_finished=False, packages_select_test_failures=False, packages_skip_test_passed=False, packages_select=['ci_agent', 'bi_agent', 'visitor_agent'], packages_skip=None, packages_select_regex=None, packages_skip_regex=None, packages_start=None, packages_end=None, allow_overriding=[], cmake_args=None, cmake_target=None, cmake_target_skip_unavailable=False, cmake_clean_cache=False, cmake_clean_first=False, cmake_force_configure=False, ament_cmake_args=None, catkin_cmake_args=None, catkin_skip_building_tests=False, mixin_files=None, mixin=None, verb_parser=<colcon_mixin.mixin.mixin_argument.MixinArgumentDecorator object at 0x7f17e9219a20>, verb_extension=<colcon_core.verb.build.BuildVerb object at 0x7f17e93a09a0>, main=<bound method BuildVerb.main of <colcon_core.verb.build.BuildVerb object at 0x7f17e93a09a0>>, mixin_verb=('build',))
[0.548s] Level 1:colcon.colcon_core.package_discovery:discover_packages(colcon_meta) check parameters
[0.548s] Level 1:colcon.colcon_core.package_discovery:discover_packages(recursive) check parameters
[0.548s] Level 1:colcon.colcon_core.package_discovery:discover_packages(ignore) check parameters
[0.548s] Level 1:colcon.colcon_core.package_discovery:discover_packages(path) check parameters
[0.548s] Level 1:colcon.colcon_core.package_discovery:discover_packages(colcon_meta) discover
[0.548s] Level 1:colcon.colcon_core.package_discovery:discover_packages(recursive) discover
[0.548s] INFO:colcon.colcon_core.package_discovery:Crawling recursively for packages in '/home/manish/ros2_ws'
[0.548s] Level 1:colcon.colcon_core.package_identification:_identify(.) by extensions ['ignore', 'ignore_ament_install']
[0.549s] Level 1:colcon.colcon_core.package_identification:_identify(.) by extension 'ignore'
[0.549s] Level 1:colcon.colcon_core.package_identification:_identify(.) by extension 'ignore_ament_install'
[0.549s] Level 1:colcon.colcon_core.package_identification:_identify(.) by extensions ['colcon_pkg']
[0.549s] Level 1:colcon.colcon_core.package_identification:_identify(.) by extension 'colcon_pkg'
[0.549s] Level 1:colcon.colcon_core.package_identification:_identify(.) by extensions ['colcon_meta']
[0.549s] Level 1:colcon.colcon_core.package_identification:_identify(.) by extension 'colcon_meta'
[0.549s] Level 1:colcon.colcon_core.package_identification:_identify(.) by extensions ['ros']
[0.549s] Level 1:colcon.colcon_core.package_identification:_identify(.) by extension 'ros'
[0.564s] Level 1:colcon.colcon_core.package_identification:_identify(.) by extensions ['cmake', 'python']
[0.565s] Level 1:colcon.colcon_core.package_identification:_identify(.) by extension 'cmake'
[0.565s] Level 1:colcon.colcon_core.package_identification:_identify(.) by extension 'python'
[0.565s] Level 1:colcon.colcon_core.package_identification:_identify(.) by extensions ['python_setup_py']
[0.565s] Level 1:colcon.colcon_core.package_identification:_identify(.) by extension 'python_setup_py'
[0.565s] Level 1:colcon.colcon_core.package_identification:_identify(build) by extensions ['ignore', 'ignore_ament_install']
[0.565s] Level 1:colcon.colcon_core.package_identification:_identify(build) by extension 'ignore'
[0.565s] Level 1:colcon.colcon_core.package_identification:_identify(build) ignored
[0.565s] Level 1:colcon.colcon_core.package_identification:_identify(install) by extensions ['ignore', 'ignore_ament_install']
[0.565s] Level 1:colcon.colcon_core.package_identification:_identify(install) by extension 'ignore'
[0.565s] Level 1:colcon.colcon_core.package_identification:_identify(install) ignored
[0.565s] Level 1:colcon.colcon_core.package_identification:_identify(log) by extensions ['ignore', 'ignore_ament_install']
[0.565s] Level 1:colcon.colcon_core.package_identification:_identify(log) by extension 'ignore'
[0.565s] Level 1:colcon.colcon_core.package_identification:_identify(log) ignored
[0.565s] Level 1:colcon.colcon_core.package_identification:_identify(src) by extensions ['ignore', 'ignore_ament_install']
[0.566s] Level 1:colcon.colcon_core.package_identification:_identify(src) by extension 'ignore'
[0.566s] Level 1:colcon.colcon_core.package_identification:_identify(src) by extension 'ignore_ament_install'
[0.566s] Level 1:colcon.colcon_core.package_identification:_identify(src) by extensions ['colcon_pkg']
[0.566s] Level 1:colcon.colcon_core.package_identification:_identify(src) by extension 'colcon_pkg'
[0.566s] Level 1:colcon.colcon_core.package_identification:_identify(src) by extensions ['colcon_meta']
[0.566s] Level 1:colcon.colcon_core.package_identification:_identify(src) by extension 'colcon_meta'
[0.566s] Level 1:colcon.colcon_core.package_identification:_identify(src) by extensions ['ros']
[0.566s] Level 1:colcon.colcon_core.package_identification:_identify(src) by extension 'ros'
[0.566s] Level 1:colcon.colcon_core.package_identification:_identify(src) by extensions ['cmake', 'python']
[0.566s] Level 1:colcon.colcon_core.package_identification:_identify(src) by extension 'cmake'
[0.566s] Level 1:colcon.colcon_core.package_identification:_identify(src) by extension 'python'
[0.566s] Level 1:colcon.colcon_core.package_identification:_identify(src) by extensions ['python_setup_py']
[0.566s] Level 1:colcon.colcon_core.package_identification:_identify(src) by extension 'python_setup_py'
[0.566s] Level 1:colcon.colcon_core.package_identification:_identify(src/bi_agent) by extensions ['ignore', 'ignore_ament_install']
[0.567s] Level 1:colcon.colcon_core.package_identification:_identify(src/bi_agent) by extension 'ignore'
[0.567s] Level 1:colcon.colcon_core.package_identification:_identify(src/bi_agent) by extension 'ignore_ament_install'
[0.567s] Level 1:colcon.colcon_core.package_identification:_identify(src/bi_agent) by extensions ['colcon_pkg']
[0.567s] Level 1:colcon.colcon_core.package_identification:_identify(src/bi_agent) by extension 'colcon_pkg'
[0.567s] Level 1:colcon.colcon_core.package_identification:_identify(src/bi_agent) by extensions ['colcon_meta']
[0.567s] Level 1:colcon.colcon_core.package_identification:_identify(src/bi_agent) by extension 'colcon_meta'
[0.567s] Level 1:colcon.colcon_core.package_identification:_identify(src/bi_agent) by extensions ['ros']
[0.567s] Level 1:colcon.colcon_core.package_identification:_identify(src/bi_agent) by extension 'ros'
[0.572s] DEBUG:colcon.colcon_core.package_identification:Package 'src/bi_agent' with type 'ros.catkin' and name 'bi_agent'
[0.572s] Level 1:colcon.colcon_core.package_identification:_identify(src/ci_agent) by extensions ['ignore', 'ignore_ament_install']
[0.572s] Level 1:colcon.colcon_core.package_identification:_identify(src/ci_agent) by extension 'ignore'
[0.572s] Level 1:colcon.colcon_core.package_identification:_identify(src/ci_agent) by extension 'ignore_ament_install'
[0.572s] Level 1:colcon.colcon_core.package_identification:_identify(src/ci_agent) by extensions ['colcon_pkg']
[0.572s] Level 1:colcon.colcon_core.package_identification:_identify(src/ci_agent) by extension 'colcon_pkg'
[0.572s] Level 1:colcon.colcon_core.package_identification:_identify(src/ci_agent) by extensions ['colcon_meta']
[0.572s] Level 1:colcon.colcon_core.package_identification:_identify(src/ci_agent) by extension 'colcon_meta'
[0.572s] Level 1:colcon.colcon_core.package_identification:_identify(src/ci_agent) by extensions ['ros']
[0.572s] Level 1:colcon.colcon_core.package_identification:_identify(src/ci_agent) by extension 'ros'
[0.574s] DEBUG:colcon.colcon_core.package_identification:Package 'src/ci_agent' with type 'ros.catkin' and name 'ci_agent'
[0.574s] Level 1:colcon.colcon_core.package_identification:_identify(src/map_visualization) by extensions ['ignore', 'ignore_ament_install']
[0.574s] Level 1:colcon.colcon_core.package_identification:_identify(src/map_visualization) by extension 'ignore'
[0.574s] Level 1:colcon.colcon_core.package_identification:_identify(src/map_visualization) by extension 'ignore_ament_install'
[0.574s] Level 1:colcon.colcon_core.package_identification:_identify(src/map_visualization) by extensions ['colcon_pkg']
[0.574s] Level 1:colcon.colcon_core.package_identification:_identify(src/map_visualization) by extension 'colcon_pkg'
[0.574s] Level 1:colcon.colcon_core.package_identification:_identify(src/map_visualization) by extensions ['colcon_meta']
[0.574s] Level 1:colcon.colcon_core.package_identification:_identify(src/map_visualization) by extension 'colcon_meta'
[0.574s] Level 1:colcon.colcon_core.package_identification:_identify(src/map_visualization) by extensions ['ros']
[0.574s] Level 1:colcon.colcon_core.package_identification:_identify(src/map_visualization) by extension 'ros'
[0.575s] Level 1:colcon.colcon_core.package_identification:_identify(src/map_visualization) by extensions ['cmake', 'python']
[0.575s] Level 1:colcon.colcon_core.package_identification:_identify(src/map_visualization) by extension 'cmake'
[0.575s] Level 1:colcon.colcon_core.package_identification:_identify(src/map_visualization) by extension 'python'
[0.575s] Level 1:colcon.colcon_core.package_identification:_identify(src/map_visualization) by extensions ['python_setup_py']
[0.575s] Level 1:colcon.colcon_core.package_identification:_identify(src/map_visualization) by extension 'python_setup_py'
[0.575s] Level 1:colcon.colcon_core.package_identification:_identify(src/visitor_agent) by extensions ['ignore', 'ignore_ament_install']
[0.575s] Level 1:colcon.colcon_core.package_identification:_identify(src/visitor_agent) by extension 'ignore'
[0.575s] Level 1:colcon.colcon_core.package_identification:_identify(src/visitor_agent) by extension 'ignore_ament_install'
[0.575s] Level 1:colcon.colcon_core.package_identification:_identify(src/visitor_agent) by extensions ['colcon_pkg']
[0.575s] Level 1:colcon.colcon_core.package_identification:_identify(src/visitor_agent) by extension 'colcon_pkg'
[0.575s] Level 1:colcon.colcon_core.package_identification:_identify(src/visitor_agent) by extensions ['colcon_meta']
[0.575s] Level 1:colcon.colcon_core.package_identification:_identify(src/visitor_agent) by extension 'colcon_meta'
[0.575s] Level 1:colcon.colcon_core.package_identification:_identify(src/visitor_agent) by extensions ['ros']
[0.575s] Level 1:colcon.colcon_core.package_identification:_identify(src/visitor_agent) by extension 'ros'
[0.577s] DEBUG:colcon.colcon_core.package_identification:Package 'src/visitor_agent' with type 'ros.catkin' and name 'visitor_agent'
[0.577s] Level 1:colcon.colcon_core.package_discovery:discover_packages(recursive) using defaults
[0.577s] Level 1:colcon.colcon_core.package_discovery:discover_packages(ignore) discover
[0.577s] Level 1:colcon.colcon_core.package_discovery:discover_packages(ignore) using defaults
[0.577s] Level 1:colcon.colcon_core.package_discovery:discover_packages(path) discover
[0.577s] Level 1:colcon.colcon_core.package_discovery:discover_packages(path) using defaults
[0.602s] Level 1:colcon.colcon_core.package_discovery:discover_packages(prefix_path) check parameters
[0.602s] Level 1:colcon.colcon_core.package_discovery:discover_packages(prefix_path) discover
[0.609s] DEBUG:colcon.colcon_installed_package_information.package_discovery:Found 270 installed packages in /opt/ros/humble
[0.622s] Level 1:colcon.colcon_core.package_discovery:discover_packages(prefix_path) using defaults
[0.719s] Level 5:colcon.colcon_core.verb:set package 'bi_agent' build argument 'cmake_args' from command line to 'None'
[0.719s] Level 5:colcon.colcon_core.verb:set package 'bi_agent' build argument 'cmake_target' from command line to 'None'
[0.719s] Level 5:colcon.colcon_core.verb:set package 'bi_agent' build argument 'cmake_target_skip_unavailable' from command line to 'False'
[0.719s] Level 5:colcon.colcon_core.verb:set package 'bi_agent' build argument 'cmake_clean_cache' from command line to 'False'
[0.719s] Level 5:colcon.colcon_core.verb:set package 'bi_agent' build argument 'cmake_clean_first' from command line to 'False'
[0.719s] Level 5:colcon.colcon_core.verb:set package 'bi_agent' build argument 'cmake_force_configure' from command line to 'False'
[0.719s] Level 5:colcon.colcon_core.verb:set package 'bi_agent' build argument 'ament_cmake_args' from command line to 'None'
[0.719s] Level 5:colcon.colcon_core.verb:set package 'bi_agent' build argument 'catkin_cmake_args' from command line to 'None'
[0.719s] Level 5:colcon.colcon_core.verb:set package 'bi_agent' build argument 'catkin_skip_building_tests' from command line to 'False'
[0.719s] DEBUG:colcon.colcon_core.verb:Building package 'bi_agent' with the following arguments: {'ament_cmake_args': None, 'build_base': '/home/manish/ros2_ws/build/bi_agent', 'catkin_cmake_args': None, 'catkin_skip_building_tests': False, 'cmake_args': None, 'cmake_clean_cache': False, 'cmake_clean_first': False, 'cmake_force_configure': False, 'cmake_target': None, 'cmake_target_skip_unavailable': False, 'install_base': '/home/manish/ros2_ws/install/bi_agent', 'merge_install': False, 'path': '/home/manish/ros2_ws/src/bi_agent', 'symlink_install': False, 'test_result_base': None}
[0.720s] Level 5:colcon.colcon_core.verb:set package 'ci_agent' build argument 'cmake_args' from command line to 'None'
[0.720s] Level 5:colcon.colcon_core.verb:set package 'ci_agent' build argument 'cmake_target' from command line to 'None'
[0.720s] Level 5:colcon.colcon_core.verb:set package 'ci_agent' build argument 'cmake_target_skip_unavailable' from command line to 'False'
[0.720s] Level 5:colcon.colcon_core.verb:set package 'ci_agent' build argument 'cmake_clean_cache' from command line to 'False'
[0.720s] Level 5:colcon.colcon_core.verb:set package 'ci_agent' build argument 'cmake_clean_first' from command line to 'False'
[0.720s] Level 5:colcon.colcon_core.verb:set package 'ci_agent' build argument 'cmake_force_configure' from command line to 'False'
[0.720s] Level 5:colcon.colcon_core.verb:set package 'ci_agent' build argument 'ament_cmake_args' from command line to 'None'
[0.720s] Level 5:colcon.colcon_core.verb:set package 'ci_agent' build argument 'catkin_cmake_args' from command line to 'None'
[0.720s] Level 5:colcon.colcon_core.verb:set package 'ci_agent' build argument 'catkin_skip_building_tests' from command line to 'False'
[0.720s] DEBUG:colcon.colcon_core.verb:Building package 'ci_agent' with the following arguments: {'ament_cmake_args': None, 'build_base': '/home/manish/ros2_ws/build/ci_agent', 'catkin_cmake_args': None, 'catkin_skip_building_tests': False, 'cmake_args': None, 'cmake_clean_cache': False, 'cmake_clean_first': False, 'cmake_force_configure': False, 'cmake_target': None, 'cmake_target_skip_unavailable': False, 'install_base': '/home/manish/ros2_ws/install/ci_agent', 'merge_install': False, 'path': '/home/manish/ros2_ws/src/ci_agent', 'symlink_install': False, 'test_result_base': None}
[0.720s] Level 5:colcon.colcon_core.verb:set package 'visitor_agent' build argument 'cmake_args' from command line to 'None'
[0.720s] Level 5:colcon.colcon_core.verb:set package 'visitor_agent' build argument 'cmake_target' from command line to 'None'
[0.720s] Level 5:colcon.colcon_core.verb:set package 'visitor_agent' build argument 'cmake_target_skip_unavailable' from command line to 'False'
[0.720s] Level 5:colcon.colcon_core.verb:set package 'visitor_agent' build argument 'cmake_clean_cache' from command line to 'False'
[0.721s] Level 5:colcon.colcon_core.verb:set package 'visitor_agent' build argument 'cmake_clean_first' from command line to 'False'
[0.721s] Level 5:colcon.colcon_core.verb:set package 'visitor_agent' build argument 'cmake_force_configure' from command line to 'False'
[0.721s] Level 5:colcon.colcon_core.verb:set package 'visitor_agent' build argument 'ament_cmake_args' from command line to 'None'
[0.721s] Level 5:colcon.colcon_core.verb:set package 'visitor_agent' build argument 'catkin_cmake_args' from command line to 'None'
[0.721s] Level 5:colcon.colcon_core.verb:set package 'visitor_agent' build argument 'catkin_skip_building_tests' from command line to 'False'
[0.721s] DEBUG:colcon.colcon_core.verb:Building package 'visitor_agent' with the following arguments: {'ament_cmake_args': None, 'build_base': '/home/manish/ros2_ws/build/visitor_agent', 'catkin_cmake_args': None, 'catkin_skip_building_tests': False, 'cmake_args': None, 'cmake_clean_cache': False, 'cmake_clean_first': False, 'cmake_force_configure': False, 'cmake_target': None, 'cmake_target_skip_unavailable': False, 'install_base': '/home/manish/ros2_ws/install/visitor_agent', 'merge_install': False, 'path': '/home/manish/ros2_ws/src/visitor_agent', 'symlink_install': False, 'test_result_base': None}
[0.721s] INFO:colcon.colcon_core.executor:Executing jobs using 'parallel' executor
[0.722s] DEBUG:colcon.colcon_parallel_executor.executor.parallel:run_until_complete
[0.722s] INFO:colcon.colcon_ros.task.catkin.build:Building ROS package in '/home/manish/ros2_ws/src/bi_agent' with build type 'catkin'
[0.722s] INFO:colcon.colcon_cmake.task.cmake.build:Building CMake package in '/home/manish/ros2_ws/src/bi_agent'
[0.731s] INFO:colcon.colcon_core.plugin_system:Skipping extension 'colcon_core.shell.bat': Not used on non-Windows systems
[0.731s] INFO:colcon.colcon_core.shell:Skip shell extension 'powershell' for command environment: Not usable outside of PowerShell
[0.731s] DEBUG:colcon.colcon_core.shell:Skip shell extension 'dsv' for command environment
[0.734s] INFO:colcon.colcon_ros.task.catkin.build:Building ROS package in '/home/manish/ros2_ws/src/ci_agent' with build type 'catkin'
[0.735s] INFO:colcon.colcon_cmake.task.cmake.build:Building CMake package in '/home/manish/ros2_ws/src/ci_agent'
[0.735s] INFO:colcon.colcon_core.shell:Skip shell extension 'powershell' for command environment: Not usable outside of PowerShell
[0.735s] DEBUG:colcon.colcon_core.shell:Skip shell extension 'dsv' for command environment
[0.740s] INFO:colcon.colcon_ros.task.catkin.build:Building ROS package in '/home/manish/ros2_ws/src/visitor_agent' with build type 'catkin'
[0.740s] INFO:colcon.colcon_cmake.task.cmake.build:Building CMake package in '/home/manish/ros2_ws/src/visitor_agent'
[0.741s] INFO:colcon.colcon_core.shell:Skip shell extension 'powershell' for command environment: Not usable outside of PowerShell
[0.741s] DEBUG:colcon.colcon_core.shell:Skip shell extension 'dsv' for command environment
[0.755s] DEBUG:colcon.colcon_core.event_handler.log_command:Invoking command in '/home/manish/ros2_ws/build/bi_agent': CONDA_PROMPT_MODIFIER=(auto) /usr/bin/cmake --build /home/manish/ros2_ws/build/bi_agent -- -j8 -l8
[0.760s] DEBUG:colcon.colcon_core.event_handler.log_command:Invoking command in '/home/manish/ros2_ws/build/ci_agent': CONDA_PROMPT_MODIFIER=(auto) /usr/bin/cmake --build /home/manish/ros2_ws/build/ci_agent -- -j8 -l8
[0.765s] DEBUG:colcon.colcon_core.event_handler.log_command:Invoking command in '/home/manish/ros2_ws/build/visitor_agent': CONDA_PROMPT_MODIFIER=(auto) /usr/bin/cmake --build /home/manish/ros2_ws/build/visitor_agent -- -j8 -l8
[0.904s] DEBUG:colcon.colcon_core.event_handler.log_command:Invoked command in '/home/manish/ros2_ws/build/visitor_agent' returned '0': CONDA_PROMPT_MODIFIER=(auto) /usr/bin/cmake --build /home/manish/ros2_ws/build/visitor_agent -- -j8 -l8
[0.910s] DEBUG:colcon.colcon_core.event_handler.log_command:Invoked command in '/home/manish/ros2_ws/build/ci_agent' returned '0': CONDA_PROMPT_MODIFIER=(auto) /usr/bin/cmake --build /home/manish/ros2_ws/build/ci_agent -- -j8 -l8
[0.911s] DEBUG:colcon.colcon_core.event_handler.log_command:Invoked command in '/home/manish/ros2_ws/build/bi_agent' returned '0': CONDA_PROMPT_MODIFIER=(auto) /usr/bin/cmake --build /home/manish/ros2_ws/build/bi_agent -- -j8 -l8
[0.953s] DEBUG:colcon.colcon_core.event_handler.log_command:Invoking command in '/home/manish/ros2_ws/build/visitor_agent': CONDA_PROMPT_MODIFIER=(auto) /usr/bin/cmake --install /home/manish/ros2_ws/build/visitor_agent
[0.958s] DEBUG:colcon.colcon_core.event_handler.log_command:Invoking command in '/home/manish/ros2_ws/build/ci_agent': CONDA_PROMPT_MODIFIER=(auto) /usr/bin/cmake --install /home/manish/ros2_ws/build/ci_agent
[0.960s] DEBUG:colcon.colcon_core.event_handler.log_command:Invoking command in '/home/manish/ros2_ws/build/bi_agent': CONDA_PROMPT_MODIFIER=(auto) /usr/bin/cmake --install /home/manish/ros2_ws/build/bi_agent
[0.983s] DEBUG:colcon.colcon_core.event_handler.log_command:Invoked command in '/home/manish/ros2_ws/build/ci_agent' returned '0': CONDA_PROMPT_MODIFIER=(auto) /usr/bin/cmake --install /home/manish/ros2_ws/build/ci_agent
[0.983s] DEBUG:colcon.colcon_core.event_handler.log_command:Invoked command in '/home/manish/ros2_ws/build/visitor_agent' returned '0': CONDA_PROMPT_MODIFIER=(auto) /usr/bin/cmake --install /home/manish/ros2_ws/build/visitor_agent
[0.984s] DEBUG:colcon.colcon_core.event_handler.log_command:Invoked command in '/home/manish/ros2_ws/build/bi_agent' returned '0': CONDA_PROMPT_MODIFIER=(auto) /usr/bin/cmake --install /home/manish/ros2_ws/build/bi_agent
[0.989s] Level 1:colcon.colcon_core.shell:create_environment_hook('ci_agent', 'ros_package_path')
[0.989s] INFO:colcon.colcon_core.shell:Creating environment hook '/home/manish/ros2_ws/install/ci_agent/share/ci_agent/hook/ros_package_path.ps1'
[0.990s] INFO:colcon.colcon_core.shell:Creating environment descriptor '/home/manish/ros2_ws/install/ci_agent/share/ci_agent/hook/ros_package_path.dsv'
[0.991s] INFO:colcon.colcon_core.shell:Creating environment hook '/home/manish/ros2_ws/install/ci_agent/share/ci_agent/hook/ros_package_path.sh'
[0.994s] Level 1:colcon.colcon_core.shell:create_environment_hook('ci_agent', 'pkg_config_path')
[0.994s] INFO:colcon.colcon_core.shell:Creating environment hook '/home/manish/ros2_ws/install/ci_agent/share/ci_agent/hook/pkg_config_path.ps1'
[0.995s] INFO:colcon.colcon_core.shell:Creating environment descriptor '/home/manish/ros2_ws/install/ci_agent/share/ci_agent/hook/pkg_config_path.dsv'
[0.995s] INFO:colcon.colcon_core.shell:Creating environment hook '/home/manish/ros2_ws/install/ci_agent/share/ci_agent/hook/pkg_config_path.sh'
[1.002s] Level 1:colcon.colcon_core.shell:create_environment_hook('ci_agent', 'pkg_config_path_multiarch')
[1.003s] INFO:colcon.colcon_core.shell:Creating environment hook '/home/manish/ros2_ws/install/ci_agent/share/ci_agent/hook/pkg_config_path_multiarch.ps1'
[1.003s] INFO:colcon.colcon_core.shell:Creating environment descriptor '/home/manish/ros2_ws/install/ci_agent/share/ci_agent/hook/pkg_config_path_multiarch.dsv'
[1.003s] INFO:colcon.colcon_core.shell:Creating environment hook '/home/manish/ros2_ws/install/ci_agent/share/ci_agent/hook/pkg_config_path_multiarch.sh'
[1.004s] Level 1:colcon.colcon_core.environment:create_environment_scripts_only(ci_agent)
[1.011s] Level 1:colcon.colcon_core.environment:checking '/home/manish/ros2_ws/install/ci_agent' for CMake module files
[1.012s] Level 1:colcon.colcon_core.environment:checking '/home/manish/ros2_ws/install/ci_agent' for CMake config files
[1.012s] Level 1:colcon.colcon_core.shell:create_environment_hook('ci_agent', 'cmake_prefix_path')
[1.012s] INFO:colcon.colcon_core.shell:Creating environment hook '/home/manish/ros2_ws/install/ci_agent/share/ci_agent/hook/cmake_prefix_path.ps1'
[1.013s] INFO:colcon.colcon_core.shell:Creating environment descriptor '/home/manish/ros2_ws/install/ci_agent/share/ci_agent/hook/cmake_prefix_path.dsv'
[1.013s] INFO:colcon.colcon_core.shell:Creating environment hook '/home/manish/ros2_ws/install/ci_agent/share/ci_agent/hook/cmake_prefix_path.sh'
[1.014s] Level 1:colcon.colcon_core.environment:checking '/home/manish/ros2_ws/install/ci_agent/lib'
[1.014s] Level 1:colcon.colcon_core.environment:checking '/home/manish/ros2_ws/install/ci_agent/bin'
[1.014s] Level 1:colcon.colcon_core.environment:checking '/home/manish/ros2_ws/install/ci_agent/lib/pkgconfig/ci_agent.pc'
[1.014s] Level 1:colcon.colcon_core.environment:checking '/home/manish/ros2_ws/install/ci_agent/lib/python3.10/site-packages'
[1.015s] Level 1:colcon.colcon_core.environment:checking '/home/manish/ros2_ws/install/ci_agent/bin'
[1.015s] INFO:colcon.colcon_core.shell:Creating package script '/home/manish/ros2_ws/install/ci_agent/share/ci_agent/package.ps1'
[1.016s] INFO:colcon.colcon_core.shell:Creating package descriptor '/home/manish/ros2_ws/install/ci_agent/share/ci_agent/package.dsv'
[1.017s] INFO:colcon.colcon_core.shell:Creating package script '/home/manish/ros2_ws/install/ci_agent/share/ci_agent/package.sh'
[1.019s] INFO:colcon.colcon_core.shell:Creating package script '/home/manish/ros2_ws/install/ci_agent/share/ci_agent/package.bash'
[1.020s] INFO:colcon.colcon_core.shell:Creating package script '/home/manish/ros2_ws/install/ci_agent/share/ci_agent/package.zsh'
[1.021s] Level 1:colcon.colcon_core.environment:create_file_with_runtime_dependencies(/home/manish/ros2_ws/install/ci_agent/share/colcon-core/packages/ci_agent)
[1.022s] Level 1:colcon.colcon_core.shell:create_environment_hook('visitor_agent', 'ros_package_path')
[1.022s] INFO:colcon.colcon_core.shell:Creating environment hook '/home/manish/ros2_ws/install/visitor_agent/share/visitor_agent/hook/ros_package_path.ps1'
[1.024s] INFO:colcon.colcon_core.shell:Creating environment descriptor '/home/manish/ros2_ws/install/visitor_agent/share/visitor_agent/hook/ros_package_path.dsv'
[1.024s] INFO:colcon.colcon_core.shell:Creating environment hook '/home/manish/ros2_ws/install/visitor_agent/share/visitor_agent/hook/ros_package_path.sh'
[1.025s] Level 1:colcon.colcon_core.shell:create_environment_hook('visitor_agent', 'pkg_config_path')
[1.025s] INFO:colcon.colcon_core.shell:Creating environment hook '/home/manish/ros2_ws/install/visitor_agent/share/visitor_agent/hook/pkg_config_path.ps1'
[1.026s] INFO:colcon.colcon_core.shell:Creating environment descriptor '/home/manish/ros2_ws/install/visitor_agent/share/visitor_agent/hook/pkg_config_path.dsv'
[1.026s] INFO:colcon.colcon_core.shell:Creating environment hook '/home/manish/ros2_ws/install/visitor_agent/share/visitor_agent/hook/pkg_config_path.sh'
[1.027s] Level 1:colcon.colcon_core.shell:create_environment_hook('visitor_agent', 'pkg_config_path_multiarch')
[1.027s] INFO:colcon.colcon_core.shell:Creating environment hook '/home/manish/ros2_ws/install/visitor_agent/share/visitor_agent/hook/pkg_config_path_multiarch.ps1'
[1.027s] INFO:colcon.colcon_core.shell:Creating environment descriptor '/home/manish/ros2_ws/install/visitor_agent/share/visitor_agent/hook/pkg_config_path_multiarch.dsv'
[1.028s] INFO:colcon.colcon_core.shell:Creating environment hook '/home/manish/ros2_ws/install/visitor_agent/share/visitor_agent/hook/pkg_config_path_multiarch.sh'
[1.028s] Level 1:colcon.colcon_core.environment:create_environment_scripts_only(visitor_agent)
[1.028s] Level 1:colcon.colcon_core.environment:checking '/home/manish/ros2_ws/install/visitor_agent' for CMake module files
[1.029s] Level 1:colcon.colcon_core.environment:checking '/home/manish/ros2_ws/install/visitor_agent' for CMake config files
[1.029s] Level 1:colcon.colcon_core.shell:create_environment_hook('visitor_agent', 'cmake_prefix_path')
[1.029s] INFO:colcon.colcon_core.shell:Creating environment hook '/home/manish/ros2_ws/install/visitor_agent/share/visitor_agent/hook/cmake_prefix_path.ps1'
[1.030s] INFO:colcon.colcon_core.shell:Creating environment descriptor '/home/manish/ros2_ws/install/visitor_agent/share/visitor_agent/hook/cmake_prefix_path.dsv'
[1.030s] INFO:colcon.colcon_core.shell:Creating environment hook '/home/manish/ros2_ws/install/visitor_agent/share/visitor_agent/hook/cmake_prefix_path.sh'
[1.031s] Level 1:colcon.colcon_core.environment:checking '/home/manish/ros2_ws/install/visitor_agent/lib'
[1.031s] Level 1:colcon.colcon_core.environment:checking '/home/manish/ros2_ws/install/visitor_agent/bin'
[1.031s] Level 1:colcon.colcon_core.environment:checking '/home/manish/ros2_ws/install/visitor_agent/lib/pkgconfig/visitor_agent.pc'
[1.031s] Level 1:colcon.colcon_core.environment:checking '/home/manish/ros2_ws/install/visitor_agent/lib/python3.10/site-packages'
[1.032s] Level 1:colcon.colcon_core.environment:checking '/home/manish/ros2_ws/install/visitor_agent/bin'
[1.032s] INFO:colcon.colcon_core.shell:Creating package script '/home/manish/ros2_ws/install/visitor_agent/share/visitor_agent/package.ps1'
[1.033s] INFO:colcon.colcon_core.shell:Creating package descriptor '/home/manish/ros2_ws/install/visitor_agent/share/visitor_agent/package.dsv'
[1.034s] INFO:colcon.colcon_core.shell:Creating package script '/home/manish/ros2_ws/install/visitor_agent/share/visitor_agent/package.sh'
[1.034s] INFO:colcon.colcon_core.shell:Creating package script '/home/manish/ros2_ws/install/visitor_agent/share/visitor_agent/package.bash'
[1.035s] INFO:colcon.colcon_core.shell:Creating package script '/home/manish/ros2_ws/install/visitor_agent/share/visitor_agent/package.zsh'
[1.035s] Level 1:colcon.colcon_core.environment:create_file_with_runtime_dependencies(/home/manish/ros2_ws/install/visitor_agent/share/colcon-core/packages/visitor_agent)
[1.036s] Level 1:colcon.colcon_core.shell:create_environment_hook('bi_agent', 'ros_package_path')
[1.037s] INFO:colcon.colcon_core.shell:Creating environment hook '/home/manish/ros2_ws/install/bi_agent/share/bi_agent/hook/ros_package_path.ps1'
[1.038s] INFO:colcon.colcon_core.shell:Creating environment descriptor '/home/manish/ros2_ws/install/bi_agent/share/bi_agent/hook/ros_package_path.dsv'
[1.040s] INFO:colcon.colcon_core.shell:Creating environment hook '/home/manish/ros2_ws/install/bi_agent/share/bi_agent/hook/ros_package_path.sh'
[1.041s] Level 1:colcon.colcon_core.shell:create_environment_hook('bi_agent', 'pkg_config_path')
[1.042s] INFO:colcon.colcon_core.shell:Creating environment hook '/home/manish/ros2_ws/install/bi_agent/share/bi_agent/hook/pkg_config_path.ps1'
[1.043s] INFO:colcon.colcon_core.shell:Creating environment descriptor '/home/manish/ros2_ws/install/bi_agent/share/bi_agent/hook/pkg_config_path.dsv'
[1.043s] INFO:colcon.colcon_core.shell:Creating environment hook '/home/manish/ros2_ws/install/bi_agent/share/bi_agent/hook/pkg_config_path.sh'
[1.044s] Level 1:colcon.colcon_core.shell:create_environment_hook('bi_agent', 'pkg_config_path_multiarch')
[1.044s] INFO:colcon.colcon_core.shell:Creating environment hook '/home/manish/ros2_ws/install/bi_agent/share/bi_agent/hook/pkg_config_path_multiarch.ps1'
[1.045s] INFO:colcon.colcon_core.shell:Creating environment descriptor '/home/manish/ros2_ws/install/bi_agent/share/bi_agent/hook/pkg_config_path_multiarch.dsv'
[1.045s] INFO:colcon.colcon_core.shell:Creating environment hook '/home/manish/ros2_ws/install/bi_agent/share/bi_agent/hook/pkg_config_path_multiarch.sh'
[1.046s] Level 1:colcon.colcon_core.environment:create_environment_scripts_only(bi_agent)
[1.046s] Level 1:colcon.colcon_core.environment:checking '/home/manish/ros2_ws/install/bi_agent' for CMake module files
[1.047s] Level 1:colcon.colcon_core.environment:checking '/home/manish/ros2_ws/install/bi_agent' for CMake config files
[1.047s] Level 1:colcon.colcon_core.shell:create_environment_hook('bi_agent', 'cmake_prefix_path')
[1.048s] INFO:colcon.colcon_core.shell:Creating environment hook '/home/manish/ros2_ws/install/bi_agent/share/bi_agent/hook/cmake_prefix_path.ps1'
[1.048s] INFO:colcon.colcon_core.shell:Creating environment descriptor '/home/manish/ros2_ws/install/bi_agent/share/bi_agent/hook/cmake_prefix_path.dsv'
[1.049s] INFO:colcon.colcon_core.shell:Creating environment hook '/home/manish/ros2_ws/install/bi_agent/share/bi_agent/hook/cmake_prefix_path.sh'
[1.051s] Level 1:colcon.colcon_core.environment:checking '/home/manish/ros2_ws/install/bi_agent/lib'
[1.051s] Level 1:colcon.colcon_core.environment:checking '/home/manish/ros2_ws/install/bi_agent/bin'
[1.051s] Level 1:colcon.colcon_core.environment:checking '/home/manish/ros2_ws/install/bi_agent/lib/pkgconfig/bi_agent.pc'
[1.051s] Level 1:colcon.colcon_core.environment:checking '/home/manish/ros2_ws/install/bi_agent/lib/python3.10/site-packages'
[1.052s] Level 1:colcon.colcon_core.environment:checking '/home/manish/ros2_ws/install/bi_agent/bin'
[1.052s] INFO:colcon.colcon_core.shell:Creating package script '/home/manish/ros2_ws/install/bi_agent/share/bi_agent/package.ps1'
[1.053s] INFO:colcon.colcon_core.shell:Creating package descriptor '/home/manish/ros2_ws/install/bi_agent/share/bi_agent/package.dsv'
[1.054s] INFO:colcon.colcon_core.shell:Creating package script '/home/manish/ros2_ws/install/bi_agent/share/bi_agent/package.sh'
[1.055s] INFO:colcon.colcon_core.shell:Creating package script '/home/manish/ros2_ws/install/bi_agent/share/bi_agent/package.bash'
[1.055s] INFO:colcon.colcon_core.shell:Creating package script '/home/manish/ros2_ws/install/bi_agent/share/bi_agent/package.zsh'
[1.055s] Level 1:colcon.colcon_core.environment:create_file_with_runtime_dependencies(/home/manish/ros2_ws/install/bi_agent/share/colcon-core/packages/bi_agent)
[1.056s] DEBUG:colcon.colcon_parallel_executor.executor.parallel:closing loop
[1.056s] DEBUG:colcon.colcon_parallel_executor.executor.parallel:loop closed
[1.057s] DEBUG:colcon.colcon_parallel_executor.executor.parallel:run_until_complete finished with '0'
[1.057s] DEBUG:colcon.colcon_core.event_reactor:joining thread
[1.115s] INFO:colcon.colcon_core.plugin_system:Skipping extension 'colcon_notification.desktop_notification.notify_send': Could not find 'notify-send'
[1.116s] INFO:colcon.colcon_core.plugin_system:Skipping extension 'colcon_notification.desktop_notification.terminal_notifier': Not used on non-Darwin systems
[1.116s] INFO:colcon.colcon_core.plugin_system:Skipping extension 'colcon_notification.desktop_notification.win32': Not used on non-Windows systems
[1.116s] INFO:colcon.colcon_notification.desktop_notification:Sending desktop notification using 'notify2'
[1.116s] DEBUG:colcon.colcon_notification.desktop_notification.notify2:Failed to initialize notify2: org.freedesktop.DBus.Error.FileNotFound: Failed to connect to socket /run/user/1000/bus: No such file or directory
[1.116s] DEBUG:colcon.colcon_core.event_reactor:joined thread
[1.117s] INFO:colcon.colcon_core.shell:Creating prefix script '/home/manish/ros2_ws/install/local_setup.ps1'
[1.118s] INFO:colcon.colcon_core.shell:Creating prefix util module '/home/manish/ros2_ws/install/_local_setup_util_ps1.py'
[1.119s] INFO:colcon.colcon_core.shell:Creating prefix chain script '/home/manish/ros2_ws/install/setup.ps1'
[1.121s] INFO:colcon.colcon_core.shell:Creating prefix script '/home/manish/ros2_ws/install/local_setup.sh'
[1.122s] INFO:colcon.colcon_core.shell:Creating prefix util module '/home/manish/ros2_ws/install/_local_setup_util_sh.py'
[1.122s] INFO:colcon.colcon_core.shell:Creating prefix chain script '/home/manish/ros2_ws/install/setup.sh'
[1.123s] INFO:colcon.colcon_core.shell:Creating prefix script '/home/manish/ros2_ws/install/local_setup.bash'
[1.124s] INFO:colcon.colcon_core.shell:Creating prefix chain script '/home/manish/ros2_ws/install/setup.bash'
[1.125s] INFO:colcon.colcon_core.shell:Creating prefix script '/home/manish/ros2_ws/install/local_setup.zsh'
[1.126s] INFO:colcon.colcon_core.shell:Creating prefix chain script '/home/manish/ros2_ws/install/setup.zsh'
