[0.253s] DEBUG:colcon:Command line arguments: ['/usr/bin/colcon', 'build']
[0.253s] DEBUG:colcon:Parsed command line arguments: Namespace(log_base=None, log_level=None, verb_name='build', build_base='build', install_base='install', merge_install=False, symlink_install=False, test_result_base=None, continue_on_error=False, executor='parallel', parallel_workers=8, event_handlers=None, ignore_user_meta=False, metas=['./colcon.meta'], base_paths=['.'], packages_ignore=None, packages_ignore_regex=None, paths=None, packages_up_to=None, packages_up_to_regex=None, packages_above=None, packages_above_and_dependencies=None, packages_above_depth=None, packages_select_by_dep=None, packages_skip_by_dep=None, packages_skip_up_to=None, packages_select_build_failed=False, packages_skip_build_finished=False, packages_select_test_failures=False, packages_skip_test_passed=False, packages_select=None, packages_skip=None, packages_select_regex=None, packages_skip_regex=None, packages_start=None, packages_end=None, allow_overriding=[], cmake_args=None, cmake_target=None, cmake_target_skip_unavailable=False, cmake_clean_cache=False, cmake_clean_first=False, cmake_force_configure=False, ament_cmake_args=None, catkin_cmake_args=None, catkin_skip_building_tests=False, mixin_files=None, mixin=None, verb_parser=<colcon_mixin.mixin.mixin_argument.MixinArgumentDecorator object at 0x7f1e30885a20>, verb_extension=<colcon_core.verb.build.BuildVerb object at 0x7f1e30a0c9a0>, main=<bound method BuildVerb.main of <colcon_core.verb.build.BuildVerb object at 0x7f1e30a0c9a0>>, mixin_verb=('build',))
[0.778s] Level 1:colcon.colcon_core.package_discovery:discover_packages(colcon_meta) check parameters
[0.778s] Level 1:colcon.colcon_core.package_discovery:discover_packages(recursive) check parameters
[0.778s] Level 1:colcon.colcon_core.package_discovery:discover_packages(ignore) check parameters
[0.778s] Level 1:colcon.colcon_core.package_discovery:discover_packages(path) check parameters
[0.778s] Level 1:colcon.colcon_core.package_discovery:discover_packages(colcon_meta) discover
[0.778s] Level 1:colcon.colcon_core.package_discovery:discover_packages(recursive) discover
[0.778s] INFO:colcon.colcon_core.package_discovery:Crawling recursively for packages in '/home/manish/ros2_ws'
[0.778s] Level 1:colcon.colcon_core.package_identification:_identify(.) by extensions ['ignore', 'ignore_ament_install']
[0.779s] Level 1:colcon.colcon_core.package_identification:_identify(.) by extension 'ignore'
[0.779s] Level 1:colcon.colcon_core.package_identification:_identify(.) by extension 'ignore_ament_install'
[0.779s] Level 1:colcon.colcon_core.package_identification:_identify(.) by extensions ['colcon_pkg']
[0.779s] Level 1:colcon.colcon_core.package_identification:_identify(.) by extension 'colcon_pkg'
[0.779s] Level 1:colcon.colcon_core.package_identification:_identify(.) by extensions ['colcon_meta']
[0.779s] Level 1:colcon.colcon_core.package_identification:_identify(.) by extension 'colcon_meta'
[0.779s] Level 1:colcon.colcon_core.package_identification:_identify(.) by extensions ['ros']
[0.779s] Level 1:colcon.colcon_core.package_identification:_identify(.) by extension 'ros'
[0.801s] Level 1:colcon.colcon_core.package_identification:_identify(.) by extensions ['cmake', 'python']
[0.801s] Level 1:colcon.colcon_core.package_identification:_identify(.) by extension 'cmake'
[0.801s] Level 1:colcon.colcon_core.package_identification:_identify(.) by extension 'python'
[0.801s] Level 1:colcon.colcon_core.package_identification:_identify(.) by extensions ['python_setup_py']
[0.801s] Level 1:colcon.colcon_core.package_identification:_identify(.) by extension 'python_setup_py'
[0.801s] Level 1:colcon.colcon_core.package_identification:_identify(build) by extensions ['ignore', 'ignore_ament_install']
[0.802s] Level 1:colcon.colcon_core.package_identification:_identify(build) by extension 'ignore'
[0.802s] Level 1:colcon.colcon_core.package_identification:_identify(build) ignored
[0.802s] Level 1:colcon.colcon_core.package_identification:_identify(install) by extensions ['ignore', 'ignore_ament_install']
[0.802s] Level 1:colcon.colcon_core.package_identification:_identify(install) by extension 'ignore'
[0.802s] Level 1:colcon.colcon_core.package_identification:_identify(install) ignored
[0.802s] Level 1:colcon.colcon_core.package_identification:_identify(log) by extensions ['ignore', 'ignore_ament_install']
[0.802s] Level 1:colcon.colcon_core.package_identification:_identify(log) by extension 'ignore'
[0.802s] Level 1:colcon.colcon_core.package_identification:_identify(log) ignored
[0.802s] Level 1:colcon.colcon_core.package_identification:_identify(src) by extensions ['ignore', 'ignore_ament_install']
[0.803s] Level 1:colcon.colcon_core.package_identification:_identify(src) by extension 'ignore'
[0.803s] Level 1:colcon.colcon_core.package_identification:_identify(src) by extension 'ignore_ament_install'
[0.803s] Level 1:colcon.colcon_core.package_identification:_identify(src) by extensions ['colcon_pkg']
[0.803s] Level 1:colcon.colcon_core.package_identification:_identify(src) by extension 'colcon_pkg'
[0.803s] Level 1:colcon.colcon_core.package_identification:_identify(src) by extensions ['colcon_meta']
[0.803s] Level 1:colcon.colcon_core.package_identification:_identify(src) by extension 'colcon_meta'
[0.803s] Level 1:colcon.colcon_core.package_identification:_identify(src) by extensions ['ros']
[0.803s] Level 1:colcon.colcon_core.package_identification:_identify(src) by extension 'ros'
[0.803s] Level 1:colcon.colcon_core.package_identification:_identify(src) by extensions ['cmake', 'python']
[0.803s] Level 1:colcon.colcon_core.package_identification:_identify(src) by extension 'cmake'
[0.803s] Level 1:colcon.colcon_core.package_identification:_identify(src) by extension 'python'
[0.803s] Level 1:colcon.colcon_core.package_identification:_identify(src) by extensions ['python_setup_py']
[0.803s] Level 1:colcon.colcon_core.package_identification:_identify(src) by extension 'python_setup_py'
[0.803s] Level 1:colcon.colcon_core.package_identification:_identify(src/bi_agent) by extensions ['ignore', 'ignore_ament_install']
[0.804s] Level 1:colcon.colcon_core.package_identification:_identify(src/bi_agent) by extension 'ignore'
[0.804s] Level 1:colcon.colcon_core.package_identification:_identify(src/bi_agent) by extension 'ignore_ament_install'
[0.804s] Level 1:colcon.colcon_core.package_identification:_identify(src/bi_agent) by extensions ['colcon_pkg']
[0.804s] Level 1:colcon.colcon_core.package_identification:_identify(src/bi_agent) by extension 'colcon_pkg'
[0.804s] Level 1:colcon.colcon_core.package_identification:_identify(src/bi_agent) by extensions ['colcon_meta']
[0.804s] Level 1:colcon.colcon_core.package_identification:_identify(src/bi_agent) by extension 'colcon_meta'
[0.804s] Level 1:colcon.colcon_core.package_identification:_identify(src/bi_agent) by extensions ['ros']
[0.804s] Level 1:colcon.colcon_core.package_identification:_identify(src/bi_agent) by extension 'ros'
[0.809s] DEBUG:colcon.colcon_core.package_identification:Package 'src/bi_agent' with type 'ros.catkin' and name 'bi_agent'
[0.809s] Level 1:colcon.colcon_core.package_identification:_identify(src/ci_agent) by extensions ['ignore', 'ignore_ament_install']
[0.809s] Level 1:colcon.colcon_core.package_identification:_identify(src/ci_agent) by extension 'ignore'
[0.809s] Level 1:colcon.colcon_core.package_identification:_identify(src/ci_agent) by extension 'ignore_ament_install'
[0.809s] Level 1:colcon.colcon_core.package_identification:_identify(src/ci_agent) by extensions ['colcon_pkg']
[0.809s] Level 1:colcon.colcon_core.package_identification:_identify(src/ci_agent) by extension 'colcon_pkg'
[0.810s] Level 1:colcon.colcon_core.package_identification:_identify(src/ci_agent) by extensions ['colcon_meta']
[0.810s] Level 1:colcon.colcon_core.package_identification:_identify(src/ci_agent) by extension 'colcon_meta'
[0.810s] Level 1:colcon.colcon_core.package_identification:_identify(src/ci_agent) by extensions ['ros']
[0.810s] Level 1:colcon.colcon_core.package_identification:_identify(src/ci_agent) by extension 'ros'
[0.811s] DEBUG:colcon.colcon_core.package_identification:Package 'src/ci_agent' with type 'ros.catkin' and name 'ci_agent'
[0.811s] Level 1:colcon.colcon_core.package_identification:_identify(src/map_visualization) by extensions ['ignore', 'ignore_ament_install']
[0.811s] Level 1:colcon.colcon_core.package_identification:_identify(src/map_visualization) by extension 'ignore'
[0.811s] Level 1:colcon.colcon_core.package_identification:_identify(src/map_visualization) by extension 'ignore_ament_install'
[0.811s] Level 1:colcon.colcon_core.package_identification:_identify(src/map_visualization) by extensions ['colcon_pkg']
[0.812s] Level 1:colcon.colcon_core.package_identification:_identify(src/map_visualization) by extension 'colcon_pkg'
[0.812s] Level 1:colcon.colcon_core.package_identification:_identify(src/map_visualization) by extensions ['colcon_meta']
[0.812s] Level 1:colcon.colcon_core.package_identification:_identify(src/map_visualization) by extension 'colcon_meta'
[0.812s] Level 1:colcon.colcon_core.package_identification:_identify(src/map_visualization) by extensions ['ros']
[0.812s] Level 1:colcon.colcon_core.package_identification:_identify(src/map_visualization) by extension 'ros'
[0.812s] Level 1:colcon.colcon_core.package_identification:_identify(src/map_visualization) by extensions ['cmake', 'python']
[0.812s] Level 1:colcon.colcon_core.package_identification:_identify(src/map_visualization) by extension 'cmake'
[0.812s] Level 1:colcon.colcon_core.package_identification:_identify(src/map_visualization) by extension 'python'
[0.812s] Level 1:colcon.colcon_core.package_identification:_identify(src/map_visualization) by extensions ['python_setup_py']
[0.812s] Level 1:colcon.colcon_core.package_identification:_identify(src/map_visualization) by extension 'python_setup_py'
[0.812s] Level 1:colcon.colcon_core.package_identification:_identify(src/visitor_agent) by extensions ['ignore', 'ignore_ament_install']
[0.812s] Level 1:colcon.colcon_core.package_identification:_identify(src/visitor_agent) by extension 'ignore'
[0.812s] Level 1:colcon.colcon_core.package_identification:_identify(src/visitor_agent) by extension 'ignore_ament_install'
[0.812s] Level 1:colcon.colcon_core.package_identification:_identify(src/visitor_agent) by extensions ['colcon_pkg']
[0.812s] Level 1:colcon.colcon_core.package_identification:_identify(src/visitor_agent) by extension 'colcon_pkg'
[0.813s] Level 1:colcon.colcon_core.package_identification:_identify(src/visitor_agent) by extensions ['colcon_meta']
[0.813s] Level 1:colcon.colcon_core.package_identification:_identify(src/visitor_agent) by extension 'colcon_meta'
[0.813s] Level 1:colcon.colcon_core.package_identification:_identify(src/visitor_agent) by extensions ['ros']
[0.813s] Level 1:colcon.colcon_core.package_identification:_identify(src/visitor_agent) by extension 'ros'
[0.814s] DEBUG:colcon.colcon_core.package_identification:Package 'src/visitor_agent' with type 'ros.catkin' and name 'visitor_agent'
[0.814s] Level 1:colcon.colcon_core.package_discovery:discover_packages(recursive) using defaults
[0.814s] Level 1:colcon.colcon_core.package_discovery:discover_packages(ignore) discover
[0.814s] Level 1:colcon.colcon_core.package_discovery:discover_packages(ignore) using defaults
[0.814s] Level 1:colcon.colcon_core.package_discovery:discover_packages(path) discover
[0.814s] Level 1:colcon.colcon_core.package_discovery:discover_packages(path) using defaults
[0.862s] Level 1:colcon.colcon_core.package_discovery:discover_packages(prefix_path) check parameters
[0.862s] Level 1:colcon.colcon_core.package_discovery:discover_packages(prefix_path) discover
[0.870s] DEBUG:colcon.colcon_installed_package_information.package_discovery:Found 3 installed packages in /home/manish/ros2_ws/install
[0.872s] DEBUG:colcon.colcon_installed_package_information.package_discovery:Found 270 installed packages in /opt/ros/humble
[0.888s] Level 1:colcon.colcon_core.package_discovery:discover_packages(prefix_path) using defaults
[1.036s] Level 5:colcon.colcon_core.verb:set package 'bi_agent' build argument 'cmake_args' from command line to 'None'
[1.036s] Level 5:colcon.colcon_core.verb:set package 'bi_agent' build argument 'cmake_target' from command line to 'None'
[1.036s] Level 5:colcon.colcon_core.verb:set package 'bi_agent' build argument 'cmake_target_skip_unavailable' from command line to 'False'
[1.036s] Level 5:colcon.colcon_core.verb:set package 'bi_agent' build argument 'cmake_clean_cache' from command line to 'False'
[1.036s] Level 5:colcon.colcon_core.verb:set package 'bi_agent' build argument 'cmake_clean_first' from command line to 'False'
[1.036s] Level 5:colcon.colcon_core.verb:set package 'bi_agent' build argument 'cmake_force_configure' from command line to 'False'
[1.036s] Level 5:colcon.colcon_core.verb:set package 'bi_agent' build argument 'ament_cmake_args' from command line to 'None'
[1.036s] Level 5:colcon.colcon_core.verb:set package 'bi_agent' build argument 'catkin_cmake_args' from command line to 'None'
[1.036s] Level 5:colcon.colcon_core.verb:set package 'bi_agent' build argument 'catkin_skip_building_tests' from command line to 'False'
[1.036s] DEBUG:colcon.colcon_core.verb:Building package 'bi_agent' with the following arguments: {'ament_cmake_args': None, 'build_base': '/home/manish/ros2_ws/build/bi_agent', 'catkin_cmake_args': None, 'catkin_skip_building_tests': False, 'cmake_args': None, 'cmake_clean_cache': False, 'cmake_clean_first': False, 'cmake_force_configure': False, 'cmake_target': None, 'cmake_target_skip_unavailable': False, 'install_base': '/home/manish/ros2_ws/install/bi_agent', 'merge_install': False, 'path': '/home/manish/ros2_ws/src/bi_agent', 'symlink_install': False, 'test_result_base': None}
[1.037s] Level 5:colcon.colcon_core.verb:set package 'ci_agent' build argument 'cmake_args' from command line to 'None'
[1.037s] Level 5:colcon.colcon_core.verb:set package 'ci_agent' build argument 'cmake_target' from command line to 'None'
[1.037s] Level 5:colcon.colcon_core.verb:set package 'ci_agent' build argument 'cmake_target_skip_unavailable' from command line to 'False'
[1.037s] Level 5:colcon.colcon_core.verb:set package 'ci_agent' build argument 'cmake_clean_cache' from command line to 'False'
[1.037s] Level 5:colcon.colcon_core.verb:set package 'ci_agent' build argument 'cmake_clean_first' from command line to 'False'
[1.037s] Level 5:colcon.colcon_core.verb:set package 'ci_agent' build argument 'cmake_force_configure' from command line to 'False'
[1.037s] Level 5:colcon.colcon_core.verb:set package 'ci_agent' build argument 'ament_cmake_args' from command line to 'None'
[1.037s] Level 5:colcon.colcon_core.verb:set package 'ci_agent' build argument 'catkin_cmake_args' from command line to 'None'
[1.037s] Level 5:colcon.colcon_core.verb:set package 'ci_agent' build argument 'catkin_skip_building_tests' from command line to 'False'
[1.037s] DEBUG:colcon.colcon_core.verb:Building package 'ci_agent' with the following arguments: {'ament_cmake_args': None, 'build_base': '/home/manish/ros2_ws/build/ci_agent', 'catkin_cmake_args': None, 'catkin_skip_building_tests': False, 'cmake_args': None, 'cmake_clean_cache': False, 'cmake_clean_first': False, 'cmake_force_configure': False, 'cmake_target': None, 'cmake_target_skip_unavailable': False, 'install_base': '/home/manish/ros2_ws/install/ci_agent', 'merge_install': False, 'path': '/home/manish/ros2_ws/src/ci_agent', 'symlink_install': False, 'test_result_base': None}
[1.038s] Level 5:colcon.colcon_core.verb:set package 'visitor_agent' build argument 'cmake_args' from command line to 'None'
[1.038s] Level 5:colcon.colcon_core.verb:set package 'visitor_agent' build argument 'cmake_target' from command line to 'None'
[1.038s] Level 5:colcon.colcon_core.verb:set package 'visitor_agent' build argument 'cmake_target_skip_unavailable' from command line to 'False'
[1.038s] Level 5:colcon.colcon_core.verb:set package 'visitor_agent' build argument 'cmake_clean_cache' from command line to 'False'
[1.038s] Level 5:colcon.colcon_core.verb:set package 'visitor_agent' build argument 'cmake_clean_first' from command line to 'False'
[1.038s] Level 5:colcon.colcon_core.verb:set package 'visitor_agent' build argument 'cmake_force_configure' from command line to 'False'
[1.038s] Level 5:colcon.colcon_core.verb:set package 'visitor_agent' build argument 'ament_cmake_args' from command line to 'None'
[1.038s] Level 5:colcon.colcon_core.verb:set package 'visitor_agent' build argument 'catkin_cmake_args' from command line to 'None'
[1.038s] Level 5:colcon.colcon_core.verb:set package 'visitor_agent' build argument 'catkin_skip_building_tests' from command line to 'False'
[1.038s] DEBUG:colcon.colcon_core.verb:Building package 'visitor_agent' with the following arguments: {'ament_cmake_args': None, 'build_base': '/home/manish/ros2_ws/build/visitor_agent', 'catkin_cmake_args': None, 'catkin_skip_building_tests': False, 'cmake_args': None, 'cmake_clean_cache': False, 'cmake_clean_first': False, 'cmake_force_configure': False, 'cmake_target': None, 'cmake_target_skip_unavailable': False, 'install_base': '/home/manish/ros2_ws/install/visitor_agent', 'merge_install': False, 'path': '/home/manish/ros2_ws/src/visitor_agent', 'symlink_install': False, 'test_result_base': None}
[1.038s] INFO:colcon.colcon_core.executor:Executing jobs using 'parallel' executor
[1.040s] DEBUG:colcon.colcon_parallel_executor.executor.parallel:run_until_complete
[1.040s] INFO:colcon.colcon_ros.task.catkin.build:Building ROS package in '/home/manish/ros2_ws/src/bi_agent' with build type 'catkin'
[1.041s] INFO:colcon.colcon_cmake.task.cmake.build:Building CMake package in '/home/manish/ros2_ws/src/bi_agent'
[1.049s] INFO:colcon.colcon_core.plugin_system:Skipping extension 'colcon_core.shell.bat': Not used on non-Windows systems
[1.049s] INFO:colcon.colcon_core.shell:Skip shell extension 'powershell' for command environment: Not usable outside of PowerShell
[1.049s] DEBUG:colcon.colcon_core.shell:Skip shell extension 'dsv' for command environment
[1.054s] INFO:colcon.colcon_ros.task.catkin.build:Building ROS package in '/home/manish/ros2_ws/src/ci_agent' with build type 'catkin'
[1.054s] INFO:colcon.colcon_cmake.task.cmake.build:Building CMake package in '/home/manish/ros2_ws/src/ci_agent'
[1.055s] INFO:colcon.colcon_core.shell:Skip shell extension 'powershell' for command environment: Not usable outside of PowerShell
[1.055s] DEBUG:colcon.colcon_core.shell:Skip shell extension 'dsv' for command environment
[1.060s] INFO:colcon.colcon_ros.task.catkin.build:Building ROS package in '/home/manish/ros2_ws/src/visitor_agent' with build type 'catkin'
[1.061s] INFO:colcon.colcon_cmake.task.cmake.build:Building CMake package in '/home/manish/ros2_ws/src/visitor_agent'
[1.061s] INFO:colcon.colcon_core.shell:Skip shell extension 'powershell' for command environment: Not usable outside of PowerShell
[1.062s] DEBUG:colcon.colcon_core.shell:Skip shell extension 'dsv' for command environment
[1.078s] DEBUG:colcon.colcon_core.event_handler.log_command:Invoking command in '/home/manish/ros2_ws/build/bi_agent': CONDA_PROMPT_MODIFIER=(auto) /usr/bin/cmake --build /home/manish/ros2_ws/build/bi_agent -- -j8 -l8
[1.086s] DEBUG:colcon.colcon_core.event_handler.log_command:Invoking command in '/home/manish/ros2_ws/build/ci_agent': CONDA_PROMPT_MODIFIER=(auto) /usr/bin/cmake --build /home/manish/ros2_ws/build/ci_agent -- -j8 -l8
[1.094s] DEBUG:colcon.colcon_core.event_handler.log_command:Invoking command in '/home/manish/ros2_ws/build/visitor_agent': CONDA_PROMPT_MODIFIER=(auto) /usr/bin/cmake --build /home/manish/ros2_ws/build/visitor_agent -- -j8 -l8
[1.182s] DEBUG:colcon.colcon_core.event_handler.log_command:Invoked command in '/home/manish/ros2_ws/build/visitor_agent' returned '0': CONDA_PROMPT_MODIFIER=(auto) /usr/bin/cmake --build /home/manish/ros2_ws/build/visitor_agent -- -j8 -l8
[1.184s] DEBUG:colcon.colcon_core.event_handler.log_command:Invoked command in '/home/manish/ros2_ws/build/bi_agent' returned '0': CONDA_PROMPT_MODIFIER=(auto) /usr/bin/cmake --build /home/manish/ros2_ws/build/bi_agent -- -j8 -l8
[1.189s] DEBUG:colcon.colcon_core.event_handler.log_command:Invoked command in '/home/manish/ros2_ws/build/ci_agent' returned '0': CONDA_PROMPT_MODIFIER=(auto) /usr/bin/cmake --build /home/manish/ros2_ws/build/ci_agent -- -j8 -l8
[1.251s] DEBUG:colcon.colcon_core.event_handler.log_command:Invoking command in '/home/manish/ros2_ws/build/visitor_agent': CONDA_PROMPT_MODIFIER=(auto) /usr/bin/cmake --install /home/manish/ros2_ws/build/visitor_agent
[1.258s] DEBUG:colcon.colcon_core.event_handler.log_command:Invoking command in '/home/manish/ros2_ws/build/bi_agent': CONDA_PROMPT_MODIFIER=(auto) /usr/bin/cmake --install /home/manish/ros2_ws/build/bi_agent
[1.261s] DEBUG:colcon.colcon_core.event_handler.log_command:Invoking command in '/home/manish/ros2_ws/build/ci_agent': CONDA_PROMPT_MODIFIER=(auto) /usr/bin/cmake --install /home/manish/ros2_ws/build/ci_agent
[1.276s] DEBUG:colcon.colcon_core.event_handler.log_command:Invoked command in '/home/manish/ros2_ws/build/visitor_agent' returned '0': CONDA_PROMPT_MODIFIER=(auto) /usr/bin/cmake --install /home/manish/ros2_ws/build/visitor_agent
[1.286s] DEBUG:colcon.colcon_core.event_handler.log_command:Invoked command in '/home/manish/ros2_ws/build/bi_agent' returned '0': CONDA_PROMPT_MODIFIER=(auto) /usr/bin/cmake --install /home/manish/ros2_ws/build/bi_agent
[1.292s] DEBUG:colcon.colcon_core.event_handler.log_command:Invoked command in '/home/manish/ros2_ws/build/ci_agent' returned '0': CONDA_PROMPT_MODIFIER=(auto) /usr/bin/cmake --install /home/manish/ros2_ws/build/ci_agent
[1.301s] Level 1:colcon.colcon_core.shell:create_environment_hook('visitor_agent', 'ros_package_path')
[1.302s] INFO:colcon.colcon_core.shell:Creating environment hook '/home/manish/ros2_ws/install/visitor_agent/share/visitor_agent/hook/ros_package_path.ps1'
[1.304s] INFO:colcon.colcon_core.shell:Creating environment descriptor '/home/manish/ros2_ws/install/visitor_agent/share/visitor_agent/hook/ros_package_path.dsv'
[1.305s] INFO:colcon.colcon_core.shell:Creating environment hook '/home/manish/ros2_ws/install/visitor_agent/share/visitor_agent/hook/ros_package_path.sh'
[1.309s] Level 1:colcon.colcon_core.shell:create_environment_hook('visitor_agent', 'pkg_config_path')
[1.310s] INFO:colcon.colcon_core.shell:Creating environment hook '/home/manish/ros2_ws/install/visitor_agent/share/visitor_agent/hook/pkg_config_path.ps1'
[1.311s] INFO:colcon.colcon_core.shell:Creating environment descriptor '/home/manish/ros2_ws/install/visitor_agent/share/visitor_agent/hook/pkg_config_path.dsv'
[1.312s] INFO:colcon.colcon_core.shell:Creating environment hook '/home/manish/ros2_ws/install/visitor_agent/share/visitor_agent/hook/pkg_config_path.sh'
[1.318s] Level 1:colcon.colcon_core.shell:create_environment_hook('visitor_agent', 'pkg_config_path_multiarch')
[1.319s] INFO:colcon.colcon_core.shell:Creating environment hook '/home/manish/ros2_ws/install/visitor_agent/share/visitor_agent/hook/pkg_config_path_multiarch.ps1'
[1.320s] INFO:colcon.colcon_core.shell:Creating environment descriptor '/home/manish/ros2_ws/install/visitor_agent/share/visitor_agent/hook/pkg_config_path_multiarch.dsv'
[1.321s] INFO:colcon.colcon_core.shell:Creating environment hook '/home/manish/ros2_ws/install/visitor_agent/share/visitor_agent/hook/pkg_config_path_multiarch.sh'
[1.323s] Level 1:colcon.colcon_core.environment:create_environment_scripts_only(visitor_agent)
[1.332s] Level 1:colcon.colcon_core.environment:checking '/home/manish/ros2_ws/install/visitor_agent' for CMake module files
[1.334s] Level 1:colcon.colcon_core.environment:checking '/home/manish/ros2_ws/install/visitor_agent' for CMake config files
[1.335s] Level 1:colcon.colcon_core.shell:create_environment_hook('visitor_agent', 'cmake_prefix_path')
[1.335s] INFO:colcon.colcon_core.shell:Creating environment hook '/home/manish/ros2_ws/install/visitor_agent/share/visitor_agent/hook/cmake_prefix_path.ps1'
[1.336s] INFO:colcon.colcon_core.shell:Creating environment descriptor '/home/manish/ros2_ws/install/visitor_agent/share/visitor_agent/hook/cmake_prefix_path.dsv'
[1.336s] INFO:colcon.colcon_core.shell:Creating environment hook '/home/manish/ros2_ws/install/visitor_agent/share/visitor_agent/hook/cmake_prefix_path.sh'
[1.337s] Level 1:colcon.colcon_core.environment:checking '/home/manish/ros2_ws/install/visitor_agent/lib'
[1.338s] Level 1:colcon.colcon_core.environment:checking '/home/manish/ros2_ws/install/visitor_agent/bin'
[1.338s] Level 1:colcon.colcon_core.environment:checking '/home/manish/ros2_ws/install/visitor_agent/lib/pkgconfig/visitor_agent.pc'
[1.339s] Level 1:colcon.colcon_core.environment:checking '/home/manish/ros2_ws/install/visitor_agent/lib/python3.10/site-packages'
[1.339s] Level 1:colcon.colcon_core.environment:checking '/home/manish/ros2_ws/install/visitor_agent/bin'
[1.340s] INFO:colcon.colcon_core.shell:Creating package script '/home/manish/ros2_ws/install/visitor_agent/share/visitor_agent/package.ps1'
[1.343s] INFO:colcon.colcon_core.shell:Creating package descriptor '/home/manish/ros2_ws/install/visitor_agent/share/visitor_agent/package.dsv'
[1.345s] INFO:colcon.colcon_core.shell:Creating package script '/home/manish/ros2_ws/install/visitor_agent/share/visitor_agent/package.sh'
[1.347s] INFO:colcon.colcon_core.shell:Creating package script '/home/manish/ros2_ws/install/visitor_agent/share/visitor_agent/package.bash'
[1.348s] INFO:colcon.colcon_core.shell:Creating package script '/home/manish/ros2_ws/install/visitor_agent/share/visitor_agent/package.zsh'
[1.350s] Level 1:colcon.colcon_core.environment:create_file_with_runtime_dependencies(/home/manish/ros2_ws/install/visitor_agent/share/colcon-core/packages/visitor_agent)
[1.352s] Level 1:colcon.colcon_core.shell:create_environment_hook('ci_agent', 'ros_package_path')
[1.353s] INFO:colcon.colcon_core.shell:Creating environment hook '/home/manish/ros2_ws/install/ci_agent/share/ci_agent/hook/ros_package_path.ps1'
[1.354s] INFO:colcon.colcon_core.shell:Creating environment descriptor '/home/manish/ros2_ws/install/ci_agent/share/ci_agent/hook/ros_package_path.dsv'
[1.355s] INFO:colcon.colcon_core.shell:Creating environment hook '/home/manish/ros2_ws/install/ci_agent/share/ci_agent/hook/ros_package_path.sh'
[1.355s] Level 1:colcon.colcon_core.shell:create_environment_hook('ci_agent', 'pkg_config_path')
[1.356s] INFO:colcon.colcon_core.shell:Creating environment hook '/home/manish/ros2_ws/install/ci_agent/share/ci_agent/hook/pkg_config_path.ps1'
[1.356s] INFO:colcon.colcon_core.shell:Creating environment descriptor '/home/manish/ros2_ws/install/ci_agent/share/ci_agent/hook/pkg_config_path.dsv'
[1.357s] INFO:colcon.colcon_core.shell:Creating environment hook '/home/manish/ros2_ws/install/ci_agent/share/ci_agent/hook/pkg_config_path.sh'
[1.358s] Level 1:colcon.colcon_core.shell:create_environment_hook('ci_agent', 'pkg_config_path_multiarch')
[1.358s] INFO:colcon.colcon_core.shell:Creating environment hook '/home/manish/ros2_ws/install/ci_agent/share/ci_agent/hook/pkg_config_path_multiarch.ps1'
[1.359s] INFO:colcon.colcon_core.shell:Creating environment descriptor '/home/manish/ros2_ws/install/ci_agent/share/ci_agent/hook/pkg_config_path_multiarch.dsv'
[1.359s] INFO:colcon.colcon_core.shell:Creating environment hook '/home/manish/ros2_ws/install/ci_agent/share/ci_agent/hook/pkg_config_path_multiarch.sh'
[1.360s] Level 1:colcon.colcon_core.environment:create_environment_scripts_only(ci_agent)
[1.361s] Level 1:colcon.colcon_core.environment:checking '/home/manish/ros2_ws/install/ci_agent' for CMake module files
[1.362s] Level 1:colcon.colcon_core.environment:checking '/home/manish/ros2_ws/install/ci_agent' for CMake config files
[1.364s] Level 1:colcon.colcon_core.shell:create_environment_hook('ci_agent', 'cmake_prefix_path')
[1.365s] INFO:colcon.colcon_core.shell:Creating environment hook '/home/manish/ros2_ws/install/ci_agent/share/ci_agent/hook/cmake_prefix_path.ps1'
[1.366s] INFO:colcon.colcon_core.shell:Creating environment descriptor '/home/manish/ros2_ws/install/ci_agent/share/ci_agent/hook/cmake_prefix_path.dsv'
[1.366s] INFO:colcon.colcon_core.shell:Creating environment hook '/home/manish/ros2_ws/install/ci_agent/share/ci_agent/hook/cmake_prefix_path.sh'
[1.367s] Level 1:colcon.colcon_core.environment:checking '/home/manish/ros2_ws/install/ci_agent/lib'
[1.368s] Level 1:colcon.colcon_core.environment:checking '/home/manish/ros2_ws/install/ci_agent/bin'
[1.368s] Level 1:colcon.colcon_core.environment:checking '/home/manish/ros2_ws/install/ci_agent/lib/pkgconfig/ci_agent.pc'
[1.368s] Level 1:colcon.colcon_core.environment:checking '/home/manish/ros2_ws/install/ci_agent/lib/python3.10/site-packages'
[1.369s] Level 1:colcon.colcon_core.environment:checking '/home/manish/ros2_ws/install/ci_agent/bin'
[1.369s] INFO:colcon.colcon_core.shell:Creating package script '/home/manish/ros2_ws/install/ci_agent/share/ci_agent/package.ps1'
[1.370s] INFO:colcon.colcon_core.shell:Creating package descriptor '/home/manish/ros2_ws/install/ci_agent/share/ci_agent/package.dsv'
[1.371s] INFO:colcon.colcon_core.shell:Creating package script '/home/manish/ros2_ws/install/ci_agent/share/ci_agent/package.sh'
[1.371s] INFO:colcon.colcon_core.shell:Creating package script '/home/manish/ros2_ws/install/ci_agent/share/ci_agent/package.bash'
[1.372s] INFO:colcon.colcon_core.shell:Creating package script '/home/manish/ros2_ws/install/ci_agent/share/ci_agent/package.zsh'
[1.372s] Level 1:colcon.colcon_core.environment:create_file_with_runtime_dependencies(/home/manish/ros2_ws/install/ci_agent/share/colcon-core/packages/ci_agent)
[1.373s] Level 1:colcon.colcon_core.shell:create_environment_hook('bi_agent', 'ros_package_path')
[1.374s] INFO:colcon.colcon_core.shell:Creating environment hook '/home/manish/ros2_ws/install/bi_agent/share/bi_agent/hook/ros_package_path.ps1'
[1.376s] INFO:colcon.colcon_core.shell:Creating environment descriptor '/home/manish/ros2_ws/install/bi_agent/share/bi_agent/hook/ros_package_path.dsv'
[1.377s] INFO:colcon.colcon_core.shell:Creating environment hook '/home/manish/ros2_ws/install/bi_agent/share/bi_agent/hook/ros_package_path.sh'
[1.377s] Level 1:colcon.colcon_core.shell:create_environment_hook('bi_agent', 'pkg_config_path')
[1.378s] INFO:colcon.colcon_core.shell:Creating environment hook '/home/manish/ros2_ws/install/bi_agent/share/bi_agent/hook/pkg_config_path.ps1'
[1.379s] INFO:colcon.colcon_core.shell:Creating environment descriptor '/home/manish/ros2_ws/install/bi_agent/share/bi_agent/hook/pkg_config_path.dsv'
[1.379s] INFO:colcon.colcon_core.shell:Creating environment hook '/home/manish/ros2_ws/install/bi_agent/share/bi_agent/hook/pkg_config_path.sh'
[1.380s] Level 1:colcon.colcon_core.shell:create_environment_hook('bi_agent', 'pkg_config_path_multiarch')
[1.380s] INFO:colcon.colcon_core.shell:Creating environment hook '/home/manish/ros2_ws/install/bi_agent/share/bi_agent/hook/pkg_config_path_multiarch.ps1'
[1.381s] INFO:colcon.colcon_core.shell:Creating environment descriptor '/home/manish/ros2_ws/install/bi_agent/share/bi_agent/hook/pkg_config_path_multiarch.dsv'
[1.381s] INFO:colcon.colcon_core.shell:Creating environment hook '/home/manish/ros2_ws/install/bi_agent/share/bi_agent/hook/pkg_config_path_multiarch.sh'
[1.382s] Level 1:colcon.colcon_core.environment:create_environment_scripts_only(bi_agent)
[1.382s] Level 1:colcon.colcon_core.environment:checking '/home/manish/ros2_ws/install/bi_agent' for CMake module files
[1.383s] Level 1:colcon.colcon_core.environment:checking '/home/manish/ros2_ws/install/bi_agent' for CMake config files
[1.385s] Level 1:colcon.colcon_core.shell:create_environment_hook('bi_agent', 'cmake_prefix_path')
[1.385s] INFO:colcon.colcon_core.shell:Creating environment hook '/home/manish/ros2_ws/install/bi_agent/share/bi_agent/hook/cmake_prefix_path.ps1'
[1.386s] INFO:colcon.colcon_core.shell:Creating environment descriptor '/home/manish/ros2_ws/install/bi_agent/share/bi_agent/hook/cmake_prefix_path.dsv'
[1.386s] INFO:colcon.colcon_core.shell:Creating environment hook '/home/manish/ros2_ws/install/bi_agent/share/bi_agent/hook/cmake_prefix_path.sh'
[1.387s] Level 1:colcon.colcon_core.environment:checking '/home/manish/ros2_ws/install/bi_agent/lib'
[1.387s] Level 1:colcon.colcon_core.environment:checking '/home/manish/ros2_ws/install/bi_agent/bin'
[1.387s] Level 1:colcon.colcon_core.environment:checking '/home/manish/ros2_ws/install/bi_agent/lib/pkgconfig/bi_agent.pc'
[1.387s] Level 1:colcon.colcon_core.environment:checking '/home/manish/ros2_ws/install/bi_agent/lib/python3.10/site-packages'
[1.388s] Level 1:colcon.colcon_core.environment:checking '/home/manish/ros2_ws/install/bi_agent/bin'
[1.388s] INFO:colcon.colcon_core.shell:Creating package script '/home/manish/ros2_ws/install/bi_agent/share/bi_agent/package.ps1'
[1.389s] INFO:colcon.colcon_core.shell:Creating package descriptor '/home/manish/ros2_ws/install/bi_agent/share/bi_agent/package.dsv'
[1.391s] INFO:colcon.colcon_core.shell:Creating package script '/home/manish/ros2_ws/install/bi_agent/share/bi_agent/package.sh'
[1.393s] INFO:colcon.colcon_core.shell:Creating package script '/home/manish/ros2_ws/install/bi_agent/share/bi_agent/package.bash'
[1.393s] INFO:colcon.colcon_core.shell:Creating package script '/home/manish/ros2_ws/install/bi_agent/share/bi_agent/package.zsh'
[1.395s] Level 1:colcon.colcon_core.environment:create_file_with_runtime_dependencies(/home/manish/ros2_ws/install/bi_agent/share/colcon-core/packages/bi_agent)
[1.395s] DEBUG:colcon.colcon_parallel_executor.executor.parallel:closing loop
[1.397s] DEBUG:colcon.colcon_parallel_executor.executor.parallel:loop closed
[1.397s] DEBUG:colcon.colcon_parallel_executor.executor.parallel:run_until_complete finished with '0'
[1.398s] DEBUG:colcon.colcon_core.event_reactor:joining thread
[1.467s] INFO:colcon.colcon_core.plugin_system:Skipping extension 'colcon_notification.desktop_notification.notify_send': Could not find 'notify-send'
[1.467s] INFO:colcon.colcon_core.plugin_system:Skipping extension 'colcon_notification.desktop_notification.terminal_notifier': Not used on non-Darwin systems
[1.468s] INFO:colcon.colcon_core.plugin_system:Skipping extension 'colcon_notification.desktop_notification.win32': Not used on non-Windows systems
[1.468s] INFO:colcon.colcon_notification.desktop_notification:Sending desktop notification using 'notify2'
[1.468s] DEBUG:colcon.colcon_notification.desktop_notification.notify2:Failed to initialize notify2: org.freedesktop.DBus.Error.FileNotFound: Failed to connect to socket /run/user/1000/bus: No such file or directory
[1.468s] DEBUG:colcon.colcon_core.event_reactor:joined thread
[1.469s] INFO:colcon.colcon_core.shell:Creating prefix script '/home/manish/ros2_ws/install/local_setup.ps1'
[1.472s] INFO:colcon.colcon_core.shell:Creating prefix util module '/home/manish/ros2_ws/install/_local_setup_util_ps1.py'
[1.474s] INFO:colcon.colcon_core.shell:Creating prefix chain script '/home/manish/ros2_ws/install/setup.ps1'
[1.477s] INFO:colcon.colcon_core.shell:Creating prefix script '/home/manish/ros2_ws/install/local_setup.sh'
[1.479s] INFO:colcon.colcon_core.shell:Creating prefix util module '/home/manish/ros2_ws/install/_local_setup_util_sh.py'
[1.479s] INFO:colcon.colcon_core.shell:Creating prefix chain script '/home/manish/ros2_ws/install/setup.sh'
[1.482s] INFO:colcon.colcon_core.shell:Creating prefix script '/home/manish/ros2_ws/install/local_setup.bash'
[1.484s] INFO:colcon.colcon_core.shell:Creating prefix chain script '/home/manish/ros2_ws/install/setup.bash'
[1.486s] INFO:colcon.colcon_core.shell:Creating prefix script '/home/manish/ros2_ws/install/local_setup.zsh'
[1.487s] INFO:colcon.colcon_core.shell:Creating prefix chain script '/home/manish/ros2_ws/install/setup.zsh'
